<?xml version="1.0" encoding="UTF-8"?>
<!-- Generated by org.testng.reporters.JUnitXMLReporter -->
<testsuite hostname="AswinikumarsMBP.lan" name="Default test" tests="49" failures="0" timestamp="8 Dec 2020 18:14:23 GMT" time="507.883" errors="0">
  <testcase name="@BeforeTest beforeClass" time="0.0" classname="twc.Regression.TestCases.regressionTestCases">
    <failure type="org.openqa.selenium.WebDriverException" message="An unknown server-side error occurred while processing the command. Original error: Could not proxy. Proxy error: Could not proxy command to remote server. Original error: Error: connect ECONNREFUSED 127.0.0.1:8200 (WARNING: The server did not provide any stacktrace information)
Command duration or timeout: 6 milliseconds
Build info: version: &amp;apos;2.51.0&amp;apos;, revision: &amp;apos;1af067dbcaedd7d2ab9af5151fc471d363d97193&amp;apos;, time: &amp;apos;2016-02-05 11:20:57&amp;apos;
System info: host: &amp;apos;AswinikumarsMBP.lan&amp;apos;, ip: &amp;apos;192.168.1.15&amp;apos;, os.name: &amp;apos;Mac OS X&amp;apos;, os.arch: &amp;apos;x86_64&amp;apos;, os.version: &amp;apos;10.16&amp;apos;, java.version: &amp;apos;1.8.0_181&amp;apos;
Driver info: io.appium.java_client.android.AndroidDriver
Capabilities [{appPackage=com.weather.Weather, statBarHeight=98, noReset=true, viewportRect={top=98, left=0, width=1440, height=2614}, deviceName=803KPXV1599674, noRest=true, platform=LINUX, deviceUDID=803KPXV1599674, desired={appPackage=com.weather.Weather, appActivity=com.weather.Weather.app.SplashScreenActivity, noReset=true, newCommandTimeout=100000, platformVersion=11.0, platformName=Android, deviceName=Samsung S6, noRest=true}, newCommandTimeout=100000, platformVersion=11, webStorageEnabled=false, takesScreenshot=true, javascriptEnabled=true, platformName=Android, deviceApiLevel=30, deviceManufacturer=Google, deviceScreenSize=1440x2880, networkConnectionEnabled=true, warnings={}, databaseEnabled=false, appActivity=com.weather.Weather.app.SplashScreenActivity, pixelRatio=3.5, locationContextEnabled=false, deviceScreenDensity=560, deviceModel=Pixel 2 XL}]
Session ID: 009a2d0a-e464-4640-b24b-0891346a08a9">
      <![CDATA[org.openqa.selenium.WebDriverException: An unknown server-side error occurred while processing the command. Original error: Could not proxy. Proxy error: Could not proxy command to remote server. Original error: Error: connect ECONNREFUSED 127.0.0.1:8200 (WARNING: The server did not provide any stacktrace information)
Command duration or timeout: 6 milliseconds
Build info: version: '2.51.0', revision: '1af067dbcaedd7d2ab9af5151fc471d363d97193', time: '2016-02-05 11:20:57'
System info: host: 'AswinikumarsMBP.lan', ip: '192.168.1.15', os.name: 'Mac OS X', os.arch: 'x86_64', os.version: '10.16', java.version: '1.8.0_181'
Driver info: io.appium.java_client.android.AndroidDriver
Capabilities [{appPackage=com.weather.Weather, statBarHeight=98, noReset=true, viewportRect={top=98, left=0, width=1440, height=2614}, deviceName=803KPXV1599674, noRest=true, platform=LINUX, deviceUDID=803KPXV1599674, desired={appPackage=com.weather.Weather, appActivity=com.weather.Weather.app.SplashScreenActivity, noReset=true, newCommandTimeout=100000, platformVersion=11.0, platformName=Android, deviceName=Samsung S6, noRest=true}, newCommandTimeout=100000, platformVersion=11, webStorageEnabled=false, takesScreenshot=true, javascriptEnabled=true, platformName=Android, deviceApiLevel=30, deviceManufacturer=Google, deviceScreenSize=1440x2880, networkConnectionEnabled=true, warnings={}, databaseEnabled=false, appActivity=com.weather.Weather.app.SplashScreenActivity, pixelRatio=3.5, locationContextEnabled=false, deviceScreenDensity=560, deviceModel=Pixel 2 XL}]
Session ID: 009a2d0a-e464-4640-b24b-0891346a08a9
	at sun.reflect.NativeConstructorAccessorImpl.newInstance0(Native Method)
	at sun.reflect.NativeConstructorAccessorImpl.newInstance(NativeConstructorAccessorImpl.java:62)
	at sun.reflect.DelegatingConstructorAccessorImpl.newInstance(DelegatingConstructorAccessorImpl.java:45)
	at java.lang.reflect.Constructor.newInstance(Constructor.java:423)
	at org.openqa.selenium.remote.ErrorHandler.createThrowable(ErrorHandler.java:206)
	at org.openqa.selenium.remote.ErrorHandler.throwIfResponseFailed(ErrorHandler.java:158)
	at org.openqa.selenium.remote.RemoteWebDriver.execute(RemoteWebDriver.java:678)
	at io.appium.java_client.DefaultGenericMobileDriver.execute(DefaultGenericMobileDriver.java:40)
	at io.appium.java_client.AppiumDriver.execute(AppiumDriver.java:1)
	at io.appium.java_client.android.AndroidDriver.execute(AndroidDriver.java:1)
	at org.openqa.selenium.remote.RemoteWebDriver$RemoteWebDriverOptions$RemoteWindow.getSize(RemoteWebDriver.java:914)
	at twc.Regression.HandleWithAppium.AppiumFunctions.Swipe_feed(AppiumFunctions.java:1216)
	at twc.Regression.HandleWithAppium.AppiumFunctions.SwipeUp_Counter_custparam(AppiumFunctions.java:1069)
	at twc.Regression.TestCases.regressionTestCases.beforeClass(regressionTestCases.java:304)
	at sun.reflect.NativeMethodAccessorImpl.invoke0(Native Method)
	at sun.reflect.NativeMethodAccessorImpl.invoke(NativeMethodAccessorImpl.java:62)
	at sun.reflect.DelegatingMethodAccessorImpl.invoke(DelegatingMethodAccessorImpl.java:43)
	at java.lang.reflect.Method.invoke(Method.java:498)
	at org.testng.internal.MethodInvocationHelper.invokeMethod(MethodInvocationHelper.java:85)
	at org.testng.internal.Invoker.invokeConfigurationMethod(Invoker.java:517)
	at org.testng.internal.Invoker.invokeConfigurations(Invoker.java:213)
	at org.testng.internal.Invoker.invokeConfigurations(Invoker.java:140)
	at org.testng.TestRunner.beforeRun(TestRunner.java:645)
	at org.testng.TestRunner.run(TestRunner.java:613)
	at org.testng.SuiteRunner.runTest(SuiteRunner.java:357)
	at org.testng.SuiteRunner.runSequentially(SuiteRunner.java:352)
	at org.testng.SuiteRunner.privateRun(SuiteRunner.java:310)
	at org.testng.SuiteRunner.run(SuiteRunner.java:259)
	at org.testng.SuiteRunnerWorker.runSuite(SuiteRunnerWorker.java:52)
	at org.testng.SuiteRunnerWorker.run(SuiteRunnerWorker.java:86)
	at org.testng.TestNG.runSuitesSequentially(TestNG.java:1199)
	at org.testng.TestNG.runSuitesLocally(TestNG.java:1124)
	at org.testng.TestNG.run(TestNG.java:1032)
	at org.testng.remote.AbstractRemoteTestNG.run(AbstractRemoteTestNG.java:115)
	at org.testng.remote.RemoteTestNG.initAndRun(RemoteTestNG.java:251)
	at org.testng.remote.RemoteTestNG.main(RemoteTestNG.java:77)
]]>
    </failure>
  </testcase> <!-- @BeforeTest beforeClass -->
  <testcase name="C333213_Verify_cust_param_adid" time="0.003" classname="twc.Regression.TestCases.regressionTestCases">
    <skipped/>
  </testcase> <!-- C333213_Verify_cust_param_adid -->
  <testcase name="C333213_Verify_cust_param_ltv" time="0.004" classname="twc.Regression.TestCases.regressionTestCases">
    <skipped/>
  </testcase> <!-- C333213_Verify_cust_param_ltv -->
  <testcase name="C333213_Verify_cust_param_aid" time="0.002" classname="twc.Regression.TestCases.regressionTestCases">
    <skipped/>
  </testcase> <!-- C333213_Verify_cust_param_aid -->
  <testcase name="C333200_Verify_cust_param_ord" time="0.003" classname="twc.Regression.TestCases.regressionTestCases">
    <skipped/>
  </testcase> <!-- C333200_Verify_cust_param_ord -->
  <testcase name="C333219_Verify_cust_param_ver" time="0.002" classname="twc.Regression.TestCases.regressionTestCases">
    <skipped/>
  </testcase> <!-- C333219_Verify_cust_param_ver -->
  <testcase name="C658716_Verify_cust_param_tf" time="0.003" classname="twc.Regression.TestCases.regressionTestCases">
    <skipped/>
  </testcase> <!-- C658716_Verify_cust_param_tf -->
  <testcase name="C658711_Verify_cust_param_lang" time="0.002" classname="twc.Regression.TestCases.regressionTestCases">
    <skipped/>
  </testcase> <!-- C658711_Verify_cust_param_lang -->
  <testcase name="C658712_Verify_cust_param_plat" time="0.002" classname="twc.Regression.TestCases.regressionTestCases">
    <skipped/>
  </testcase> <!-- C658712_Verify_cust_param_plat -->
  <testcase name="C333218_Verify_cust_param_pos" time="0.002" classname="twc.Regression.TestCases.regressionTestCases">
    <skipped/>
  </testcase> <!-- C333218_Verify_cust_param_pos -->
  <testcase name="C333205_Verify_cust_param_tile" time="0.002" classname="twc.Regression.TestCases.regressionTestCases">
    <skipped/>
  </testcase> <!-- C333205_Verify_cust_param_tile -->
  <testcase name="C333216_Verify_cust_param_cnd" time="0.002" classname="twc.Regression.TestCases.regressionTestCases">
    <skipped/>
  </testcase> <!-- C333216_Verify_cust_param_cnd -->
  <testcase name="C333212_Verify_cust_param_ct" time="0.002" classname="twc.Regression.TestCases.regressionTestCases">
    <skipped/>
  </testcase> <!-- C333212_Verify_cust_param_ct -->
  <testcase name="C333203_Verify_cust_param_dma" time="0.002" classname="twc.Regression.TestCases.regressionTestCases">
    <skipped/>
  </testcase> <!-- C333203_Verify_cust_param_dma -->
  <testcase name="C628160_Verify_Parameter_DyNght" time="0.002" classname="twc.Regression.TestCases.regressionTestCases">
    <skipped/>
  </testcase> <!-- C628160_Verify_Parameter_DyNght -->
  <testcase name="C333209_Verify_cust_param_cc" time="0.002" classname="twc.Regression.TestCases.regressionTestCases">
    <skipped/>
  </testcase> <!-- C333209_Verify_cust_param_cc -->
  <testcase name="C333208_Verify_cust_param_tmp" time="0.002" classname="twc.Regression.TestCases.regressionTestCases">
    <skipped/>
  </testcase> <!-- C333208_Verify_cust_param_tmp -->
  <testcase name="C333217_Verify_cust_param_tmpr" time="0.002" classname="twc.Regression.TestCases.regressionTestCases">
    <skipped/>
  </testcase> <!-- C333217_Verify_cust_param_tmpr -->
  <testcase name="C333239_Verify_cust_param_tmpc" time="0.002" classname="twc.Regression.TestCases.regressionTestCases">
    <skipped/>
  </testcase> <!-- C333239_Verify_cust_param_tmpc -->
  <testcase name="C333202_Verify_cust_param_zip" time="0.001" classname="twc.Regression.TestCases.regressionTestCases">
    <skipped/>
  </testcase> <!-- C333202_Verify_cust_param_zip -->
  <testcase name="C333221_Verify_cust_param_wind" time="0.002" classname="twc.Regression.TestCases.regressionTestCases">
    <skipped/>
  </testcase> <!-- C333221_Verify_cust_param_wind -->
  <testcase name="C333224_Verify_cust_param_uv" time="0.002" classname="twc.Regression.TestCases.regressionTestCases">
    <skipped/>
  </testcase> <!-- C333224_Verify_cust_param_uv -->
  <testcase name="C333232_Verify_cust_param_fltmpc" time="0.001" classname="twc.Regression.TestCases.regressionTestCases">
    <skipped/>
  </testcase> <!-- C333232_Verify_cust_param_fltmpc -->
  <testcase name="C333228_Verify_cust_param_wfxtg" time="0.001" classname="twc.Regression.TestCases.regressionTestCases">
    <skipped/>
  </testcase> <!-- C333228_Verify_cust_param_wfxtg -->
  <testcase name="Smoke_Test_Verify_DailyDetails_IntegratedVideoadcall_iu" time="0.002" classname="twc.Regression.TestCases.regressionTestCases">
    <skipped/>
  </testcase> <!-- Smoke_Test_Verify_DailyDetails_IntegratedVideoadcall_iu -->
  <testcase name="Smoke_Test_Verify_DailyDetails_Integratedadcall_iu" time="0.001" classname="twc.Regression.TestCases.regressionTestCases">
    <skipped/>
  </testcase> <!-- Smoke_Test_Verify_DailyDetails_Integratedadcall_iu -->
  <testcase name="Smoke_Test_Verify_DailyDetails_IntegratedVideoadcall_Size" time="0.001" classname="twc.Regression.TestCases.regressionTestCases">
    <skipped/>
  </testcase> <!-- Smoke_Test_Verify_DailyDetails_IntegratedVideoadcall_Size -->
  <testcase name="Smoke_Test_Verify_DailyDetails_Integratedadcall_Size" time="0.002" classname="twc.Regression.TestCases.regressionTestCases">
    <skipped/>
  </testcase> <!-- Smoke_Test_Verify_DailyDetails_Integratedadcall_Size -->
  <testcase name="Smoke_Test_Verify_DailyDetails_Response_and_IM_Videoad_loading_on_screen" time="0.002" classname="twc.Regression.TestCases.regressionTestCases">
    <skipped/>
  </testcase> <!-- Smoke_Test_Verify_DailyDetails_Response_and_IM_Videoad_loading_on_screen -->
  <testcase name="Smoke_Test_Verify_DailyDetails_Response_and_IM_ad_loading_on_screen" time="0.001" classname="twc.Regression.TestCases.regressionTestCases">
    <skipped/>
  </testcase> <!-- Smoke_Test_Verify_DailyDetails_Response_and_IM_ad_loading_on_screen -->
  <testcase name="Smoke_Test_Verify_DailyIntegratedDetails_FG_Assest_URL" time="0.001" classname="twc.Regression.TestCases.regressionTestCases">
    <skipped/>
  </testcase> <!-- Smoke_Test_Verify_DailyIntegratedDetails_FG_Assest_URL -->
  <testcase name="Smoke_Test_Verify_DailyIntegratedVideo_FG_Assest_URL" time="0.001" classname="twc.Regression.TestCases.regressionTestCases">
    <skipped/>
  </testcase> <!-- Smoke_Test_Verify_DailyIntegratedVideo_FG_Assest_URL -->
  <testcase name="Smoke_Test_Verify_DailyIntegratedDetails_BG_Assest_URL" time="0.002" classname="twc.Regression.TestCases.regressionTestCases">
    <skipped/>
  </testcase> <!-- Smoke_Test_Verify_DailyIntegratedDetails_BG_Assest_URL -->
  <testcase name="Smoke_Test_Verify_DailyIntegratedVideo_BG_Assest_URL" time="0.001" classname="twc.Regression.TestCases.regressionTestCases">
    <skipped/>
  </testcase> <!-- Smoke_Test_Verify_DailyIntegratedVideo_BG_Assest_URL -->
  <testcase name="Smoke_Test_Verify_watson_FluCard_iu" time="0.002" classname="twc.Regression.TestCases.regressionTestCases">
    <skipped/>
  </testcase> <!-- Smoke_Test_Verify_watson_FluCard_iu -->
  <testcase name="Smoke_Test_Verify_watson_AllergyCard_iu" time="0.001" classname="twc.Regression.TestCases.regressionTestCases">
    <skipped/>
  </testcase> <!-- Smoke_Test_Verify_watson_AllergyCard_iu -->
  <testcase name="Smoke_Test_Verify_Weekendcard_iu" time="0.001" classname="twc.Regression.TestCases.regressionTestCases">
    <skipped/>
  </testcase> <!-- Smoke_Test_Verify_Weekendcard_iu -->
  <testcase name="Smoke_Test_Verify_Weekend_Card_iu" time="0.002" classname="twc.Regression.TestCases.regressionTestCases">
    <skipped/>
  </testcase> <!-- Smoke_Test_Verify_Weekend_Card_iu -->
  <testcase name="Smoke_Test_Verify_Size_Weekend_Card_adcall" time="0.002" classname="twc.Regression.TestCases.regressionTestCases">
    <skipped/>
  </testcase> <!-- Smoke_Test_Verify_Size_Weekend_Card_adcall -->
  <testcase name="Smoke_Test_Verify_Size_WeekAhead_Card_adcall" time="0.001" classname="twc.Regression.TestCases.regressionTestCases">
    <skipped/>
  </testcase> <!-- Smoke_Test_Verify_Size_WeekAhead_Card_adcall -->
  <testcase name="Smoke_Test_Verify_Size_WM_Allergy_Card_adcall" time="0.002" classname="twc.Regression.TestCases.regressionTestCases">
    <skipped/>
  </testcase> <!-- Smoke_Test_Verify_Size_WM_Allergy_Card_adcall -->
  <testcase name="Smoke_Test_Verify_Size_WM_Flu_Card_adcall" time="0.001" classname="twc.Regression.TestCases.regressionTestCases">
    <skipped/>
  </testcase> <!-- Smoke_Test_Verify_Size_WM_Flu_Card_adcall -->
  <testcase name="Smoke_Test_Verify_response_WM_Allergy_Card_adcall" time="0.001" classname="twc.Regression.TestCases.regressionTestCases">
    <skipped/>
  </testcase> <!-- Smoke_Test_Verify_response_WM_Allergy_Card_adcall -->
  <testcase name="Smoke_Test_Verify_response__WMFlu_adcall" time="0.001" classname="twc.Regression.TestCases.regressionTestCases">
    <skipped/>
  </testcase> <!-- Smoke_Test_Verify_response__WMFlu_adcall -->
  <testcase name="Smoke_Test_Verify_response__WeekAhead_Card_adcall" time="0.002" classname="twc.Regression.TestCases.regressionTestCases">
    <skipped/>
  </testcase> <!-- Smoke_Test_Verify_response__WeekAhead_Card_adcall -->
  <testcase name="Smoke_Test_Verify_response__Weekend_Card_adcall" time="0.001" classname="twc.Regression.TestCases.regressionTestCases">
    <skipped/>
  </testcase> <!-- Smoke_Test_Verify_response__Weekend_Card_adcall -->
  <testcase name="Smoke_Test_Weekend_pos_Custom_param" time="0.001" classname="twc.Regression.TestCases.regressionTestCases">
    <skipped/>
  </testcase> <!-- Smoke_Test_Weekend_pos_Custom_param -->
  <testcase name="Smoke_Test_WeekAhead_pos_Custom_param" time="0.002" classname="twc.Regression.TestCases.regressionTestCases">
    <skipped/>
  </testcase> <!-- Smoke_Test_WeekAhead_pos_Custom_param -->
  <testcase name="Smoke_Test_WM_Allergy_pos_Custom_param" time="0.001" classname="twc.Regression.TestCases.regressionTestCases">
    <skipped/>
  </testcase> <!-- Smoke_Test_WM_Allergy_pos_Custom_param -->
  <testcase name="Smoke_Test_WM_Flu_pos_Custom_param" time="0.001" classname="twc.Regression.TestCases.regressionTestCases">
    <skipped/>
  </testcase> <!-- Smoke_Test_WM_Flu_pos_Custom_param -->
</testsuite> <!-- Default test -->
