<?xml version="1.0" encoding="UTF-8" standalone="yes"?>
<ns2:test-suite start="1607444065295" stop="1607445320103" version="1.5.4" xmlns:ns2="urn:model.allure.qatools.yandex.ru">
    <name>Default suite : Default test</name>
    <title>Default suite : Default test</title>
    <test-cases>
        <test-case start="1607445168089" stop="1607445178586" status="passed">
            <name>C333213_Verify_cust_param_adid</name>
            <title>Verify custom parameter adid</title>
            <steps>
                <step start="1607444065580" stop="1607444065581" status="passed">
                    <name>logStep[Starting Charles headless: false using port: 8333]</name>
                    <title>Starting Charles headless: false using port: 8333</title>
                    <attachments/>
                    <steps/>
                </step>
                <step start="1607444065634" stop="1607444065634" status="passed">
                    <name>logStep[Error while executing: http://control.charles]</name>
                    <title>Error while executing: http://control.charles</title>
                    <attachments/>
                    <steps/>
                </step>
                <step start="1607444065634" stop="1607444065634" status="passed">
                    <name>logStep[Error: Connection refused (Connection refused)]</name>
                    <title>Error: Connection refused (Connection refused)</title>
                    <attachments/>
                    <steps/>
                </step>
                <step start="1607444065636" stop="1607444065636" status="passed">
                    <name>logStep[input command /Applications/Charles.app/Contents/MacOS/Charles -config charles_common.config.port8333]</name>
                    <title>input command /Applications/Charles.app/Contents/MacOS/Charles -config charles_common.config.port8333</title>
                    <attachments/>
                    <steps/>
                </step>
                <step start="1607444095669" stop="1607444095669" status="passed">
                    <name>logStep[Url :http://control.charles Responded with status code : 200]</name>
                    <title>Url :http://control.charles Responded with status code : 200</title>
                    <attachments/>
                    <steps/>
                </step>
                <step start="1607444095677" stop="1607444095677" status="passed">
                    <name>logStep[Url :http://control.charles/tools/rewrite/disable Responded with status code : 200]</name>
                    <title>Url :http://control.charles/tools/rewrite/disable Responded with status code : 200</title>
                    <attachments/>
                    <steps/>
                </step>
                <step start="1607444095687" stop="1607444095687" status="passed">
                    <name>logStep[Url :http://control.charles/recording/stop Responded with status code : 200]</name>
                    <title>Url :http://control.charles/recording/stop Responded with status code : 200</title>
                    <attachments/>
                    <steps/>
                </step>
                <step start="1607444095692" stop="1607444095692" status="passed">
                    <name>logStep[Url :http://control.charles/tools/map-local/disable Responded with status code : 200]</name>
                    <title>Url :http://control.charles/tools/map-local/disable Responded with status code : 200</title>
                    <attachments/>
                    <steps/>
                </step>
                <step start="1607444095709" stop="1607444095709" status="passed">
                    <name>logStep[Url :http://control.charles/recording/start Responded with status code : 200]</name>
                    <title>Url :http://control.charles/recording/start Responded with status code : 200</title>
                    <attachments/>
                    <steps/>
                </step>
                <step start="1607444095715" stop="1607444095715" status="passed">
                    <name>logStep[Url :http://control.charles/session/clear Responded with status code : 200]</name>
                    <title>Url :http://control.charles/session/clear Responded with status code : 200</title>
                    <attachments/>
                    <steps/>
                </step>
                <step start="1607444526544" stop="1607444526544" status="passed">
                    <name>logStep[Clicking on View More]</name>
                    <title>Clicking on View More</title>
                    <attachments/>
                    <steps/>
                </step>
                <step start="1607444526838" stop="1607444526838" status="passed">
                    <name>logStep[Clicking on About this App]</name>
                    <title>Clicking on About this App</title>
                    <attachments/>
                    <steps/>
                </step>
                <step start="1607444643391" stop="1607444643391" status="passed">
                    <name>logStep[clicking video element]</name>
                    <title>clicking video element</title>
                    <attachments/>
                    <steps/>
                </step>
                <step start="1607444706748" stop="1607444706748" status="passed">
                    <name>logStep[clicking hourly details element]</name>
                    <title>clicking hourly details element</title>
                    <attachments/>
                    <steps/>
                </step>
                <step start="1607444838483" stop="1607444838483" status="passed">
                    <name>logStep[clicking daily details element]</name>
                    <title>clicking daily details element</title>
                    <attachments/>
                    <steps/>
                </step>
                <step start="1607445166707" stop="1607445166707" status="passed">
                    <name>logStep[Charles Download path is: /Users/aswinikumar/Documents/adsandroid-automation-master/Android_Regression/CapturedS...]</name>
                    <title>Charles Download path is: /Users/aswinikumar/Documents/adsandroid-automation-master/Android_Regression/CapturedSessionFi...</title>
                    <attachments/>
                    <steps/>
                </step>
                <step start="1607445166708" stop="1607445166708" status="passed">
                    <name>logStep[To be saved file: /Users/aswinikumar/Documents/adsandroid-automation-master/Android_Regression/CapturedSessionFi...]</name>
                    <title>To be saved file: /Users/aswinikumar/Documents/adsandroid-automation-master/Android_Regression/CapturedSessionFile/Charl...</title>
                    <attachments/>
                    <steps/>
                </step>
                <step start="1607445166709" stop="1607445166709" status="passed">
                    <name>logStep[Create new file that is empty and writable]</name>
                    <title>Create new file that is empty and writable</title>
                    <attachments/>
                    <steps/>
                </step>
                <step start="1607445166709" stop="1607445166709" status="passed">
                    <name>logStep[Downloading Charles HAR file to: /Users/aswinikumar/Documents/adsandroid-automation-master/Android_Regression/Ca...]</name>
                    <title>Downloading Charles HAR file to: /Users/aswinikumar/Documents/adsandroid-automation-master/Android_Regression/CapturedSe...</title>
                    <attachments/>
                    <steps/>
                </step>
                <step start="1607445167909" stop="1607445167910" status="passed">
                    <name>logStep[File download complete]</name>
                    <title>File download complete</title>
                    <attachments/>
                    <steps/>
                </step>
                <step start="1607445167913" stop="1607445167913" status="passed">
                    <name>logStep[Har file size (mb): 81.281855]</name>
                    <title>Har file size (mb): 81.281855</title>
                    <attachments/>
                    <steps/>
                </step>
                <step start="1607445169804" stop="1607445169804" status="passed">
                    <name>logStep[Verifing :iu=%2F7646%2Fapp_android_us%2Fdb_display%2Fhome_screen%2Fmarquee Pub Ad Call custParamadid]</name>
                    <title>Verifing :iu=%2F7646%2Fapp_android_us%2Fdb_display%2Fhome_screen%2Fmarquee Pub Ad Call custParamadid</title>
                    <attachments/>
                    <steps/>
                </step>
                <step start="1607445173271" stop="1607445173271" status="passed">
                    <name>logStep[PubAd adid Data : 639164593ba7aa99c97f86ef876ec897eb40938d]</name>
                    <title>PubAd adid Data : 639164593ba7aa99c97f86ef876ec897eb40938d</title>
                    <attachments/>
                    <steps/>
                </step>
                <step start="1607445173271" stop="1607445173271" status="passed">
                    <name>logStep[Result Pass]</name>
                    <title>Result Pass</title>
                    <attachments/>
                    <steps/>
                </step>
                <step start="1607445173858" stop="1607445173858" status="passed">
                    <name>logStep[Verifing :iu=%2F7646%2Fapp_android_us%2Fdb_display%2Ffeed%2Ffeed_1 Pub Ad Call custParamadid]</name>
                    <title>Verifing :iu=%2F7646%2Fapp_android_us%2Fdb_display%2Ffeed%2Ffeed_1 Pub Ad Call custParamadid</title>
                    <attachments/>
                    <steps/>
                </step>
                <step start="1607445176274" stop="1607445176274" status="passed">
                    <name>logStep[PubAd adid Data : 639164593ba7aa99c97f86ef876ec897eb40938d]</name>
                    <title>PubAd adid Data : 639164593ba7aa99c97f86ef876ec897eb40938d</title>
                    <attachments/>
                    <steps/>
                </step>
                <step start="1607445176274" stop="1607445176274" status="passed">
                    <name>logStep[Result Pass]</name>
                    <title>Result Pass</title>
                    <attachments/>
                    <steps/>
                </step>
                <step start="1607445176706" stop="1607445176706" status="passed">
                    <name>logStep[Verifing :iu=%2F7646%2Fapp_android_us%2Fdb_display%2Fdetails%2Fhourly Pub Ad Call custParamadid]</name>
                    <title>Verifing :iu=%2F7646%2Fapp_android_us%2Fdb_display%2Fdetails%2Fhourly Pub Ad Call custParamadid</title>
                    <attachments/>
                    <steps/>
                </step>
                <step start="1607445178575" stop="1607445178575" status="passed">
                    <name>logStep[PubAd adid Data : 639164593ba7aa99c97f86ef876ec897eb40938d]</name>
                    <title>PubAd adid Data : 639164593ba7aa99c97f86ef876ec897eb40938d</title>
                    <attachments/>
                    <steps/>
                </step>
                <step start="1607445178575" stop="1607445178575" status="passed">
                    <name>logStep[Result Pass]</name>
                    <title>Result Pass</title>
                    <attachments/>
                    <steps/>
                </step>
            </steps>
            <attachments/>
            <labels>
                <label name="testSuite" value="Default suite"/>
                <label name="testGroup" value="Default test"/>
                <label name="testClass" value="twc.Regression.TestCases.regressionTestCases"/>
                <label name="testMethod" value="C333213_Verify_cust_param_adid"/>
                <label name="host" value="AswinikumarsMBP.lan"/>
                <label name="thread" value="23739@AswinikumarsMBP.lan.main(1)"/>
            </labels>
        </test-case>
        <test-case start="1607445168089" stop="1607445178586" status="passed">
            <name>C333213_Verify_cust_param_adid</name>
            <title>Verify custom parameter adid</title>
            <steps>
                <step start="1607444065580" stop="1607444065581" status="passed">
                    <name>logStep[Starting Charles headless: false using port: 8333]</name>
                    <title>Starting Charles headless: false using port: 8333</title>
                    <attachments/>
                    <steps/>
                </step>
                <step start="1607444065634" stop="1607444065634" status="passed">
                    <name>logStep[Error while executing: http://control.charles]</name>
                    <title>Error while executing: http://control.charles</title>
                    <attachments/>
                    <steps/>
                </step>
                <step start="1607444065634" stop="1607444065634" status="passed">
                    <name>logStep[Error: Connection refused (Connection refused)]</name>
                    <title>Error: Connection refused (Connection refused)</title>
                    <attachments/>
                    <steps/>
                </step>
                <step start="1607444065636" stop="1607444065636" status="passed">
                    <name>logStep[input command /Applications/Charles.app/Contents/MacOS/Charles -config charles_common.config.port8333]</name>
                    <title>input command /Applications/Charles.app/Contents/MacOS/Charles -config charles_common.config.port8333</title>
                    <attachments/>
                    <steps/>
                </step>
                <step start="1607444095669" stop="1607444095669" status="passed">
                    <name>logStep[Url :http://control.charles Responded with status code : 200]</name>
                    <title>Url :http://control.charles Responded with status code : 200</title>
                    <attachments/>
                    <steps/>
                </step>
                <step start="1607444095677" stop="1607444095677" status="passed">
                    <name>logStep[Url :http://control.charles/tools/rewrite/disable Responded with status code : 200]</name>
                    <title>Url :http://control.charles/tools/rewrite/disable Responded with status code : 200</title>
                    <attachments/>
                    <steps/>
                </step>
                <step start="1607444095687" stop="1607444095687" status="passed">
                    <name>logStep[Url :http://control.charles/recording/stop Responded with status code : 200]</name>
                    <title>Url :http://control.charles/recording/stop Responded with status code : 200</title>
                    <attachments/>
                    <steps/>
                </step>
                <step start="1607444095692" stop="1607444095692" status="passed">
                    <name>logStep[Url :http://control.charles/tools/map-local/disable Responded with status code : 200]</name>
                    <title>Url :http://control.charles/tools/map-local/disable Responded with status code : 200</title>
                    <attachments/>
                    <steps/>
                </step>
                <step start="1607444095709" stop="1607444095709" status="passed">
                    <name>logStep[Url :http://control.charles/recording/start Responded with status code : 200]</name>
                    <title>Url :http://control.charles/recording/start Responded with status code : 200</title>
                    <attachments/>
                    <steps/>
                </step>
                <step start="1607444095715" stop="1607444095715" status="passed">
                    <name>logStep[Url :http://control.charles/session/clear Responded with status code : 200]</name>
                    <title>Url :http://control.charles/session/clear Responded with status code : 200</title>
                    <attachments/>
                    <steps/>
                </step>
                <step start="1607444526544" stop="1607444526544" status="passed">
                    <name>logStep[Clicking on View More]</name>
                    <title>Clicking on View More</title>
                    <attachments/>
                    <steps/>
                </step>
                <step start="1607444526838" stop="1607444526838" status="passed">
                    <name>logStep[Clicking on About this App]</name>
                    <title>Clicking on About this App</title>
                    <attachments/>
                    <steps/>
                </step>
                <step start="1607444643391" stop="1607444643391" status="passed">
                    <name>logStep[clicking video element]</name>
                    <title>clicking video element</title>
                    <attachments/>
                    <steps/>
                </step>
                <step start="1607444706748" stop="1607444706748" status="passed">
                    <name>logStep[clicking hourly details element]</name>
                    <title>clicking hourly details element</title>
                    <attachments/>
                    <steps/>
                </step>
                <step start="1607444838483" stop="1607444838483" status="passed">
                    <name>logStep[clicking daily details element]</name>
                    <title>clicking daily details element</title>
                    <attachments/>
                    <steps/>
                </step>
                <step start="1607445166707" stop="1607445166707" status="passed">
                    <name>logStep[Charles Download path is: /Users/aswinikumar/Documents/adsandroid-automation-master/Android_Regression/CapturedS...]</name>
                    <title>Charles Download path is: /Users/aswinikumar/Documents/adsandroid-automation-master/Android_Regression/CapturedSessionFi...</title>
                    <attachments/>
                    <steps/>
                </step>
                <step start="1607445166708" stop="1607445166708" status="passed">
                    <name>logStep[To be saved file: /Users/aswinikumar/Documents/adsandroid-automation-master/Android_Regression/CapturedSessionFi...]</name>
                    <title>To be saved file: /Users/aswinikumar/Documents/adsandroid-automation-master/Android_Regression/CapturedSessionFile/Charl...</title>
                    <attachments/>
                    <steps/>
                </step>
                <step start="1607445166709" stop="1607445166709" status="passed">
                    <name>logStep[Create new file that is empty and writable]</name>
                    <title>Create new file that is empty and writable</title>
                    <attachments/>
                    <steps/>
                </step>
                <step start="1607445166709" stop="1607445166709" status="passed">
                    <name>logStep[Downloading Charles HAR file to: /Users/aswinikumar/Documents/adsandroid-automation-master/Android_Regression/Ca...]</name>
                    <title>Downloading Charles HAR file to: /Users/aswinikumar/Documents/adsandroid-automation-master/Android_Regression/CapturedSe...</title>
                    <attachments/>
                    <steps/>
                </step>
                <step start="1607445167909" stop="1607445167910" status="passed">
                    <name>logStep[File download complete]</name>
                    <title>File download complete</title>
                    <attachments/>
                    <steps/>
                </step>
                <step start="1607445167913" stop="1607445167913" status="passed">
                    <name>logStep[Har file size (mb): 81.281855]</name>
                    <title>Har file size (mb): 81.281855</title>
                    <attachments/>
                    <steps/>
                </step>
                <step start="1607445169804" stop="1607445169804" status="passed">
                    <name>logStep[Verifing :iu=%2F7646%2Fapp_android_us%2Fdb_display%2Fhome_screen%2Fmarquee Pub Ad Call custParamadid]</name>
                    <title>Verifing :iu=%2F7646%2Fapp_android_us%2Fdb_display%2Fhome_screen%2Fmarquee Pub Ad Call custParamadid</title>
                    <attachments/>
                    <steps/>
                </step>
                <step start="1607445173271" stop="1607445173271" status="passed">
                    <name>logStep[PubAd adid Data : 639164593ba7aa99c97f86ef876ec897eb40938d]</name>
                    <title>PubAd adid Data : 639164593ba7aa99c97f86ef876ec897eb40938d</title>
                    <attachments/>
                    <steps/>
                </step>
                <step start="1607445173271" stop="1607445173271" status="passed">
                    <name>logStep[Result Pass]</name>
                    <title>Result Pass</title>
                    <attachments/>
                    <steps/>
                </step>
                <step start="1607445173858" stop="1607445173858" status="passed">
                    <name>logStep[Verifing :iu=%2F7646%2Fapp_android_us%2Fdb_display%2Ffeed%2Ffeed_1 Pub Ad Call custParamadid]</name>
                    <title>Verifing :iu=%2F7646%2Fapp_android_us%2Fdb_display%2Ffeed%2Ffeed_1 Pub Ad Call custParamadid</title>
                    <attachments/>
                    <steps/>
                </step>
                <step start="1607445176274" stop="1607445176274" status="passed">
                    <name>logStep[PubAd adid Data : 639164593ba7aa99c97f86ef876ec897eb40938d]</name>
                    <title>PubAd adid Data : 639164593ba7aa99c97f86ef876ec897eb40938d</title>
                    <attachments/>
                    <steps/>
                </step>
                <step start="1607445176274" stop="1607445176274" status="passed">
                    <name>logStep[Result Pass]</name>
                    <title>Result Pass</title>
                    <attachments/>
                    <steps/>
                </step>
                <step start="1607445176706" stop="1607445176706" status="passed">
                    <name>logStep[Verifing :iu=%2F7646%2Fapp_android_us%2Fdb_display%2Fdetails%2Fhourly Pub Ad Call custParamadid]</name>
                    <title>Verifing :iu=%2F7646%2Fapp_android_us%2Fdb_display%2Fdetails%2Fhourly Pub Ad Call custParamadid</title>
                    <attachments/>
                    <steps/>
                </step>
                <step start="1607445178575" stop="1607445178575" status="passed">
                    <name>logStep[PubAd adid Data : 639164593ba7aa99c97f86ef876ec897eb40938d]</name>
                    <title>PubAd adid Data : 639164593ba7aa99c97f86ef876ec897eb40938d</title>
                    <attachments/>
                    <steps/>
                </step>
                <step start="1607445178575" stop="1607445178575" status="passed">
                    <name>logStep[Result Pass]</name>
                    <title>Result Pass</title>
                    <attachments/>
                    <steps/>
                </step>
            </steps>
            <attachments/>
            <labels>
                <label name="testSuite" value="Default suite"/>
                <label name="testGroup" value="Default test"/>
                <label name="testClass" value="twc.Regression.TestCases.regressionTestCases"/>
                <label name="testMethod" value="C333213_Verify_cust_param_adid"/>
                <label name="host" value="AswinikumarsMBP.lan"/>
                <label name="thread" value="23739@AswinikumarsMBP.lan.main(1)"/>
            </labels>
        </test-case>
        <test-case start="1607445178593" stop="1607445187148" status="passed">
            <name>C333213_Verify_cust_param_aid</name>
            <title>Verify custom parameter aid</title>
            <steps>
                <step start="1607445179376" stop="1607445179376" status="passed">
                    <name>logStep[Verifing :iu=%2F7646%2Fapp_android_us%2Fdb_display%2Fhome_screen%2Fmarquee Pub Ad Call custParamaid]</name>
                    <title>Verifing :iu=%2F7646%2Fapp_android_us%2Fdb_display%2Fhome_screen%2Fmarquee Pub Ad Call custParamaid</title>
                    <attachments/>
                    <steps/>
                </step>
                <step start="1607445182017" stop="1607445182017" status="passed">
                    <name>logStep[PubAd aid Data : 551305818p04e54495l998010pnx1nq1nor1]</name>
                    <title>PubAd aid Data : 551305818p04e54495l998010pnx1nq1nor1</title>
                    <attachments/>
                    <steps/>
                </step>
                <step start="1607445182017" stop="1607445182017" status="passed">
                    <name>logStep[Result Pass]</name>
                    <title>Result Pass</title>
                    <attachments/>
                    <steps/>
                </step>
                <step start="1607445182377" stop="1607445182377" status="passed">
                    <name>logStep[Verifing :iu=%2F7646%2Fapp_android_us%2Fdb_display%2Ffeed%2Ffeed_1 Pub Ad Call custParamaid]</name>
                    <title>Verifing :iu=%2F7646%2Fapp_android_us%2Fdb_display%2Ffeed%2Ffeed_1 Pub Ad Call custParamaid</title>
                    <attachments/>
                    <steps/>
                </step>
                <step start="1607445185004" stop="1607445185004" status="passed">
                    <name>logStep[PubAd aid Data : 551305818p04e54495l998010pnx1nq1nor1]</name>
                    <title>PubAd aid Data : 551305818p04e54495l998010pnx1nq1nor1</title>
                    <attachments/>
                    <steps/>
                </step>
                <step start="1607445185004" stop="1607445185004" status="passed">
                    <name>logStep[Result Pass]</name>
                    <title>Result Pass</title>
                    <attachments/>
                    <steps/>
                </step>
                <step start="1607445185407" stop="1607445185407" status="passed">
                    <name>logStep[Verifing :iu=%2F7646%2Fapp_android_us%2Fdb_display%2Fdetails%2Fhourly Pub Ad Call custParamaid]</name>
                    <title>Verifing :iu=%2F7646%2Fapp_android_us%2Fdb_display%2Fdetails%2Fhourly Pub Ad Call custParamaid</title>
                    <attachments/>
                    <steps/>
                </step>
                <step start="1607445187136" stop="1607445187136" status="passed">
                    <name>logStep[PubAd aid Data : 551305818p04e54495l998010pnx1nq1nor1]</name>
                    <title>PubAd aid Data : 551305818p04e54495l998010pnx1nq1nor1</title>
                    <attachments/>
                    <steps/>
                </step>
                <step start="1607445187137" stop="1607445187137" status="passed">
                    <name>logStep[Result Pass]</name>
                    <title>Result Pass</title>
                    <attachments/>
                    <steps/>
                </step>
            </steps>
            <attachments/>
            <labels>
                <label name="testSuite" value="Default suite"/>
                <label name="testGroup" value="Default test"/>
                <label name="testClass" value="twc.Regression.TestCases.regressionTestCases"/>
                <label name="testMethod" value="C333213_Verify_cust_param_aid"/>
                <label name="host" value="AswinikumarsMBP.lan"/>
                <label name="thread" value="23739@AswinikumarsMBP.lan.main(1)"/>
            </labels>
        </test-case>
        <test-case start="1607445178593" stop="1607445187148" status="passed">
            <name>C333213_Verify_cust_param_aid</name>
            <title>Verify custom parameter aid</title>
            <steps>
                <step start="1607445179376" stop="1607445179376" status="passed">
                    <name>logStep[Verifing :iu=%2F7646%2Fapp_android_us%2Fdb_display%2Fhome_screen%2Fmarquee Pub Ad Call custParamaid]</name>
                    <title>Verifing :iu=%2F7646%2Fapp_android_us%2Fdb_display%2Fhome_screen%2Fmarquee Pub Ad Call custParamaid</title>
                    <attachments/>
                    <steps/>
                </step>
                <step start="1607445182017" stop="1607445182017" status="passed">
                    <name>logStep[PubAd aid Data : 551305818p04e54495l998010pnx1nq1nor1]</name>
                    <title>PubAd aid Data : 551305818p04e54495l998010pnx1nq1nor1</title>
                    <attachments/>
                    <steps/>
                </step>
                <step start="1607445182017" stop="1607445182017" status="passed">
                    <name>logStep[Result Pass]</name>
                    <title>Result Pass</title>
                    <attachments/>
                    <steps/>
                </step>
                <step start="1607445182377" stop="1607445182377" status="passed">
                    <name>logStep[Verifing :iu=%2F7646%2Fapp_android_us%2Fdb_display%2Ffeed%2Ffeed_1 Pub Ad Call custParamaid]</name>
                    <title>Verifing :iu=%2F7646%2Fapp_android_us%2Fdb_display%2Ffeed%2Ffeed_1 Pub Ad Call custParamaid</title>
                    <attachments/>
                    <steps/>
                </step>
                <step start="1607445185004" stop="1607445185004" status="passed">
                    <name>logStep[PubAd aid Data : 551305818p04e54495l998010pnx1nq1nor1]</name>
                    <title>PubAd aid Data : 551305818p04e54495l998010pnx1nq1nor1</title>
                    <attachments/>
                    <steps/>
                </step>
                <step start="1607445185004" stop="1607445185004" status="passed">
                    <name>logStep[Result Pass]</name>
                    <title>Result Pass</title>
                    <attachments/>
                    <steps/>
                </step>
                <step start="1607445185407" stop="1607445185407" status="passed">
                    <name>logStep[Verifing :iu=%2F7646%2Fapp_android_us%2Fdb_display%2Fdetails%2Fhourly Pub Ad Call custParamaid]</name>
                    <title>Verifing :iu=%2F7646%2Fapp_android_us%2Fdb_display%2Fdetails%2Fhourly Pub Ad Call custParamaid</title>
                    <attachments/>
                    <steps/>
                </step>
                <step start="1607445187136" stop="1607445187136" status="passed">
                    <name>logStep[PubAd aid Data : 551305818p04e54495l998010pnx1nq1nor1]</name>
                    <title>PubAd aid Data : 551305818p04e54495l998010pnx1nq1nor1</title>
                    <attachments/>
                    <steps/>
                </step>
                <step start="1607445187137" stop="1607445187137" status="passed">
                    <name>logStep[Result Pass]</name>
                    <title>Result Pass</title>
                    <attachments/>
                    <steps/>
                </step>
            </steps>
            <attachments/>
            <labels>
                <label name="testSuite" value="Default suite"/>
                <label name="testGroup" value="Default test"/>
                <label name="testClass" value="twc.Regression.TestCases.regressionTestCases"/>
                <label name="testMethod" value="C333213_Verify_cust_param_aid"/>
                <label name="host" value="AswinikumarsMBP.lan"/>
                <label name="thread" value="23739@AswinikumarsMBP.lan.main(1)"/>
            </labels>
        </test-case>
        <test-case start="1607445187155" stop="1607445195304" status="passed">
            <name>C333200_Verify_cust_param_ord</name>
            <title>Verify custom parameter ord</title>
            <steps>
                <step start="1607445187814" stop="1607445187814" status="passed">
                    <name>logStep[Verifing :iu=%2F7646%2Fapp_android_us%2Fdb_display%2Fhome_screen%2Fmarquee Pub Ad Call custParamord]</name>
                    <title>Verifing :iu=%2F7646%2Fapp_android_us%2Fdb_display%2Fhome_screen%2Fmarquee Pub Ad Call custParamord</title>
                    <attachments/>
                    <steps/>
                </step>
                <step start="1607445190270" stop="1607445190270" status="passed">
                    <name>logStep[PubAd ord Data : 5939675869]</name>
                    <title>PubAd ord Data : 5939675869</title>
                    <attachments/>
                    <steps/>
                </step>
                <step start="1607445190270" stop="1607445190270" status="passed">
                    <name>logStep[Result Pass]</name>
                    <title>Result Pass</title>
                    <attachments/>
                    <steps/>
                </step>
                <step start="1607445190627" stop="1607445190627" status="passed">
                    <name>logStep[Verifing :iu=%2F7646%2Fapp_android_us%2Fdb_display%2Ffeed%2Ffeed_1 Pub Ad Call custParamord]</name>
                    <title>Verifing :iu=%2F7646%2Fapp_android_us%2Fdb_display%2Ffeed%2Ffeed_1 Pub Ad Call custParamord</title>
                    <attachments/>
                    <steps/>
                </step>
                <step start="1607445193179" stop="1607445193179" status="passed">
                    <name>logStep[PubAd ord Data : 8433548600]</name>
                    <title>PubAd ord Data : 8433548600</title>
                    <attachments/>
                    <steps/>
                </step>
                <step start="1607445193179" stop="1607445193179" status="passed">
                    <name>logStep[Result Pass]</name>
                    <title>Result Pass</title>
                    <attachments/>
                    <steps/>
                </step>
                <step start="1607445193539" stop="1607445193539" status="passed">
                    <name>logStep[Verifing :iu=%2F7646%2Fapp_android_us%2Fdb_display%2Fdetails%2Fhourly Pub Ad Call custParamord]</name>
                    <title>Verifing :iu=%2F7646%2Fapp_android_us%2Fdb_display%2Fdetails%2Fhourly Pub Ad Call custParamord</title>
                    <attachments/>
                    <steps/>
                </step>
                <step start="1607445195297" stop="1607445195297" status="passed">
                    <name>logStep[PubAd ord Data : 8568233561]</name>
                    <title>PubAd ord Data : 8568233561</title>
                    <attachments/>
                    <steps/>
                </step>
                <step start="1607445195298" stop="1607445195298" status="passed">
                    <name>logStep[Result Pass]</name>
                    <title>Result Pass</title>
                    <attachments/>
                    <steps/>
                </step>
            </steps>
            <attachments/>
            <labels>
                <label name="testSuite" value="Default suite"/>
                <label name="testGroup" value="Default test"/>
                <label name="testClass" value="twc.Regression.TestCases.regressionTestCases"/>
                <label name="testMethod" value="C333200_Verify_cust_param_ord"/>
                <label name="host" value="AswinikumarsMBP.lan"/>
                <label name="thread" value="23739@AswinikumarsMBP.lan.main(1)"/>
            </labels>
        </test-case>
        <test-case start="1607445187155" stop="1607445195304" status="passed">
            <name>C333200_Verify_cust_param_ord</name>
            <title>Verify custom parameter ord</title>
            <steps>
                <step start="1607445187814" stop="1607445187814" status="passed">
                    <name>logStep[Verifing :iu=%2F7646%2Fapp_android_us%2Fdb_display%2Fhome_screen%2Fmarquee Pub Ad Call custParamord]</name>
                    <title>Verifing :iu=%2F7646%2Fapp_android_us%2Fdb_display%2Fhome_screen%2Fmarquee Pub Ad Call custParamord</title>
                    <attachments/>
                    <steps/>
                </step>
                <step start="1607445190270" stop="1607445190270" status="passed">
                    <name>logStep[PubAd ord Data : 5939675869]</name>
                    <title>PubAd ord Data : 5939675869</title>
                    <attachments/>
                    <steps/>
                </step>
                <step start="1607445190270" stop="1607445190270" status="passed">
                    <name>logStep[Result Pass]</name>
                    <title>Result Pass</title>
                    <attachments/>
                    <steps/>
                </step>
                <step start="1607445190627" stop="1607445190627" status="passed">
                    <name>logStep[Verifing :iu=%2F7646%2Fapp_android_us%2Fdb_display%2Ffeed%2Ffeed_1 Pub Ad Call custParamord]</name>
                    <title>Verifing :iu=%2F7646%2Fapp_android_us%2Fdb_display%2Ffeed%2Ffeed_1 Pub Ad Call custParamord</title>
                    <attachments/>
                    <steps/>
                </step>
                <step start="1607445193179" stop="1607445193179" status="passed">
                    <name>logStep[PubAd ord Data : 8433548600]</name>
                    <title>PubAd ord Data : 8433548600</title>
                    <attachments/>
                    <steps/>
                </step>
                <step start="1607445193179" stop="1607445193179" status="passed">
                    <name>logStep[Result Pass]</name>
                    <title>Result Pass</title>
                    <attachments/>
                    <steps/>
                </step>
                <step start="1607445193539" stop="1607445193539" status="passed">
                    <name>logStep[Verifing :iu=%2F7646%2Fapp_android_us%2Fdb_display%2Fdetails%2Fhourly Pub Ad Call custParamord]</name>
                    <title>Verifing :iu=%2F7646%2Fapp_android_us%2Fdb_display%2Fdetails%2Fhourly Pub Ad Call custParamord</title>
                    <attachments/>
                    <steps/>
                </step>
                <step start="1607445195297" stop="1607445195297" status="passed">
                    <name>logStep[PubAd ord Data : 8568233561]</name>
                    <title>PubAd ord Data : 8568233561</title>
                    <attachments/>
                    <steps/>
                </step>
                <step start="1607445195298" stop="1607445195298" status="passed">
                    <name>logStep[Result Pass]</name>
                    <title>Result Pass</title>
                    <attachments/>
                    <steps/>
                </step>
            </steps>
            <attachments/>
            <labels>
                <label name="testSuite" value="Default suite"/>
                <label name="testGroup" value="Default test"/>
                <label name="testClass" value="twc.Regression.TestCases.regressionTestCases"/>
                <label name="testMethod" value="C333200_Verify_cust_param_ord"/>
                <label name="host" value="AswinikumarsMBP.lan"/>
                <label name="thread" value="23739@AswinikumarsMBP.lan.main(1)"/>
            </labels>
        </test-case>
        <test-case start="1607445195307" stop="1607445203297" status="passed">
            <name>C333219_Verify_cust_param_ver</name>
            <title>Verify custom parameter ver</title>
            <steps>
                <step start="1607445196008" stop="1607445196008" status="passed">
                    <name>logStep[Verifing :iu=%2F7646%2Fapp_android_us%2Fdb_display%2Fhome_screen%2Fmarquee Pub Ad Call custParamver]</name>
                    <title>Verifing :iu=%2F7646%2Fapp_android_us%2Fdb_display%2Fhome_screen%2Fmarquee Pub Ad Call custParamver</title>
                    <attachments/>
                    <steps/>
                </step>
                <step start="1607445198414" stop="1607445198414" status="passed">
                    <name>logStep[PubAd ver Data : Android_10_26_0]</name>
                    <title>PubAd ver Data : Android_10_26_0</title>
                    <attachments/>
                    <steps/>
                </step>
                <step start="1607445198414" stop="1607445198414" status="passed">
                    <name>logStep[Result Pass]</name>
                    <title>Result Pass</title>
                    <attachments/>
                    <steps/>
                </step>
                <step start="1607445198772" stop="1607445198772" status="passed">
                    <name>logStep[Verifing :iu=%2F7646%2Fapp_android_us%2Fdb_display%2Ffeed%2Ffeed_1 Pub Ad Call custParamver]</name>
                    <title>Verifing :iu=%2F7646%2Fapp_android_us%2Fdb_display%2Ffeed%2Ffeed_1 Pub Ad Call custParamver</title>
                    <attachments/>
                    <steps/>
                </step>
                <step start="1607445201129" stop="1607445201129" status="passed">
                    <name>logStep[PubAd ver Data : Android_10_26_0]</name>
                    <title>PubAd ver Data : Android_10_26_0</title>
                    <attachments/>
                    <steps/>
                </step>
                <step start="1607445201130" stop="1607445201130" status="passed">
                    <name>logStep[Result Pass]</name>
                    <title>Result Pass</title>
                    <attachments/>
                    <steps/>
                </step>
                <step start="1607445201488" stop="1607445201488" status="passed">
                    <name>logStep[Verifing :iu=%2F7646%2Fapp_android_us%2Fdb_display%2Fdetails%2Fhourly Pub Ad Call custParamver]</name>
                    <title>Verifing :iu=%2F7646%2Fapp_android_us%2Fdb_display%2Fdetails%2Fhourly Pub Ad Call custParamver</title>
                    <attachments/>
                    <steps/>
                </step>
                <step start="1607445203286" stop="1607445203286" status="passed">
                    <name>logStep[PubAd ver Data : Android_10_26_0]</name>
                    <title>PubAd ver Data : Android_10_26_0</title>
                    <attachments/>
                    <steps/>
                </step>
                <step start="1607445203286" stop="1607445203286" status="passed">
                    <name>logStep[Result Pass]</name>
                    <title>Result Pass</title>
                    <attachments/>
                    <steps/>
                </step>
            </steps>
            <attachments/>
            <labels>
                <label name="testSuite" value="Default suite"/>
                <label name="testGroup" value="Default test"/>
                <label name="testClass" value="twc.Regression.TestCases.regressionTestCases"/>
                <label name="testMethod" value="C333219_Verify_cust_param_ver"/>
                <label name="host" value="AswinikumarsMBP.lan"/>
                <label name="thread" value="23739@AswinikumarsMBP.lan.main(1)"/>
            </labels>
        </test-case>
        <test-case start="1607445195307" stop="1607445203297" status="passed">
            <name>C333219_Verify_cust_param_ver</name>
            <title>Verify custom parameter ver</title>
            <steps>
                <step start="1607445196008" stop="1607445196008" status="passed">
                    <name>logStep[Verifing :iu=%2F7646%2Fapp_android_us%2Fdb_display%2Fhome_screen%2Fmarquee Pub Ad Call custParamver]</name>
                    <title>Verifing :iu=%2F7646%2Fapp_android_us%2Fdb_display%2Fhome_screen%2Fmarquee Pub Ad Call custParamver</title>
                    <attachments/>
                    <steps/>
                </step>
                <step start="1607445198414" stop="1607445198414" status="passed">
                    <name>logStep[PubAd ver Data : Android_10_26_0]</name>
                    <title>PubAd ver Data : Android_10_26_0</title>
                    <attachments/>
                    <steps/>
                </step>
                <step start="1607445198414" stop="1607445198414" status="passed">
                    <name>logStep[Result Pass]</name>
                    <title>Result Pass</title>
                    <attachments/>
                    <steps/>
                </step>
                <step start="1607445198772" stop="1607445198772" status="passed">
                    <name>logStep[Verifing :iu=%2F7646%2Fapp_android_us%2Fdb_display%2Ffeed%2Ffeed_1 Pub Ad Call custParamver]</name>
                    <title>Verifing :iu=%2F7646%2Fapp_android_us%2Fdb_display%2Ffeed%2Ffeed_1 Pub Ad Call custParamver</title>
                    <attachments/>
                    <steps/>
                </step>
                <step start="1607445201129" stop="1607445201129" status="passed">
                    <name>logStep[PubAd ver Data : Android_10_26_0]</name>
                    <title>PubAd ver Data : Android_10_26_0</title>
                    <attachments/>
                    <steps/>
                </step>
                <step start="1607445201130" stop="1607445201130" status="passed">
                    <name>logStep[Result Pass]</name>
                    <title>Result Pass</title>
                    <attachments/>
                    <steps/>
                </step>
                <step start="1607445201488" stop="1607445201488" status="passed">
                    <name>logStep[Verifing :iu=%2F7646%2Fapp_android_us%2Fdb_display%2Fdetails%2Fhourly Pub Ad Call custParamver]</name>
                    <title>Verifing :iu=%2F7646%2Fapp_android_us%2Fdb_display%2Fdetails%2Fhourly Pub Ad Call custParamver</title>
                    <attachments/>
                    <steps/>
                </step>
                <step start="1607445203286" stop="1607445203286" status="passed">
                    <name>logStep[PubAd ver Data : Android_10_26_0]</name>
                    <title>PubAd ver Data : Android_10_26_0</title>
                    <attachments/>
                    <steps/>
                </step>
                <step start="1607445203286" stop="1607445203286" status="passed">
                    <name>logStep[Result Pass]</name>
                    <title>Result Pass</title>
                    <attachments/>
                    <steps/>
                </step>
            </steps>
            <attachments/>
            <labels>
                <label name="testSuite" value="Default suite"/>
                <label name="testGroup" value="Default test"/>
                <label name="testClass" value="twc.Regression.TestCases.regressionTestCases"/>
                <label name="testMethod" value="C333219_Verify_cust_param_ver"/>
                <label name="host" value="AswinikumarsMBP.lan"/>
                <label name="thread" value="23739@AswinikumarsMBP.lan.main(1)"/>
            </labels>
        </test-case>
        <test-case start="1607445203307" stop="1607445206506" status="passed">
            <name>C658716_Verify_cust_param_tf</name>
            <title>Verify custom parameter tf</title>
            <steps>
                <step start="1607445204740" stop="1607445204740" status="passed">
                    <name>logStep[Verifing :iu=%2F7646%2Fapp_android_us%2Fdb_display%2Fdetails%2Fhourly Pub Ad Call custParamtf]</name>
                    <title>Verifing :iu=%2F7646%2Fapp_android_us%2Fdb_display%2Fdetails%2Fhourly Pub Ad Call custParamtf</title>
                    <attachments/>
                    <steps/>
                </step>
                <step start="1607445206500" stop="1607445206500" status="passed">
                    <name>logStep[PubAd tf Data : hourly]</name>
                    <title>PubAd tf Data : hourly</title>
                    <attachments/>
                    <steps/>
                </step>
                <step start="1607445206500" stop="1607445206500" status="passed">
                    <name>logStep[Result Pass]</name>
                    <title>Result Pass</title>
                    <attachments/>
                    <steps/>
                </step>
            </steps>
            <attachments/>
            <labels>
                <label name="testSuite" value="Default suite"/>
                <label name="testGroup" value="Default test"/>
                <label name="testClass" value="twc.Regression.TestCases.regressionTestCases"/>
                <label name="testMethod" value="C658716_Verify_cust_param_tf"/>
                <label name="host" value="AswinikumarsMBP.lan"/>
                <label name="thread" value="23739@AswinikumarsMBP.lan.main(1)"/>
            </labels>
        </test-case>
        <test-case start="1607445203307" stop="1607445206506" status="passed">
            <name>C658716_Verify_cust_param_tf</name>
            <title>Verify custom parameter tf</title>
            <steps>
                <step start="1607445204740" stop="1607445204740" status="passed">
                    <name>logStep[Verifing :iu=%2F7646%2Fapp_android_us%2Fdb_display%2Fdetails%2Fhourly Pub Ad Call custParamtf]</name>
                    <title>Verifing :iu=%2F7646%2Fapp_android_us%2Fdb_display%2Fdetails%2Fhourly Pub Ad Call custParamtf</title>
                    <attachments/>
                    <steps/>
                </step>
                <step start="1607445206500" stop="1607445206500" status="passed">
                    <name>logStep[PubAd tf Data : hourly]</name>
                    <title>PubAd tf Data : hourly</title>
                    <attachments/>
                    <steps/>
                </step>
                <step start="1607445206500" stop="1607445206500" status="passed">
                    <name>logStep[Result Pass]</name>
                    <title>Result Pass</title>
                    <attachments/>
                    <steps/>
                </step>
            </steps>
            <attachments/>
            <labels>
                <label name="testSuite" value="Default suite"/>
                <label name="testGroup" value="Default test"/>
                <label name="testClass" value="twc.Regression.TestCases.regressionTestCases"/>
                <label name="testMethod" value="C658716_Verify_cust_param_tf"/>
                <label name="host" value="AswinikumarsMBP.lan"/>
                <label name="thread" value="23739@AswinikumarsMBP.lan.main(1)"/>
            </labels>
        </test-case>
        <test-case start="1607445206508" stop="1607445214455" status="passed">
            <name>C658711_Verify_cust_param_lang</name>
            <title>Verify custom parameter lang</title>
            <steps>
                <step start="1607445207193" stop="1607445207193" status="passed">
                    <name>logStep[Verifing :iu=%2F7646%2Fapp_android_us%2Fdb_display%2Fhome_screen%2Fmarquee Pub Ad Call custParamlang]</name>
                    <title>Verifing :iu=%2F7646%2Fapp_android_us%2Fdb_display%2Fhome_screen%2Fmarquee Pub Ad Call custParamlang</title>
                    <attachments/>
                    <steps/>
                </step>
                <step start="1607445209821" stop="1607445209821" status="passed">
                    <name>logStep[Expected lang value : en]</name>
                    <title>Expected lang value : en</title>
                    <attachments/>
                    <steps/>
                </step>
                <step start="1607445209822" stop="1607445209822" status="passed">
                    <name>logStep[PubAd lang value : en]</name>
                    <title>PubAd lang value : en</title>
                    <attachments/>
                    <steps/>
                </step>
                <step start="1607445209822" stop="1607445209822" status="passed">
                    <name>logStep[lang value is matched with : en====en]</name>
                    <title>lang value is matched with : en====en</title>
                    <attachments/>
                    <steps/>
                </step>
                <step start="1607445209823" stop="1607445209823" status="passed">
                    <name>logStep[Result Pass]</name>
                    <title>Result Pass</title>
                    <attachments/>
                    <steps/>
                </step>
                <step start="1607445210179" stop="1607445210179" status="passed">
                    <name>logStep[Verifing :iu=%2F7646%2Fapp_android_us%2Fdb_display%2Ffeed%2Ffeed_1 Pub Ad Call custParamlang]</name>
                    <title>Verifing :iu=%2F7646%2Fapp_android_us%2Fdb_display%2Ffeed%2Ffeed_1 Pub Ad Call custParamlang</title>
                    <attachments/>
                    <steps/>
                </step>
                <step start="1607445212461" stop="1607445212461" status="passed">
                    <name>logStep[Expected lang value : en]</name>
                    <title>Expected lang value : en</title>
                    <attachments/>
                    <steps/>
                </step>
                <step start="1607445212462" stop="1607445212462" status="passed">
                    <name>logStep[PubAd lang value : en]</name>
                    <title>PubAd lang value : en</title>
                    <attachments/>
                    <steps/>
                </step>
                <step start="1607445212462" stop="1607445212462" status="passed">
                    <name>logStep[lang value is matched with : en====en]</name>
                    <title>lang value is matched with : en====en</title>
                    <attachments/>
                    <steps/>
                </step>
                <step start="1607445212462" stop="1607445212462" status="passed">
                    <name>logStep[Result Pass]</name>
                    <title>Result Pass</title>
                    <attachments/>
                    <steps/>
                </step>
                <step start="1607445212822" stop="1607445212822" status="passed">
                    <name>logStep[Verifing :iu=%2F7646%2Fapp_android_us%2Fdb_display%2Fdetails%2Fhourly Pub Ad Call custParamlang]</name>
                    <title>Verifing :iu=%2F7646%2Fapp_android_us%2Fdb_display%2Fdetails%2Fhourly Pub Ad Call custParamlang</title>
                    <attachments/>
                    <steps/>
                </step>
                <step start="1607445214449" stop="1607445214449" status="passed">
                    <name>logStep[Expected lang value : en]</name>
                    <title>Expected lang value : en</title>
                    <attachments/>
                    <steps/>
                </step>
                <step start="1607445214449" stop="1607445214449" status="passed">
                    <name>logStep[PubAd lang value : en]</name>
                    <title>PubAd lang value : en</title>
                    <attachments/>
                    <steps/>
                </step>
                <step start="1607445214449" stop="1607445214449" status="passed">
                    <name>logStep[lang value is matched with : en====en]</name>
                    <title>lang value is matched with : en====en</title>
                    <attachments/>
                    <steps/>
                </step>
                <step start="1607445214450" stop="1607445214450" status="passed">
                    <name>logStep[Result Pass]</name>
                    <title>Result Pass</title>
                    <attachments/>
                    <steps/>
                </step>
            </steps>
            <attachments/>
            <labels>
                <label name="testSuite" value="Default suite"/>
                <label name="testGroup" value="Default test"/>
                <label name="testClass" value="twc.Regression.TestCases.regressionTestCases"/>
                <label name="testMethod" value="C658711_Verify_cust_param_lang"/>
                <label name="host" value="AswinikumarsMBP.lan"/>
                <label name="thread" value="23739@AswinikumarsMBP.lan.main(1)"/>
            </labels>
        </test-case>
        <test-case start="1607445206508" stop="1607445214455" status="passed">
            <name>C658711_Verify_cust_param_lang</name>
            <title>Verify custom parameter lang</title>
            <steps>
                <step start="1607445207193" stop="1607445207193" status="passed">
                    <name>logStep[Verifing :iu=%2F7646%2Fapp_android_us%2Fdb_display%2Fhome_screen%2Fmarquee Pub Ad Call custParamlang]</name>
                    <title>Verifing :iu=%2F7646%2Fapp_android_us%2Fdb_display%2Fhome_screen%2Fmarquee Pub Ad Call custParamlang</title>
                    <attachments/>
                    <steps/>
                </step>
                <step start="1607445209821" stop="1607445209821" status="passed">
                    <name>logStep[Expected lang value : en]</name>
                    <title>Expected lang value : en</title>
                    <attachments/>
                    <steps/>
                </step>
                <step start="1607445209822" stop="1607445209822" status="passed">
                    <name>logStep[PubAd lang value : en]</name>
                    <title>PubAd lang value : en</title>
                    <attachments/>
                    <steps/>
                </step>
                <step start="1607445209822" stop="1607445209822" status="passed">
                    <name>logStep[lang value is matched with : en====en]</name>
                    <title>lang value is matched with : en====en</title>
                    <attachments/>
                    <steps/>
                </step>
                <step start="1607445209823" stop="1607445209823" status="passed">
                    <name>logStep[Result Pass]</name>
                    <title>Result Pass</title>
                    <attachments/>
                    <steps/>
                </step>
                <step start="1607445210179" stop="1607445210179" status="passed">
                    <name>logStep[Verifing :iu=%2F7646%2Fapp_android_us%2Fdb_display%2Ffeed%2Ffeed_1 Pub Ad Call custParamlang]</name>
                    <title>Verifing :iu=%2F7646%2Fapp_android_us%2Fdb_display%2Ffeed%2Ffeed_1 Pub Ad Call custParamlang</title>
                    <attachments/>
                    <steps/>
                </step>
                <step start="1607445212461" stop="1607445212461" status="passed">
                    <name>logStep[Expected lang value : en]</name>
                    <title>Expected lang value : en</title>
                    <attachments/>
                    <steps/>
                </step>
                <step start="1607445212462" stop="1607445212462" status="passed">
                    <name>logStep[PubAd lang value : en]</name>
                    <title>PubAd lang value : en</title>
                    <attachments/>
                    <steps/>
                </step>
                <step start="1607445212462" stop="1607445212462" status="passed">
                    <name>logStep[lang value is matched with : en====en]</name>
                    <title>lang value is matched with : en====en</title>
                    <attachments/>
                    <steps/>
                </step>
                <step start="1607445212462" stop="1607445212462" status="passed">
                    <name>logStep[Result Pass]</name>
                    <title>Result Pass</title>
                    <attachments/>
                    <steps/>
                </step>
                <step start="1607445212822" stop="1607445212822" status="passed">
                    <name>logStep[Verifing :iu=%2F7646%2Fapp_android_us%2Fdb_display%2Fdetails%2Fhourly Pub Ad Call custParamlang]</name>
                    <title>Verifing :iu=%2F7646%2Fapp_android_us%2Fdb_display%2Fdetails%2Fhourly Pub Ad Call custParamlang</title>
                    <attachments/>
                    <steps/>
                </step>
                <step start="1607445214449" stop="1607445214449" status="passed">
                    <name>logStep[Expected lang value : en]</name>
                    <title>Expected lang value : en</title>
                    <attachments/>
                    <steps/>
                </step>
                <step start="1607445214449" stop="1607445214449" status="passed">
                    <name>logStep[PubAd lang value : en]</name>
                    <title>PubAd lang value : en</title>
                    <attachments/>
                    <steps/>
                </step>
                <step start="1607445214449" stop="1607445214449" status="passed">
                    <name>logStep[lang value is matched with : en====en]</name>
                    <title>lang value is matched with : en====en</title>
                    <attachments/>
                    <steps/>
                </step>
                <step start="1607445214450" stop="1607445214450" status="passed">
                    <name>logStep[Result Pass]</name>
                    <title>Result Pass</title>
                    <attachments/>
                    <steps/>
                </step>
            </steps>
            <attachments/>
            <labels>
                <label name="testSuite" value="Default suite"/>
                <label name="testGroup" value="Default test"/>
                <label name="testClass" value="twc.Regression.TestCases.regressionTestCases"/>
                <label name="testMethod" value="C658711_Verify_cust_param_lang"/>
                <label name="host" value="AswinikumarsMBP.lan"/>
                <label name="thread" value="23739@AswinikumarsMBP.lan.main(1)"/>
            </labels>
        </test-case>
        <test-case start="1607445214459" stop="1607445222663" status="passed">
            <name>C658712_Verify_cust_param_plat</name>
            <title>Verify custom parameter plat</title>
            <steps>
                <step start="1607445215122" stop="1607445215122" status="passed">
                    <name>logStep[Verifing :iu=%2F7646%2Fapp_android_us%2Fdb_display%2Fhome_screen%2Fmarquee Pub Ad Call custParamplat]</name>
                    <title>Verifing :iu=%2F7646%2Fapp_android_us%2Fdb_display%2Fhome_screen%2Fmarquee Pub Ad Call custParamplat</title>
                    <attachments/>
                    <steps/>
                </step>
                <step start="1607445217857" stop="1607445217858" status="passed">
                    <name>logStep[Expected plat value : wx_droid_phone]</name>
                    <title>Expected plat value : wx_droid_phone</title>
                    <attachments/>
                    <steps/>
                </step>
                <step start="1607445217858" stop="1607445217858" status="passed">
                    <name>logStep[PubAd plat value : wx_droid_phone]</name>
                    <title>PubAd plat value : wx_droid_phone</title>
                    <attachments/>
                    <steps/>
                </step>
                <step start="1607445217858" stop="1607445217858" status="passed">
                    <name>logStep[plat value is matched with : wx_droid_phone====wx_droid_phone]</name>
                    <title>plat value is matched with : wx_droid_phone====wx_droid_phone</title>
                    <attachments/>
                    <steps/>
                </step>
                <step start="1607445217858" stop="1607445217858" status="passed">
                    <name>logStep[Result Pass]</name>
                    <title>Result Pass</title>
                    <attachments/>
                    <steps/>
                </step>
                <step start="1607445218210" stop="1607445218210" status="passed">
                    <name>logStep[Verifing :iu=%2F7646%2Fapp_android_us%2Fdb_display%2Ffeed%2Ffeed_1 Pub Ad Call custParamplat]</name>
                    <title>Verifing :iu=%2F7646%2Fapp_android_us%2Fdb_display%2Ffeed%2Ffeed_1 Pub Ad Call custParamplat</title>
                    <attachments/>
                    <steps/>
                </step>
                <step start="1607445220600" stop="1607445220600" status="passed">
                    <name>logStep[Expected plat value : wx_droid_phone]</name>
                    <title>Expected plat value : wx_droid_phone</title>
                    <attachments/>
                    <steps/>
                </step>
                <step start="1607445220600" stop="1607445220600" status="passed">
                    <name>logStep[PubAd plat value : wx_droid_phone]</name>
                    <title>PubAd plat value : wx_droid_phone</title>
                    <attachments/>
                    <steps/>
                </step>
                <step start="1607445220600" stop="1607445220600" status="passed">
                    <name>logStep[plat value is matched with : wx_droid_phone====wx_droid_phone]</name>
                    <title>plat value is matched with : wx_droid_phone====wx_droid_phone</title>
                    <attachments/>
                    <steps/>
                </step>
                <step start="1607445220600" stop="1607445220600" status="passed">
                    <name>logStep[Result Pass]</name>
                    <title>Result Pass</title>
                    <attachments/>
                    <steps/>
                </step>
                <step start="1607445220989" stop="1607445220989" status="passed">
                    <name>logStep[Verifing :iu=%2F7646%2Fapp_android_us%2Fdb_display%2Fdetails%2Fhourly Pub Ad Call custParamplat]</name>
                    <title>Verifing :iu=%2F7646%2Fapp_android_us%2Fdb_display%2Fdetails%2Fhourly Pub Ad Call custParamplat</title>
                    <attachments/>
                    <steps/>
                </step>
                <step start="1607445222657" stop="1607445222657" status="passed">
                    <name>logStep[Expected plat value : wx_droid_phone]</name>
                    <title>Expected plat value : wx_droid_phone</title>
                    <attachments/>
                    <steps/>
                </step>
                <step start="1607445222657" stop="1607445222657" status="passed">
                    <name>logStep[PubAd plat value : wx_droid_phone]</name>
                    <title>PubAd plat value : wx_droid_phone</title>
                    <attachments/>
                    <steps/>
                </step>
                <step start="1607445222658" stop="1607445222658" status="passed">
                    <name>logStep[plat value is matched with : wx_droid_phone====wx_droid_phone]</name>
                    <title>plat value is matched with : wx_droid_phone====wx_droid_phone</title>
                    <attachments/>
                    <steps/>
                </step>
                <step start="1607445222658" stop="1607445222658" status="passed">
                    <name>logStep[Result Pass]</name>
                    <title>Result Pass</title>
                    <attachments/>
                    <steps/>
                </step>
            </steps>
            <attachments/>
            <labels>
                <label name="testSuite" value="Default suite"/>
                <label name="testGroup" value="Default test"/>
                <label name="testClass" value="twc.Regression.TestCases.regressionTestCases"/>
                <label name="testMethod" value="C658712_Verify_cust_param_plat"/>
                <label name="host" value="AswinikumarsMBP.lan"/>
                <label name="thread" value="23739@AswinikumarsMBP.lan.main(1)"/>
            </labels>
        </test-case>
        <test-case start="1607445214459" stop="1607445222663" status="passed">
            <name>C658712_Verify_cust_param_plat</name>
            <title>Verify custom parameter plat</title>
            <steps>
                <step start="1607445215122" stop="1607445215122" status="passed">
                    <name>logStep[Verifing :iu=%2F7646%2Fapp_android_us%2Fdb_display%2Fhome_screen%2Fmarquee Pub Ad Call custParamplat]</name>
                    <title>Verifing :iu=%2F7646%2Fapp_android_us%2Fdb_display%2Fhome_screen%2Fmarquee Pub Ad Call custParamplat</title>
                    <attachments/>
                    <steps/>
                </step>
                <step start="1607445217857" stop="1607445217858" status="passed">
                    <name>logStep[Expected plat value : wx_droid_phone]</name>
                    <title>Expected plat value : wx_droid_phone</title>
                    <attachments/>
                    <steps/>
                </step>
                <step start="1607445217858" stop="1607445217858" status="passed">
                    <name>logStep[PubAd plat value : wx_droid_phone]</name>
                    <title>PubAd plat value : wx_droid_phone</title>
                    <attachments/>
                    <steps/>
                </step>
                <step start="1607445217858" stop="1607445217858" status="passed">
                    <name>logStep[plat value is matched with : wx_droid_phone====wx_droid_phone]</name>
                    <title>plat value is matched with : wx_droid_phone====wx_droid_phone</title>
                    <attachments/>
                    <steps/>
                </step>
                <step start="1607445217858" stop="1607445217858" status="passed">
                    <name>logStep[Result Pass]</name>
                    <title>Result Pass</title>
                    <attachments/>
                    <steps/>
                </step>
                <step start="1607445218210" stop="1607445218210" status="passed">
                    <name>logStep[Verifing :iu=%2F7646%2Fapp_android_us%2Fdb_display%2Ffeed%2Ffeed_1 Pub Ad Call custParamplat]</name>
                    <title>Verifing :iu=%2F7646%2Fapp_android_us%2Fdb_display%2Ffeed%2Ffeed_1 Pub Ad Call custParamplat</title>
                    <attachments/>
                    <steps/>
                </step>
                <step start="1607445220600" stop="1607445220600" status="passed">
                    <name>logStep[Expected plat value : wx_droid_phone]</name>
                    <title>Expected plat value : wx_droid_phone</title>
                    <attachments/>
                    <steps/>
                </step>
                <step start="1607445220600" stop="1607445220600" status="passed">
                    <name>logStep[PubAd plat value : wx_droid_phone]</name>
                    <title>PubAd plat value : wx_droid_phone</title>
                    <attachments/>
                    <steps/>
                </step>
                <step start="1607445220600" stop="1607445220600" status="passed">
                    <name>logStep[plat value is matched with : wx_droid_phone====wx_droid_phone]</name>
                    <title>plat value is matched with : wx_droid_phone====wx_droid_phone</title>
                    <attachments/>
                    <steps/>
                </step>
                <step start="1607445220600" stop="1607445220600" status="passed">
                    <name>logStep[Result Pass]</name>
                    <title>Result Pass</title>
                    <attachments/>
                    <steps/>
                </step>
                <step start="1607445220989" stop="1607445220989" status="passed">
                    <name>logStep[Verifing :iu=%2F7646%2Fapp_android_us%2Fdb_display%2Fdetails%2Fhourly Pub Ad Call custParamplat]</name>
                    <title>Verifing :iu=%2F7646%2Fapp_android_us%2Fdb_display%2Fdetails%2Fhourly Pub Ad Call custParamplat</title>
                    <attachments/>
                    <steps/>
                </step>
                <step start="1607445222657" stop="1607445222657" status="passed">
                    <name>logStep[Expected plat value : wx_droid_phone]</name>
                    <title>Expected plat value : wx_droid_phone</title>
                    <attachments/>
                    <steps/>
                </step>
                <step start="1607445222657" stop="1607445222657" status="passed">
                    <name>logStep[PubAd plat value : wx_droid_phone]</name>
                    <title>PubAd plat value : wx_droid_phone</title>
                    <attachments/>
                    <steps/>
                </step>
                <step start="1607445222658" stop="1607445222658" status="passed">
                    <name>logStep[plat value is matched with : wx_droid_phone====wx_droid_phone]</name>
                    <title>plat value is matched with : wx_droid_phone====wx_droid_phone</title>
                    <attachments/>
                    <steps/>
                </step>
                <step start="1607445222658" stop="1607445222658" status="passed">
                    <name>logStep[Result Pass]</name>
                    <title>Result Pass</title>
                    <attachments/>
                    <steps/>
                </step>
            </steps>
            <attachments/>
            <labels>
                <label name="testSuite" value="Default suite"/>
                <label name="testGroup" value="Default test"/>
                <label name="testClass" value="twc.Regression.TestCases.regressionTestCases"/>
                <label name="testMethod" value="C658712_Verify_cust_param_plat"/>
                <label name="host" value="AswinikumarsMBP.lan"/>
                <label name="thread" value="23739@AswinikumarsMBP.lan.main(1)"/>
            </labels>
        </test-case>
        <test-case start="1607445222670" stop="1607445230597" status="passed">
            <name>C333218_Verify_cust_param_pos</name>
            <title>Verify custom parameter pos</title>
            <steps>
                <step start="1607445223324" stop="1607445223324" status="passed">
                    <name>logStep[Verifing :iu=%2F7646%2Fapp_android_us%2Fdb_display%2Fhome_screen%2Fmarquee Pub Ad Call custParampos]</name>
                    <title>Verifing :iu=%2F7646%2Fapp_android_us%2Fdb_display%2Fhome_screen%2Fmarquee Pub Ad Call custParampos</title>
                    <attachments/>
                    <steps/>
                </step>
                <step start="1607445225737" stop="1607445225737" status="passed">
                    <name>logStep[Expected pos value : p1,p2,p3,p4,p5,p6,top300]</name>
                    <title>Expected pos value : p1,p2,p3,p4,p5,p6,top300</title>
                    <attachments/>
                    <steps/>
                </step>
                <step start="1607445225737" stop="1607445225737" status="passed">
                    <name>logStep[PubAd pos value : top300]</name>
                    <title>PubAd pos value : top300</title>
                    <attachments/>
                    <steps/>
                </step>
                <step start="1607445225737" stop="1607445225737" status="passed">
                    <name>logStep[pos value is matched with : p1,p2,p3,p4,p5,p6,top300====top300]</name>
                    <title>pos value is matched with : p1,p2,p3,p4,p5,p6,top300====top300</title>
                    <attachments/>
                    <steps/>
                </step>
                <step start="1607445225738" stop="1607445225738" status="passed">
                    <name>logStep[Result Pass]</name>
                    <title>Result Pass</title>
                    <attachments/>
                    <steps/>
                </step>
                <step start="1607445226097" stop="1607445226097" status="passed">
                    <name>logStep[Verifing :iu=%2F7646%2Fapp_android_us%2Fdb_display%2Ffeed%2Ffeed_1 Pub Ad Call custParampos]</name>
                    <title>Verifing :iu=%2F7646%2Fapp_android_us%2Fdb_display%2Ffeed%2Ffeed_1 Pub Ad Call custParampos</title>
                    <attachments/>
                    <steps/>
                </step>
                <step start="1607445228536" stop="1607445228536" status="passed">
                    <name>logStep[Expected pos value : p1,p2,p3,p4,p5,p6,top300]</name>
                    <title>Expected pos value : p1,p2,p3,p4,p5,p6,top300</title>
                    <attachments/>
                    <steps/>
                </step>
                <step start="1607445228536" stop="1607445228536" status="passed">
                    <name>logStep[PubAd pos value : p2]</name>
                    <title>PubAd pos value : p2</title>
                    <attachments/>
                    <steps/>
                </step>
                <step start="1607445228536" stop="1607445228536" status="passed">
                    <name>logStep[pos value is matched with : p1,p2,p3,p4,p5,p6,top300====p2]</name>
                    <title>pos value is matched with : p1,p2,p3,p4,p5,p6,top300====p2</title>
                    <attachments/>
                    <steps/>
                </step>
                <step start="1607445228537" stop="1607445228537" status="passed">
                    <name>logStep[Result Pass]</name>
                    <title>Result Pass</title>
                    <attachments/>
                    <steps/>
                </step>
                <step start="1607445228910" stop="1607445228910" status="passed">
                    <name>logStep[Verifing :iu=%2F7646%2Fapp_android_us%2Fdb_display%2Fdetails%2Fhourly Pub Ad Call custParampos]</name>
                    <title>Verifing :iu=%2F7646%2Fapp_android_us%2Fdb_display%2Fdetails%2Fhourly Pub Ad Call custParampos</title>
                    <attachments/>
                    <steps/>
                </step>
                <step start="1607445230591" stop="1607445230591" status="passed">
                    <name>logStep[Expected pos value : p1,p2,p3,p4,p5,p6,top300]</name>
                    <title>Expected pos value : p1,p2,p3,p4,p5,p6,top300</title>
                    <attachments/>
                    <steps/>
                </step>
                <step start="1607445230591" stop="1607445230591" status="passed">
                    <name>logStep[PubAd pos value : top300]</name>
                    <title>PubAd pos value : top300</title>
                    <attachments/>
                    <steps/>
                </step>
                <step start="1607445230592" stop="1607445230592" status="passed">
                    <name>logStep[pos value is matched with : p1,p2,p3,p4,p5,p6,top300====top300]</name>
                    <title>pos value is matched with : p1,p2,p3,p4,p5,p6,top300====top300</title>
                    <attachments/>
                    <steps/>
                </step>
                <step start="1607445230592" stop="1607445230592" status="passed">
                    <name>logStep[Result Pass]</name>
                    <title>Result Pass</title>
                    <attachments/>
                    <steps/>
                </step>
            </steps>
            <attachments/>
            <labels>
                <label name="testSuite" value="Default suite"/>
                <label name="testGroup" value="Default test"/>
                <label name="testClass" value="twc.Regression.TestCases.regressionTestCases"/>
                <label name="testMethod" value="C333218_Verify_cust_param_pos"/>
                <label name="host" value="AswinikumarsMBP.lan"/>
                <label name="thread" value="23739@AswinikumarsMBP.lan.main(1)"/>
            </labels>
        </test-case>
        <test-case start="1607445222670" stop="1607445230597" status="passed">
            <name>C333218_Verify_cust_param_pos</name>
            <title>Verify custom parameter pos</title>
            <steps>
                <step start="1607445223324" stop="1607445223324" status="passed">
                    <name>logStep[Verifing :iu=%2F7646%2Fapp_android_us%2Fdb_display%2Fhome_screen%2Fmarquee Pub Ad Call custParampos]</name>
                    <title>Verifing :iu=%2F7646%2Fapp_android_us%2Fdb_display%2Fhome_screen%2Fmarquee Pub Ad Call custParampos</title>
                    <attachments/>
                    <steps/>
                </step>
                <step start="1607445225737" stop="1607445225737" status="passed">
                    <name>logStep[Expected pos value : p1,p2,p3,p4,p5,p6,top300]</name>
                    <title>Expected pos value : p1,p2,p3,p4,p5,p6,top300</title>
                    <attachments/>
                    <steps/>
                </step>
                <step start="1607445225737" stop="1607445225737" status="passed">
                    <name>logStep[PubAd pos value : top300]</name>
                    <title>PubAd pos value : top300</title>
                    <attachments/>
                    <steps/>
                </step>
                <step start="1607445225737" stop="1607445225737" status="passed">
                    <name>logStep[pos value is matched with : p1,p2,p3,p4,p5,p6,top300====top300]</name>
                    <title>pos value is matched with : p1,p2,p3,p4,p5,p6,top300====top300</title>
                    <attachments/>
                    <steps/>
                </step>
                <step start="1607445225738" stop="1607445225738" status="passed">
                    <name>logStep[Result Pass]</name>
                    <title>Result Pass</title>
                    <attachments/>
                    <steps/>
                </step>
                <step start="1607445226097" stop="1607445226097" status="passed">
                    <name>logStep[Verifing :iu=%2F7646%2Fapp_android_us%2Fdb_display%2Ffeed%2Ffeed_1 Pub Ad Call custParampos]</name>
                    <title>Verifing :iu=%2F7646%2Fapp_android_us%2Fdb_display%2Ffeed%2Ffeed_1 Pub Ad Call custParampos</title>
                    <attachments/>
                    <steps/>
                </step>
                <step start="1607445228536" stop="1607445228536" status="passed">
                    <name>logStep[Expected pos value : p1,p2,p3,p4,p5,p6,top300]</name>
                    <title>Expected pos value : p1,p2,p3,p4,p5,p6,top300</title>
                    <attachments/>
                    <steps/>
                </step>
                <step start="1607445228536" stop="1607445228536" status="passed">
                    <name>logStep[PubAd pos value : p2]</name>
                    <title>PubAd pos value : p2</title>
                    <attachments/>
                    <steps/>
                </step>
                <step start="1607445228536" stop="1607445228536" status="passed">
                    <name>logStep[pos value is matched with : p1,p2,p3,p4,p5,p6,top300====p2]</name>
                    <title>pos value is matched with : p1,p2,p3,p4,p5,p6,top300====p2</title>
                    <attachments/>
                    <steps/>
                </step>
                <step start="1607445228537" stop="1607445228537" status="passed">
                    <name>logStep[Result Pass]</name>
                    <title>Result Pass</title>
                    <attachments/>
                    <steps/>
                </step>
                <step start="1607445228910" stop="1607445228910" status="passed">
                    <name>logStep[Verifing :iu=%2F7646%2Fapp_android_us%2Fdb_display%2Fdetails%2Fhourly Pub Ad Call custParampos]</name>
                    <title>Verifing :iu=%2F7646%2Fapp_android_us%2Fdb_display%2Fdetails%2Fhourly Pub Ad Call custParampos</title>
                    <attachments/>
                    <steps/>
                </step>
                <step start="1607445230591" stop="1607445230591" status="passed">
                    <name>logStep[Expected pos value : p1,p2,p3,p4,p5,p6,top300]</name>
                    <title>Expected pos value : p1,p2,p3,p4,p5,p6,top300</title>
                    <attachments/>
                    <steps/>
                </step>
                <step start="1607445230591" stop="1607445230591" status="passed">
                    <name>logStep[PubAd pos value : top300]</name>
                    <title>PubAd pos value : top300</title>
                    <attachments/>
                    <steps/>
                </step>
                <step start="1607445230592" stop="1607445230592" status="passed">
                    <name>logStep[pos value is matched with : p1,p2,p3,p4,p5,p6,top300====top300]</name>
                    <title>pos value is matched with : p1,p2,p3,p4,p5,p6,top300====top300</title>
                    <attachments/>
                    <steps/>
                </step>
                <step start="1607445230592" stop="1607445230592" status="passed">
                    <name>logStep[Result Pass]</name>
                    <title>Result Pass</title>
                    <attachments/>
                    <steps/>
                </step>
            </steps>
            <attachments/>
            <labels>
                <label name="testSuite" value="Default suite"/>
                <label name="testGroup" value="Default test"/>
                <label name="testClass" value="twc.Regression.TestCases.regressionTestCases"/>
                <label name="testMethod" value="C333218_Verify_cust_param_pos"/>
                <label name="host" value="AswinikumarsMBP.lan"/>
                <label name="thread" value="23739@AswinikumarsMBP.lan.main(1)"/>
            </labels>
        </test-case>
        <test-case start="1607445230600" stop="1607445237933" status="passed">
            <name>C333205_Verify_cust_param_tile</name>
            <title>Verify custom parameter tile</title>
            <steps>
                <step start="1607445231275" stop="1607445231275" status="passed">
                    <name>logStep[Verifing :iu=%2F7646%2Fapp_android_us%2Fdb_display%2Fhome_screen%2Fmarquee Pub Ad Call custParamtile]</name>
                    <title>Verifing :iu=%2F7646%2Fapp_android_us%2Fdb_display%2Fhome_screen%2Fmarquee Pub Ad Call custParamtile</title>
                    <attachments/>
                    <steps/>
                </step>
                <step start="1607445233478" stop="1607445233478" status="passed">
                    <name>logStep[Expected tile value : 1]</name>
                    <title>Expected tile value : 1</title>
                    <attachments/>
                    <steps/>
                </step>
                <step start="1607445233479" stop="1607445233479" status="passed">
                    <name>logStep[PubAd tile value : 1]</name>
                    <title>PubAd tile value : 1</title>
                    <attachments/>
                    <steps/>
                </step>
                <step start="1607445233479" stop="1607445233479" status="passed">
                    <name>logStep[tile value is matched with : 1====1]</name>
                    <title>tile value is matched with : 1====1</title>
                    <attachments/>
                    <steps/>
                </step>
                <step start="1607445233479" stop="1607445233479" status="passed">
                    <name>logStep[Result Pass]</name>
                    <title>Result Pass</title>
                    <attachments/>
                    <steps/>
                </step>
                <step start="1607445233816" stop="1607445233816" status="passed">
                    <name>logStep[Verifing :iu=%2F7646%2Fapp_android_us%2Fdb_display%2Ffeed%2Ffeed_1 Pub Ad Call custParamtile]</name>
                    <title>Verifing :iu=%2F7646%2Fapp_android_us%2Fdb_display%2Ffeed%2Ffeed_1 Pub Ad Call custParamtile</title>
                    <attachments/>
                    <steps/>
                </step>
                <step start="1607445236078" stop="1607445236078" status="passed">
                    <name>logStep[Expected tile value : 1]</name>
                    <title>Expected tile value : 1</title>
                    <attachments/>
                    <steps/>
                </step>
                <step start="1607445236078" stop="1607445236078" status="passed">
                    <name>logStep[PubAd tile value : 1]</name>
                    <title>PubAd tile value : 1</title>
                    <attachments/>
                    <steps/>
                </step>
                <step start="1607445236078" stop="1607445236078" status="passed">
                    <name>logStep[tile value is matched with : 1====1]</name>
                    <title>tile value is matched with : 1====1</title>
                    <attachments/>
                    <steps/>
                </step>
                <step start="1607445236079" stop="1607445236079" status="passed">
                    <name>logStep[Result Pass]</name>
                    <title>Result Pass</title>
                    <attachments/>
                    <steps/>
                </step>
                <step start="1607445236428" stop="1607445236428" status="passed">
                    <name>logStep[Verifing :iu=%2F7646%2Fapp_android_us%2Fdb_display%2Fdetails%2Fhourly Pub Ad Call custParamtile]</name>
                    <title>Verifing :iu=%2F7646%2Fapp_android_us%2Fdb_display%2Fdetails%2Fhourly Pub Ad Call custParamtile</title>
                    <attachments/>
                    <steps/>
                </step>
                <step start="1607445237928" stop="1607445237928" status="passed">
                    <name>logStep[Expected tile value : 1]</name>
                    <title>Expected tile value : 1</title>
                    <attachments/>
                    <steps/>
                </step>
                <step start="1607445237928" stop="1607445237928" status="passed">
                    <name>logStep[PubAd tile value : 1]</name>
                    <title>PubAd tile value : 1</title>
                    <attachments/>
                    <steps/>
                </step>
                <step start="1607445237928" stop="1607445237928" status="passed">
                    <name>logStep[tile value is matched with : 1====1]</name>
                    <title>tile value is matched with : 1====1</title>
                    <attachments/>
                    <steps/>
                </step>
                <step start="1607445237929" stop="1607445237929" status="passed">
                    <name>logStep[Result Pass]</name>
                    <title>Result Pass</title>
                    <attachments/>
                    <steps/>
                </step>
            </steps>
            <attachments/>
            <labels>
                <label name="testSuite" value="Default suite"/>
                <label name="testGroup" value="Default test"/>
                <label name="testClass" value="twc.Regression.TestCases.regressionTestCases"/>
                <label name="testMethod" value="C333205_Verify_cust_param_tile"/>
                <label name="host" value="AswinikumarsMBP.lan"/>
                <label name="thread" value="23739@AswinikumarsMBP.lan.main(1)"/>
            </labels>
        </test-case>
        <test-case start="1607445230600" stop="1607445237933" status="passed">
            <name>C333205_Verify_cust_param_tile</name>
            <title>Verify custom parameter tile</title>
            <steps>
                <step start="1607445231275" stop="1607445231275" status="passed">
                    <name>logStep[Verifing :iu=%2F7646%2Fapp_android_us%2Fdb_display%2Fhome_screen%2Fmarquee Pub Ad Call custParamtile]</name>
                    <title>Verifing :iu=%2F7646%2Fapp_android_us%2Fdb_display%2Fhome_screen%2Fmarquee Pub Ad Call custParamtile</title>
                    <attachments/>
                    <steps/>
                </step>
                <step start="1607445233478" stop="1607445233478" status="passed">
                    <name>logStep[Expected tile value : 1]</name>
                    <title>Expected tile value : 1</title>
                    <attachments/>
                    <steps/>
                </step>
                <step start="1607445233479" stop="1607445233479" status="passed">
                    <name>logStep[PubAd tile value : 1]</name>
                    <title>PubAd tile value : 1</title>
                    <attachments/>
                    <steps/>
                </step>
                <step start="1607445233479" stop="1607445233479" status="passed">
                    <name>logStep[tile value is matched with : 1====1]</name>
                    <title>tile value is matched with : 1====1</title>
                    <attachments/>
                    <steps/>
                </step>
                <step start="1607445233479" stop="1607445233479" status="passed">
                    <name>logStep[Result Pass]</name>
                    <title>Result Pass</title>
                    <attachments/>
                    <steps/>
                </step>
                <step start="1607445233816" stop="1607445233816" status="passed">
                    <name>logStep[Verifing :iu=%2F7646%2Fapp_android_us%2Fdb_display%2Ffeed%2Ffeed_1 Pub Ad Call custParamtile]</name>
                    <title>Verifing :iu=%2F7646%2Fapp_android_us%2Fdb_display%2Ffeed%2Ffeed_1 Pub Ad Call custParamtile</title>
                    <attachments/>
                    <steps/>
                </step>
                <step start="1607445236078" stop="1607445236078" status="passed">
                    <name>logStep[Expected tile value : 1]</name>
                    <title>Expected tile value : 1</title>
                    <attachments/>
                    <steps/>
                </step>
                <step start="1607445236078" stop="1607445236078" status="passed">
                    <name>logStep[PubAd tile value : 1]</name>
                    <title>PubAd tile value : 1</title>
                    <attachments/>
                    <steps/>
                </step>
                <step start="1607445236078" stop="1607445236078" status="passed">
                    <name>logStep[tile value is matched with : 1====1]</name>
                    <title>tile value is matched with : 1====1</title>
                    <attachments/>
                    <steps/>
                </step>
                <step start="1607445236079" stop="1607445236079" status="passed">
                    <name>logStep[Result Pass]</name>
                    <title>Result Pass</title>
                    <attachments/>
                    <steps/>
                </step>
                <step start="1607445236428" stop="1607445236428" status="passed">
                    <name>logStep[Verifing :iu=%2F7646%2Fapp_android_us%2Fdb_display%2Fdetails%2Fhourly Pub Ad Call custParamtile]</name>
                    <title>Verifing :iu=%2F7646%2Fapp_android_us%2Fdb_display%2Fdetails%2Fhourly Pub Ad Call custParamtile</title>
                    <attachments/>
                    <steps/>
                </step>
                <step start="1607445237928" stop="1607445237928" status="passed">
                    <name>logStep[Expected tile value : 1]</name>
                    <title>Expected tile value : 1</title>
                    <attachments/>
                    <steps/>
                </step>
                <step start="1607445237928" stop="1607445237928" status="passed">
                    <name>logStep[PubAd tile value : 1]</name>
                    <title>PubAd tile value : 1</title>
                    <attachments/>
                    <steps/>
                </step>
                <step start="1607445237928" stop="1607445237928" status="passed">
                    <name>logStep[tile value is matched with : 1====1]</name>
                    <title>tile value is matched with : 1====1</title>
                    <attachments/>
                    <steps/>
                </step>
                <step start="1607445237929" stop="1607445237929" status="passed">
                    <name>logStep[Result Pass]</name>
                    <title>Result Pass</title>
                    <attachments/>
                    <steps/>
                </step>
            </steps>
            <attachments/>
            <labels>
                <label name="testSuite" value="Default suite"/>
                <label name="testGroup" value="Default test"/>
                <label name="testClass" value="twc.Regression.TestCases.regressionTestCases"/>
                <label name="testMethod" value="C333205_Verify_cust_param_tile"/>
                <label name="host" value="AswinikumarsMBP.lan"/>
                <label name="thread" value="23739@AswinikumarsMBP.lan.main(1)"/>
            </labels>
        </test-case>
        <test-case start="1607445237939" stop="1607445237940" status="passed">
            <name>C333216_Verify_cust_param_cnd</name>
            <title>Verify custom parameter cnd</title>
            <steps/>
            <attachments/>
            <labels>
                <label name="testSuite" value="Default suite"/>
                <label name="testGroup" value="Default test"/>
                <label name="testClass" value="twc.Regression.TestCases.regressionTestCases"/>
                <label name="testMethod" value="C333216_Verify_cust_param_cnd"/>
                <label name="host" value="AswinikumarsMBP.lan"/>
                <label name="thread" value="23739@AswinikumarsMBP.lan.main(1)"/>
            </labels>
        </test-case>
        <test-case start="1607445237939" stop="1607445237940" status="passed">
            <name>C333216_Verify_cust_param_cnd</name>
            <title>Verify custom parameter cnd</title>
            <steps/>
            <attachments/>
            <labels>
                <label name="testSuite" value="Default suite"/>
                <label name="testGroup" value="Default test"/>
                <label name="testClass" value="twc.Regression.TestCases.regressionTestCases"/>
                <label name="testMethod" value="C333216_Verify_cust_param_cnd"/>
                <label name="host" value="AswinikumarsMBP.lan"/>
                <label name="thread" value="23739@AswinikumarsMBP.lan.main(1)"/>
            </labels>
        </test-case>
        <test-case start="1607445237942" stop="1607445244994" status="failed">
            <name>C333212_Verify_cust_param_ct</name>
            <title>Verify custom parameter ct</title>
            <failure>
                <message>AssertionError: ct Value not matched</message>
                <stack-trace>java.lang.AssertionError: ct Value not matched
	at org.testng.Assert.fail(Assert.java:94)
	at twc.Regression.TestCases.Custom_Parameters_Verification.parameters_Verification(Custom_Parameters_Verification.java:287)
	at twc.Regression.TestCases.regressionTestCases.C333212_Verify_cust_param_ct(regressionTestCases.java:676)
	at sun.reflect.NativeMethodAccessorImpl.invoke0(Native Method)
	at sun.reflect.NativeMethodAccessorImpl.invoke(NativeMethodAccessorImpl.java:62)
	at sun.reflect.DelegatingMethodAccessorImpl.invoke(DelegatingMethodAccessorImpl.java:43)
	at java.lang.reflect.Method.invoke(Method.java:498)
	at org.testng.internal.MethodInvocationHelper.invokeMethod(MethodInvocationHelper.java:85)
	at org.testng.internal.Invoker.invokeMethod(Invoker.java:659)
	at org.testng.internal.Invoker.invokeTestMethod(Invoker.java:845)
	at org.testng.internal.Invoker.invokeTestMethods(Invoker.java:1153)
	at org.testng.internal.TestMethodWorker.invokeTestMethods(TestMethodWorker.java:125)
	at org.testng.internal.TestMethodWorker.run(TestMethodWorker.java:108)
	at org.testng.TestRunner.privateRun(TestRunner.java:771)
	at org.testng.TestRunner.run(TestRunner.java:621)
	at org.testng.SuiteRunner.runTest(SuiteRunner.java:357)
	at org.testng.SuiteRunner.runSequentially(SuiteRunner.java:352)
	at org.testng.SuiteRunner.privateRun(SuiteRunner.java:310)
	at org.testng.SuiteRunner.run(SuiteRunner.java:259)
	at org.testng.SuiteRunnerWorker.runSuite(SuiteRunnerWorker.java:52)
	at org.testng.SuiteRunnerWorker.run(SuiteRunnerWorker.java:86)
	at org.testng.TestNG.runSuitesSequentially(TestNG.java:1199)
	at org.testng.TestNG.runSuitesLocally(TestNG.java:1124)
	at org.testng.TestNG.run(TestNG.java:1032)
	at org.testng.remote.AbstractRemoteTestNG.run(AbstractRemoteTestNG.java:115)
	at org.testng.remote.RemoteTestNG.initAndRun(RemoteTestNG.java:251)
	at org.testng.remote.RemoteTestNG.main(RemoteTestNG.java:77)
</stack-trace>
            </failure>
            <steps>
                <step start="1607445238636" stop="1607445238636" status="passed">
                    <name>logStep[Verifing :iu=%2F7646%2Fapp_android_us%2Fdb_display%2Fhome_screen%2Fmarquee Pub Ad Call custParamct]</name>
                    <title>Verifing :iu=%2F7646%2Fapp_android_us%2Fdb_display%2Fhome_screen%2Fmarquee Pub Ad Call custParamct</title>
                </step>
                <step start="1607445240705" stop="1607445240705" status="passed">
                    <name>logStep[reading turbo call value]</name>
                    <title>reading turbo call value</title>
                </step>
                <step start="1607445240768" stop="1607445240768" status="passed">
                    <name>logStep[Turbo Call ct Data : Cave Spring]</name>
                    <title>Turbo Call ct Data : Cave Spring</title>
                </step>
                <step start="1607445240768" stop="1607445240768" status="passed">
                    <name>logStep[PubAd ct Data : Nidadavole]</name>
                    <title>PubAd ct Data : Nidadavole</title>
                </step>
                <step start="1607445240768" stop="1607445240768" status="passed">
                    <name>logStep[ct result not matched with ad request --Nidadavole Api response -- Cave Spring]</name>
                    <title>ct result not matched with ad request --Nidadavole Api response -- Cave Spring</title>
                </step>
                <step start="1607445241094" stop="1607445241094" status="passed">
                    <name>logStep[Verifing :iu=%2F7646%2Fapp_android_us%2Fdb_display%2Ffeed%2Ffeed_1 Pub Ad Call custParamct]</name>
                    <title>Verifing :iu=%2F7646%2Fapp_android_us%2Fdb_display%2Ffeed%2Ffeed_1 Pub Ad Call custParamct</title>
                </step>
                <step start="1607445243080" stop="1607445243080" status="passed">
                    <name>logStep[reading turbo call value]</name>
                    <title>reading turbo call value</title>
                </step>
                <step start="1607445243131" stop="1607445243131" status="passed">
                    <name>logStep[Turbo Call ct Data : Cave Spring]</name>
                    <title>Turbo Call ct Data : Cave Spring</title>
                </step>
                <step start="1607445243131" stop="1607445243131" status="passed">
                    <name>logStep[PubAd ct Data : Nidadavole]</name>
                    <title>PubAd ct Data : Nidadavole</title>
                </step>
                <step start="1607445243131" stop="1607445243131" status="passed">
                    <name>logStep[ct result not matched with ad request --Nidadavole Api response -- Cave Spring]</name>
                    <title>ct result not matched with ad request --Nidadavole Api response -- Cave Spring</title>
                </step>
                <step start="1607445243471" stop="1607445243471" status="passed">
                    <name>logStep[Verifing :iu=%2F7646%2Fapp_android_us%2Fdb_display%2Fdetails%2Fhourly Pub Ad Call custParamct]</name>
                    <title>Verifing :iu=%2F7646%2Fapp_android_us%2Fdb_display%2Fdetails%2Fhourly Pub Ad Call custParamct</title>
                </step>
                <step start="1607445244914" stop="1607445244914" status="passed">
                    <name>logStep[reading turbo call value]</name>
                    <title>reading turbo call value</title>
                </step>
                <step start="1607445244985" stop="1607445244985" status="passed">
                    <name>logStep[Turbo Call ct Data : Cave Spring]</name>
                    <title>Turbo Call ct Data : Cave Spring</title>
                </step>
                <step start="1607445244985" stop="1607445244985" status="passed">
                    <name>logStep[PubAd ct Data : Nidadavole]</name>
                    <title>PubAd ct Data : Nidadavole</title>
                </step>
                <step start="1607445244985" stop="1607445244985" status="passed">
                    <name>logStep[ct result not matched with ad request --Nidadavole Api response -- Cave Spring]</name>
                    <title>ct result not matched with ad request --Nidadavole Api response -- Cave Spring</title>
                </step>
                <step start="1607445244986" stop="1607445244986" status="passed">
                    <name>logStep[ct should not be null]</name>
                    <title>ct should not be null</title>
                </step>
                <step start="1607445244986" stop="1607445244986" status="passed">
                    <name>logStep[ct can be nl]</name>
                    <title>ct can be nl</title>
                </step>
            </steps>
            <attachments/>
            <labels>
                <label name="testSuite" value="Default suite"/>
                <label name="testGroup" value="Default test"/>
                <label name="testClass" value="twc.Regression.TestCases.regressionTestCases"/>
                <label name="testMethod" value="C333212_Verify_cust_param_ct"/>
                <label name="host" value="AswinikumarsMBP.lan"/>
                <label name="thread" value="23739@AswinikumarsMBP.lan.main(1)"/>
            </labels>
        </test-case>
        <test-case start="1607445237942" stop="1607445244994" status="failed">
            <name>C333212_Verify_cust_param_ct</name>
            <title>Verify custom parameter ct</title>
            <failure>
                <message>AssertionError: ct Value not matched</message>
                <stack-trace>java.lang.AssertionError: ct Value not matched
	at org.testng.Assert.fail(Assert.java:94)
	at twc.Regression.TestCases.Custom_Parameters_Verification.parameters_Verification(Custom_Parameters_Verification.java:287)
	at twc.Regression.TestCases.regressionTestCases.C333212_Verify_cust_param_ct(regressionTestCases.java:676)
	at sun.reflect.NativeMethodAccessorImpl.invoke0(Native Method)
	at sun.reflect.NativeMethodAccessorImpl.invoke(NativeMethodAccessorImpl.java:62)
	at sun.reflect.DelegatingMethodAccessorImpl.invoke(DelegatingMethodAccessorImpl.java:43)
	at java.lang.reflect.Method.invoke(Method.java:498)
	at org.testng.internal.MethodInvocationHelper.invokeMethod(MethodInvocationHelper.java:85)
	at org.testng.internal.Invoker.invokeMethod(Invoker.java:659)
	at org.testng.internal.Invoker.invokeTestMethod(Invoker.java:845)
	at org.testng.internal.Invoker.invokeTestMethods(Invoker.java:1153)
	at org.testng.internal.TestMethodWorker.invokeTestMethods(TestMethodWorker.java:125)
	at org.testng.internal.TestMethodWorker.run(TestMethodWorker.java:108)
	at org.testng.TestRunner.privateRun(TestRunner.java:771)
	at org.testng.TestRunner.run(TestRunner.java:621)
	at org.testng.SuiteRunner.runTest(SuiteRunner.java:357)
	at org.testng.SuiteRunner.runSequentially(SuiteRunner.java:352)
	at org.testng.SuiteRunner.privateRun(SuiteRunner.java:310)
	at org.testng.SuiteRunner.run(SuiteRunner.java:259)
	at org.testng.SuiteRunnerWorker.runSuite(SuiteRunnerWorker.java:52)
	at org.testng.SuiteRunnerWorker.run(SuiteRunnerWorker.java:86)
	at org.testng.TestNG.runSuitesSequentially(TestNG.java:1199)
	at org.testng.TestNG.runSuitesLocally(TestNG.java:1124)
	at org.testng.TestNG.run(TestNG.java:1032)
	at org.testng.remote.AbstractRemoteTestNG.run(AbstractRemoteTestNG.java:115)
	at org.testng.remote.RemoteTestNG.initAndRun(RemoteTestNG.java:251)
	at org.testng.remote.RemoteTestNG.main(RemoteTestNG.java:77)
</stack-trace>
            </failure>
            <steps>
                <step start="1607445238636" stop="1607445238636" status="passed">
                    <name>logStep[Verifing :iu=%2F7646%2Fapp_android_us%2Fdb_display%2Fhome_screen%2Fmarquee Pub Ad Call custParamct]</name>
                    <title>Verifing :iu=%2F7646%2Fapp_android_us%2Fdb_display%2Fhome_screen%2Fmarquee Pub Ad Call custParamct</title>
                </step>
                <step start="1607445240705" stop="1607445240705" status="passed">
                    <name>logStep[reading turbo call value]</name>
                    <title>reading turbo call value</title>
                </step>
                <step start="1607445240768" stop="1607445240768" status="passed">
                    <name>logStep[Turbo Call ct Data : Cave Spring]</name>
                    <title>Turbo Call ct Data : Cave Spring</title>
                </step>
                <step start="1607445240768" stop="1607445240768" status="passed">
                    <name>logStep[PubAd ct Data : Nidadavole]</name>
                    <title>PubAd ct Data : Nidadavole</title>
                </step>
                <step start="1607445240768" stop="1607445240768" status="passed">
                    <name>logStep[ct result not matched with ad request --Nidadavole Api response -- Cave Spring]</name>
                    <title>ct result not matched with ad request --Nidadavole Api response -- Cave Spring</title>
                </step>
                <step start="1607445241094" stop="1607445241094" status="passed">
                    <name>logStep[Verifing :iu=%2F7646%2Fapp_android_us%2Fdb_display%2Ffeed%2Ffeed_1 Pub Ad Call custParamct]</name>
                    <title>Verifing :iu=%2F7646%2Fapp_android_us%2Fdb_display%2Ffeed%2Ffeed_1 Pub Ad Call custParamct</title>
                </step>
                <step start="1607445243080" stop="1607445243080" status="passed">
                    <name>logStep[reading turbo call value]</name>
                    <title>reading turbo call value</title>
                </step>
                <step start="1607445243131" stop="1607445243131" status="passed">
                    <name>logStep[Turbo Call ct Data : Cave Spring]</name>
                    <title>Turbo Call ct Data : Cave Spring</title>
                </step>
                <step start="1607445243131" stop="1607445243131" status="passed">
                    <name>logStep[PubAd ct Data : Nidadavole]</name>
                    <title>PubAd ct Data : Nidadavole</title>
                </step>
                <step start="1607445243131" stop="1607445243131" status="passed">
                    <name>logStep[ct result not matched with ad request --Nidadavole Api response -- Cave Spring]</name>
                    <title>ct result not matched with ad request --Nidadavole Api response -- Cave Spring</title>
                </step>
                <step start="1607445243471" stop="1607445243471" status="passed">
                    <name>logStep[Verifing :iu=%2F7646%2Fapp_android_us%2Fdb_display%2Fdetails%2Fhourly Pub Ad Call custParamct]</name>
                    <title>Verifing :iu=%2F7646%2Fapp_android_us%2Fdb_display%2Fdetails%2Fhourly Pub Ad Call custParamct</title>
                </step>
                <step start="1607445244914" stop="1607445244914" status="passed">
                    <name>logStep[reading turbo call value]</name>
                    <title>reading turbo call value</title>
                </step>
                <step start="1607445244985" stop="1607445244985" status="passed">
                    <name>logStep[Turbo Call ct Data : Cave Spring]</name>
                    <title>Turbo Call ct Data : Cave Spring</title>
                </step>
                <step start="1607445244985" stop="1607445244985" status="passed">
                    <name>logStep[PubAd ct Data : Nidadavole]</name>
                    <title>PubAd ct Data : Nidadavole</title>
                </step>
                <step start="1607445244985" stop="1607445244985" status="passed">
                    <name>logStep[ct result not matched with ad request --Nidadavole Api response -- Cave Spring]</name>
                    <title>ct result not matched with ad request --Nidadavole Api response -- Cave Spring</title>
                </step>
                <step start="1607445244986" stop="1607445244986" status="passed">
                    <name>logStep[ct should not be null]</name>
                    <title>ct should not be null</title>
                </step>
                <step start="1607445244986" stop="1607445244986" status="passed">
                    <name>logStep[ct can be nl]</name>
                    <title>ct can be nl</title>
                </step>
            </steps>
            <attachments/>
            <labels>
                <label name="testSuite" value="Default suite"/>
                <label name="testGroup" value="Default test"/>
                <label name="testClass" value="twc.Regression.TestCases.regressionTestCases"/>
                <label name="testMethod" value="C333212_Verify_cust_param_ct"/>
                <label name="host" value="AswinikumarsMBP.lan"/>
                <label name="thread" value="23739@AswinikumarsMBP.lan.main(1)"/>
            </labels>
        </test-case>
        <test-case start="1607445244997" stop="1607445251947" status="failed">
            <name>C333203_Verify_cust_param_dma</name>
            <title>Verify custom parameter dma</title>
            <failure>
                <message>AssertionError: dma Value not matched</message>
                <stack-trace>java.lang.AssertionError: dma Value not matched
	at org.testng.Assert.fail(Assert.java:94)
	at twc.Regression.TestCases.Custom_Parameters_Verification.parameters_Verification(Custom_Parameters_Verification.java:261)
	at twc.Regression.TestCases.regressionTestCases.C333203_Verify_cust_param_dma(regressionTestCases.java:684)
	at sun.reflect.NativeMethodAccessorImpl.invoke0(Native Method)
	at sun.reflect.NativeMethodAccessorImpl.invoke(NativeMethodAccessorImpl.java:62)
	at sun.reflect.DelegatingMethodAccessorImpl.invoke(DelegatingMethodAccessorImpl.java:43)
	at java.lang.reflect.Method.invoke(Method.java:498)
	at org.testng.internal.MethodInvocationHelper.invokeMethod(MethodInvocationHelper.java:85)
	at org.testng.internal.Invoker.invokeMethod(Invoker.java:659)
	at org.testng.internal.Invoker.invokeTestMethod(Invoker.java:845)
	at org.testng.internal.Invoker.invokeTestMethods(Invoker.java:1153)
	at org.testng.internal.TestMethodWorker.invokeTestMethods(TestMethodWorker.java:125)
	at org.testng.internal.TestMethodWorker.run(TestMethodWorker.java:108)
	at org.testng.TestRunner.privateRun(TestRunner.java:771)
	at org.testng.TestRunner.run(TestRunner.java:621)
	at org.testng.SuiteRunner.runTest(SuiteRunner.java:357)
	at org.testng.SuiteRunner.runSequentially(SuiteRunner.java:352)
	at org.testng.SuiteRunner.privateRun(SuiteRunner.java:310)
	at org.testng.SuiteRunner.run(SuiteRunner.java:259)
	at org.testng.SuiteRunnerWorker.runSuite(SuiteRunnerWorker.java:52)
	at org.testng.SuiteRunnerWorker.run(SuiteRunnerWorker.java:86)
	at org.testng.TestNG.runSuitesSequentially(TestNG.java:1199)
	at org.testng.TestNG.runSuitesLocally(TestNG.java:1124)
	at org.testng.TestNG.run(TestNG.java:1032)
	at org.testng.remote.AbstractRemoteTestNG.run(AbstractRemoteTestNG.java:115)
	at org.testng.remote.RemoteTestNG.initAndRun(RemoteTestNG.java:251)
	at org.testng.remote.RemoteTestNG.main(RemoteTestNG.java:77)
</stack-trace>
            </failure>
            <steps>
                <step start="1607445245593" stop="1607445245593" status="passed">
                    <name>logStep[Verifing :iu=%2F7646%2Fapp_android_us%2Fdb_display%2Fhome_screen%2Fmarquee Pub Ad Call custParamdma]</name>
                    <title>Verifing :iu=%2F7646%2Fapp_android_us%2Fdb_display%2Fhome_screen%2Fmarquee Pub Ad Call custParamdma</title>
                </step>
                <step start="1607445247783" stop="1607445247783" status="passed">
                    <name>logStep[reading turbo call value]</name>
                    <title>reading turbo call value</title>
                </step>
                <step start="1607445247833" stop="1607445247833" status="passed">
                    <name>logStep[Turbo Call dma Data : 524]</name>
                    <title>Turbo Call dma Data : 524</title>
                </step>
                <step start="1607445247833" stop="1607445247833" status="passed">
                    <name>logStep[PubAd dma Data : nl]</name>
                    <title>PubAd dma Data : nl</title>
                </step>
                <step start="1607445247833" stop="1607445247833" status="passed">
                    <name>logStep[dma result not matched with ad request --nl Api response -- 524]</name>
                    <title>dma result not matched with ad request --nl Api response -- 524</title>
                </step>
                <step start="1607445248139" stop="1607445248139" status="passed">
                    <name>logStep[Verifing :iu=%2F7646%2Fapp_android_us%2Fdb_display%2Ffeed%2Ffeed_1 Pub Ad Call custParamdma]</name>
                    <title>Verifing :iu=%2F7646%2Fapp_android_us%2Fdb_display%2Ffeed%2Ffeed_1 Pub Ad Call custParamdma</title>
                </step>
                <step start="1607445250068" stop="1607445250068" status="passed">
                    <name>logStep[reading turbo call value]</name>
                    <title>reading turbo call value</title>
                </step>
                <step start="1607445250118" stop="1607445250118" status="passed">
                    <name>logStep[Turbo Call dma Data : 524]</name>
                    <title>Turbo Call dma Data : 524</title>
                </step>
                <step start="1607445250118" stop="1607445250118" status="passed">
                    <name>logStep[PubAd dma Data : nl]</name>
                    <title>PubAd dma Data : nl</title>
                </step>
                <step start="1607445250119" stop="1607445250119" status="passed">
                    <name>logStep[dma result not matched with ad request --nl Api response -- 524]</name>
                    <title>dma result not matched with ad request --nl Api response -- 524</title>
                </step>
                <step start="1607445250459" stop="1607445250459" status="passed">
                    <name>logStep[Verifing :iu=%2F7646%2Fapp_android_us%2Fdb_display%2Fdetails%2Fhourly Pub Ad Call custParamdma]</name>
                    <title>Verifing :iu=%2F7646%2Fapp_android_us%2Fdb_display%2Fdetails%2Fhourly Pub Ad Call custParamdma</title>
                </step>
                <step start="1607445251896" stop="1607445251896" status="passed">
                    <name>logStep[reading turbo call value]</name>
                    <title>reading turbo call value</title>
                </step>
                <step start="1607445251946" stop="1607445251946" status="passed">
                    <name>logStep[Turbo Call dma Data : 524]</name>
                    <title>Turbo Call dma Data : 524</title>
                </step>
                <step start="1607445251946" stop="1607445251946" status="passed">
                    <name>logStep[PubAd dma Data : nl]</name>
                    <title>PubAd dma Data : nl</title>
                </step>
                <step start="1607445251946" stop="1607445251946" status="passed">
                    <name>logStep[dma result not matched with ad request --nl Api response -- 524]</name>
                    <title>dma result not matched with ad request --nl Api response -- 524</title>
                </step>
            </steps>
            <attachments/>
            <labels>
                <label name="testSuite" value="Default suite"/>
                <label name="testGroup" value="Default test"/>
                <label name="testClass" value="twc.Regression.TestCases.regressionTestCases"/>
                <label name="testMethod" value="C333203_Verify_cust_param_dma"/>
                <label name="host" value="AswinikumarsMBP.lan"/>
                <label name="thread" value="23739@AswinikumarsMBP.lan.main(1)"/>
            </labels>
        </test-case>
        <test-case start="1607445244997" stop="1607445251947" status="failed">
            <name>C333203_Verify_cust_param_dma</name>
            <title>Verify custom parameter dma</title>
            <failure>
                <message>AssertionError: dma Value not matched</message>
                <stack-trace>java.lang.AssertionError: dma Value not matched
	at org.testng.Assert.fail(Assert.java:94)
	at twc.Regression.TestCases.Custom_Parameters_Verification.parameters_Verification(Custom_Parameters_Verification.java:261)
	at twc.Regression.TestCases.regressionTestCases.C333203_Verify_cust_param_dma(regressionTestCases.java:684)
	at sun.reflect.NativeMethodAccessorImpl.invoke0(Native Method)
	at sun.reflect.NativeMethodAccessorImpl.invoke(NativeMethodAccessorImpl.java:62)
	at sun.reflect.DelegatingMethodAccessorImpl.invoke(DelegatingMethodAccessorImpl.java:43)
	at java.lang.reflect.Method.invoke(Method.java:498)
	at org.testng.internal.MethodInvocationHelper.invokeMethod(MethodInvocationHelper.java:85)
	at org.testng.internal.Invoker.invokeMethod(Invoker.java:659)
	at org.testng.internal.Invoker.invokeTestMethod(Invoker.java:845)
	at org.testng.internal.Invoker.invokeTestMethods(Invoker.java:1153)
	at org.testng.internal.TestMethodWorker.invokeTestMethods(TestMethodWorker.java:125)
	at org.testng.internal.TestMethodWorker.run(TestMethodWorker.java:108)
	at org.testng.TestRunner.privateRun(TestRunner.java:771)
	at org.testng.TestRunner.run(TestRunner.java:621)
	at org.testng.SuiteRunner.runTest(SuiteRunner.java:357)
	at org.testng.SuiteRunner.runSequentially(SuiteRunner.java:352)
	at org.testng.SuiteRunner.privateRun(SuiteRunner.java:310)
	at org.testng.SuiteRunner.run(SuiteRunner.java:259)
	at org.testng.SuiteRunnerWorker.runSuite(SuiteRunnerWorker.java:52)
	at org.testng.SuiteRunnerWorker.run(SuiteRunnerWorker.java:86)
	at org.testng.TestNG.runSuitesSequentially(TestNG.java:1199)
	at org.testng.TestNG.runSuitesLocally(TestNG.java:1124)
	at org.testng.TestNG.run(TestNG.java:1032)
	at org.testng.remote.AbstractRemoteTestNG.run(AbstractRemoteTestNG.java:115)
	at org.testng.remote.RemoteTestNG.initAndRun(RemoteTestNG.java:251)
	at org.testng.remote.RemoteTestNG.main(RemoteTestNG.java:77)
</stack-trace>
            </failure>
            <steps>
                <step start="1607445245593" stop="1607445245593" status="passed">
                    <name>logStep[Verifing :iu=%2F7646%2Fapp_android_us%2Fdb_display%2Fhome_screen%2Fmarquee Pub Ad Call custParamdma]</name>
                    <title>Verifing :iu=%2F7646%2Fapp_android_us%2Fdb_display%2Fhome_screen%2Fmarquee Pub Ad Call custParamdma</title>
                </step>
                <step start="1607445247783" stop="1607445247783" status="passed">
                    <name>logStep[reading turbo call value]</name>
                    <title>reading turbo call value</title>
                </step>
                <step start="1607445247833" stop="1607445247833" status="passed">
                    <name>logStep[Turbo Call dma Data : 524]</name>
                    <title>Turbo Call dma Data : 524</title>
                </step>
                <step start="1607445247833" stop="1607445247833" status="passed">
                    <name>logStep[PubAd dma Data : nl]</name>
                    <title>PubAd dma Data : nl</title>
                </step>
                <step start="1607445247833" stop="1607445247833" status="passed">
                    <name>logStep[dma result not matched with ad request --nl Api response -- 524]</name>
                    <title>dma result not matched with ad request --nl Api response -- 524</title>
                </step>
                <step start="1607445248139" stop="1607445248139" status="passed">
                    <name>logStep[Verifing :iu=%2F7646%2Fapp_android_us%2Fdb_display%2Ffeed%2Ffeed_1 Pub Ad Call custParamdma]</name>
                    <title>Verifing :iu=%2F7646%2Fapp_android_us%2Fdb_display%2Ffeed%2Ffeed_1 Pub Ad Call custParamdma</title>
                </step>
                <step start="1607445250068" stop="1607445250068" status="passed">
                    <name>logStep[reading turbo call value]</name>
                    <title>reading turbo call value</title>
                </step>
                <step start="1607445250118" stop="1607445250118" status="passed">
                    <name>logStep[Turbo Call dma Data : 524]</name>
                    <title>Turbo Call dma Data : 524</title>
                </step>
                <step start="1607445250118" stop="1607445250118" status="passed">
                    <name>logStep[PubAd dma Data : nl]</name>
                    <title>PubAd dma Data : nl</title>
                </step>
                <step start="1607445250119" stop="1607445250119" status="passed">
                    <name>logStep[dma result not matched with ad request --nl Api response -- 524]</name>
                    <title>dma result not matched with ad request --nl Api response -- 524</title>
                </step>
                <step start="1607445250459" stop="1607445250459" status="passed">
                    <name>logStep[Verifing :iu=%2F7646%2Fapp_android_us%2Fdb_display%2Fdetails%2Fhourly Pub Ad Call custParamdma]</name>
                    <title>Verifing :iu=%2F7646%2Fapp_android_us%2Fdb_display%2Fdetails%2Fhourly Pub Ad Call custParamdma</title>
                </step>
                <step start="1607445251896" stop="1607445251896" status="passed">
                    <name>logStep[reading turbo call value]</name>
                    <title>reading turbo call value</title>
                </step>
                <step start="1607445251946" stop="1607445251946" status="passed">
                    <name>logStep[Turbo Call dma Data : 524]</name>
                    <title>Turbo Call dma Data : 524</title>
                </step>
                <step start="1607445251946" stop="1607445251946" status="passed">
                    <name>logStep[PubAd dma Data : nl]</name>
                    <title>PubAd dma Data : nl</title>
                </step>
                <step start="1607445251946" stop="1607445251946" status="passed">
                    <name>logStep[dma result not matched with ad request --nl Api response -- 524]</name>
                    <title>dma result not matched with ad request --nl Api response -- 524</title>
                </step>
            </steps>
            <attachments/>
            <labels>
                <label name="testSuite" value="Default suite"/>
                <label name="testGroup" value="Default test"/>
                <label name="testClass" value="twc.Regression.TestCases.regressionTestCases"/>
                <label name="testMethod" value="C333203_Verify_cust_param_dma"/>
                <label name="host" value="AswinikumarsMBP.lan"/>
                <label name="thread" value="23739@AswinikumarsMBP.lan.main(1)"/>
            </labels>
        </test-case>
        <test-case start="1607445251996" stop="1607445259057" status="passed">
            <name>C628160_Verify_Parameter_DyNght</name>
            <title>Verify custom parameter dynght</title>
            <steps>
                <step start="1607445252569" stop="1607445252569" status="passed">
                    <name>logStep[Verifing :iu=%2F7646%2Fapp_android_us%2Fdb_display%2Fhome_screen%2Fmarquee Pub Ad Call custParamdynght]</name>
                    <title>Verifing :iu=%2F7646%2Fapp_android_us%2Fdb_display%2Fhome_screen%2Fmarquee Pub Ad Call custParamdynght</title>
                    <attachments/>
                    <steps/>
                </step>
                <step start="1607445255101" stop="1607445255101" status="passed">
                    <name>logStep[PubAd dynght Data : N]</name>
                    <title>PubAd dynght Data : N</title>
                    <attachments/>
                    <steps/>
                </step>
                <step start="1607445255101" stop="1607445255101" status="passed">
                    <name>logStep[Result Pass]</name>
                    <title>Result Pass</title>
                    <attachments/>
                    <steps/>
                </step>
                <step start="1607445255415" stop="1607445255415" status="passed">
                    <name>logStep[Verifing :iu=%2F7646%2Fapp_android_us%2Fdb_display%2Ffeed%2Ffeed_1 Pub Ad Call custParamdynght]</name>
                    <title>Verifing :iu=%2F7646%2Fapp_android_us%2Fdb_display%2Ffeed%2Ffeed_1 Pub Ad Call custParamdynght</title>
                    <attachments/>
                    <steps/>
                </step>
                <step start="1607445257333" stop="1607445257333" status="passed">
                    <name>logStep[PubAd dynght Data : N]</name>
                    <title>PubAd dynght Data : N</title>
                    <attachments/>
                    <steps/>
                </step>
                <step start="1607445257333" stop="1607445257333" status="passed">
                    <name>logStep[Result Pass]</name>
                    <title>Result Pass</title>
                    <attachments/>
                    <steps/>
                </step>
                <step start="1607445257662" stop="1607445257662" status="passed">
                    <name>logStep[Verifing :iu=%2F7646%2Fapp_android_us%2Fdb_display%2Fdetails%2Fhourly Pub Ad Call custParamdynght]</name>
                    <title>Verifing :iu=%2F7646%2Fapp_android_us%2Fdb_display%2Fdetails%2Fhourly Pub Ad Call custParamdynght</title>
                    <attachments/>
                    <steps/>
                </step>
                <step start="1607445259053" stop="1607445259053" status="passed">
                    <name>logStep[PubAd dynght Data : N]</name>
                    <title>PubAd dynght Data : N</title>
                    <attachments/>
                    <steps/>
                </step>
                <step start="1607445259053" stop="1607445259053" status="passed">
                    <name>logStep[Result Pass]</name>
                    <title>Result Pass</title>
                    <attachments/>
                    <steps/>
                </step>
            </steps>
            <attachments/>
            <labels>
                <label name="testSuite" value="Default suite"/>
                <label name="testGroup" value="Default test"/>
                <label name="testClass" value="twc.Regression.TestCases.regressionTestCases"/>
                <label name="testMethod" value="C628160_Verify_Parameter_DyNght"/>
                <label name="host" value="AswinikumarsMBP.lan"/>
                <label name="thread" value="23739@AswinikumarsMBP.lan.main(1)"/>
            </labels>
        </test-case>
        <test-case start="1607445251996" stop="1607445259057" status="passed">
            <name>C628160_Verify_Parameter_DyNght</name>
            <title>Verify custom parameter dynght</title>
            <steps>
                <step start="1607445252569" stop="1607445252569" status="passed">
                    <name>logStep[Verifing :iu=%2F7646%2Fapp_android_us%2Fdb_display%2Fhome_screen%2Fmarquee Pub Ad Call custParamdynght]</name>
                    <title>Verifing :iu=%2F7646%2Fapp_android_us%2Fdb_display%2Fhome_screen%2Fmarquee Pub Ad Call custParamdynght</title>
                    <attachments/>
                    <steps/>
                </step>
                <step start="1607445255101" stop="1607445255101" status="passed">
                    <name>logStep[PubAd dynght Data : N]</name>
                    <title>PubAd dynght Data : N</title>
                    <attachments/>
                    <steps/>
                </step>
                <step start="1607445255101" stop="1607445255101" status="passed">
                    <name>logStep[Result Pass]</name>
                    <title>Result Pass</title>
                    <attachments/>
                    <steps/>
                </step>
                <step start="1607445255415" stop="1607445255415" status="passed">
                    <name>logStep[Verifing :iu=%2F7646%2Fapp_android_us%2Fdb_display%2Ffeed%2Ffeed_1 Pub Ad Call custParamdynght]</name>
                    <title>Verifing :iu=%2F7646%2Fapp_android_us%2Fdb_display%2Ffeed%2Ffeed_1 Pub Ad Call custParamdynght</title>
                    <attachments/>
                    <steps/>
                </step>
                <step start="1607445257333" stop="1607445257333" status="passed">
                    <name>logStep[PubAd dynght Data : N]</name>
                    <title>PubAd dynght Data : N</title>
                    <attachments/>
                    <steps/>
                </step>
                <step start="1607445257333" stop="1607445257333" status="passed">
                    <name>logStep[Result Pass]</name>
                    <title>Result Pass</title>
                    <attachments/>
                    <steps/>
                </step>
                <step start="1607445257662" stop="1607445257662" status="passed">
                    <name>logStep[Verifing :iu=%2F7646%2Fapp_android_us%2Fdb_display%2Fdetails%2Fhourly Pub Ad Call custParamdynght]</name>
                    <title>Verifing :iu=%2F7646%2Fapp_android_us%2Fdb_display%2Fdetails%2Fhourly Pub Ad Call custParamdynght</title>
                    <attachments/>
                    <steps/>
                </step>
                <step start="1607445259053" stop="1607445259053" status="passed">
                    <name>logStep[PubAd dynght Data : N]</name>
                    <title>PubAd dynght Data : N</title>
                    <attachments/>
                    <steps/>
                </step>
                <step start="1607445259053" stop="1607445259053" status="passed">
                    <name>logStep[Result Pass]</name>
                    <title>Result Pass</title>
                    <attachments/>
                    <steps/>
                </step>
            </steps>
            <attachments/>
            <labels>
                <label name="testSuite" value="Default suite"/>
                <label name="testGroup" value="Default test"/>
                <label name="testClass" value="twc.Regression.TestCases.regressionTestCases"/>
                <label name="testMethod" value="C628160_Verify_Parameter_DyNght"/>
                <label name="host" value="AswinikumarsMBP.lan"/>
                <label name="thread" value="23739@AswinikumarsMBP.lan.main(1)"/>
            </labels>
        </test-case>
        <test-case start="1607445259063" stop="1607445266456" status="failed">
            <name>C333209_Verify_cust_param_cc</name>
            <title>Verify custom parameter cc</title>
            <failure>
                <message>AssertionError: cc Value not matched</message>
                <stack-trace>java.lang.AssertionError: cc Value not matched
	at org.testng.Assert.fail(Assert.java:94)
	at twc.Regression.TestCases.Custom_Parameters_Verification.parameters_Verification(Custom_Parameters_Verification.java:306)
	at twc.Regression.TestCases.regressionTestCases.C333209_Verify_cust_param_cc(regressionTestCases.java:700)
	at sun.reflect.NativeMethodAccessorImpl.invoke0(Native Method)
	at sun.reflect.NativeMethodAccessorImpl.invoke(NativeMethodAccessorImpl.java:62)
	at sun.reflect.DelegatingMethodAccessorImpl.invoke(DelegatingMethodAccessorImpl.java:43)
	at java.lang.reflect.Method.invoke(Method.java:498)
	at org.testng.internal.MethodInvocationHelper.invokeMethod(MethodInvocationHelper.java:85)
	at org.testng.internal.Invoker.invokeMethod(Invoker.java:659)
	at org.testng.internal.Invoker.invokeTestMethod(Invoker.java:845)
	at org.testng.internal.Invoker.invokeTestMethods(Invoker.java:1153)
	at org.testng.internal.TestMethodWorker.invokeTestMethods(TestMethodWorker.java:125)
	at org.testng.internal.TestMethodWorker.run(TestMethodWorker.java:108)
	at org.testng.TestRunner.privateRun(TestRunner.java:771)
	at org.testng.TestRunner.run(TestRunner.java:621)
	at org.testng.SuiteRunner.runTest(SuiteRunner.java:357)
	at org.testng.SuiteRunner.runSequentially(SuiteRunner.java:352)
	at org.testng.SuiteRunner.privateRun(SuiteRunner.java:310)
	at org.testng.SuiteRunner.run(SuiteRunner.java:259)
	at org.testng.SuiteRunnerWorker.runSuite(SuiteRunnerWorker.java:52)
	at org.testng.SuiteRunnerWorker.run(SuiteRunnerWorker.java:86)
	at org.testng.TestNG.runSuitesSequentially(TestNG.java:1199)
	at org.testng.TestNG.runSuitesLocally(TestNG.java:1124)
	at org.testng.TestNG.run(TestNG.java:1032)
	at org.testng.remote.AbstractRemoteTestNG.run(AbstractRemoteTestNG.java:115)
	at org.testng.remote.RemoteTestNG.initAndRun(RemoteTestNG.java:251)
	at org.testng.remote.RemoteTestNG.main(RemoteTestNG.java:77)
</stack-trace>
            </failure>
            <steps>
                <step start="1607445259635" stop="1607445259635" status="passed">
                    <name>logStep[Verifing :iu=%2F7646%2Fapp_android_us%2Fdb_display%2Fhome_screen%2Fmarquee Pub Ad Call custParamcc]</name>
                    <title>Verifing :iu=%2F7646%2Fapp_android_us%2Fdb_display%2Fhome_screen%2Fmarquee Pub Ad Call custParamcc</title>
                </step>
                <step start="1607445262144" stop="1607445262144" status="passed">
                    <name>logStep[reading turbo call value]</name>
                    <title>reading turbo call value</title>
                </step>
                <step start="1607445262195" stop="1607445262195" status="passed">
                    <name>logStep[Turbo Call cc Data : US]</name>
                    <title>Turbo Call cc Data : US</title>
                </step>
                <step start="1607445262195" stop="1607445262195" status="passed">
                    <name>logStep[PubAd cc Data : IN]</name>
                    <title>PubAd cc Data : IN</title>
                </step>
                <step start="1607445262195" stop="1607445262195" status="passed">
                    <name>logStep[cc result not matched with ad request --IN Api response -- US]</name>
                    <title>cc result not matched with ad request --IN Api response -- US</title>
                </step>
                <step start="1607445262506" stop="1607445262506" status="passed">
                    <name>logStep[Verifing :iu=%2F7646%2Fapp_android_us%2Fdb_display%2Ffeed%2Ffeed_1 Pub Ad Call custParamcc]</name>
                    <title>Verifing :iu=%2F7646%2Fapp_android_us%2Fdb_display%2Ffeed%2Ffeed_1 Pub Ad Call custParamcc</title>
                </step>
                <step start="1607445264577" stop="1607445264577" status="passed">
                    <name>logStep[reading turbo call value]</name>
                    <title>reading turbo call value</title>
                </step>
                <step start="1607445264661" stop="1607445264661" status="passed">
                    <name>logStep[Turbo Call cc Data : US]</name>
                    <title>Turbo Call cc Data : US</title>
                </step>
                <step start="1607445264662" stop="1607445264662" status="passed">
                    <name>logStep[PubAd cc Data : IN]</name>
                    <title>PubAd cc Data : IN</title>
                </step>
                <step start="1607445264662" stop="1607445264662" status="passed">
                    <name>logStep[cc result not matched with ad request --IN Api response -- US]</name>
                    <title>cc result not matched with ad request --IN Api response -- US</title>
                </step>
                <step start="1607445264992" stop="1607445264992" status="passed">
                    <name>logStep[Verifing :iu=%2F7646%2Fapp_android_us%2Fdb_display%2Fdetails%2Fhourly Pub Ad Call custParamcc]</name>
                    <title>Verifing :iu=%2F7646%2Fapp_android_us%2Fdb_display%2Fdetails%2Fhourly Pub Ad Call custParamcc</title>
                </step>
                <step start="1607445266404" stop="1607445266404" status="passed">
                    <name>logStep[reading turbo call value]</name>
                    <title>reading turbo call value</title>
                </step>
                <step start="1607445266454" stop="1607445266454" status="passed">
                    <name>logStep[Turbo Call cc Data : US]</name>
                    <title>Turbo Call cc Data : US</title>
                </step>
                <step start="1607445266454" stop="1607445266454" status="passed">
                    <name>logStep[PubAd cc Data : IN]</name>
                    <title>PubAd cc Data : IN</title>
                </step>
                <step start="1607445266454" stop="1607445266454" status="passed">
                    <name>logStep[cc result not matched with ad request --IN Api response -- US]</name>
                    <title>cc result not matched with ad request --IN Api response -- US</title>
                </step>
                <step start="1607445266455" stop="1607445266455" status="passed">
                    <name>logStep[cc should not be null]</name>
                    <title>cc should not be null</title>
                </step>
                <step start="1607445266455" stop="1607445266455" status="passed">
                    <name>logStep[cc can be nl]</name>
                    <title>cc can be nl</title>
                </step>
            </steps>
            <attachments/>
            <labels>
                <label name="testSuite" value="Default suite"/>
                <label name="testGroup" value="Default test"/>
                <label name="testClass" value="twc.Regression.TestCases.regressionTestCases"/>
                <label name="testMethod" value="C333209_Verify_cust_param_cc"/>
                <label name="host" value="AswinikumarsMBP.lan"/>
                <label name="thread" value="23739@AswinikumarsMBP.lan.main(1)"/>
            </labels>
        </test-case>
        <test-case start="1607445259063" stop="1607445266456" status="failed">
            <name>C333209_Verify_cust_param_cc</name>
            <title>Verify custom parameter cc</title>
            <failure>
                <message>AssertionError: cc Value not matched</message>
                <stack-trace>java.lang.AssertionError: cc Value not matched
	at org.testng.Assert.fail(Assert.java:94)
	at twc.Regression.TestCases.Custom_Parameters_Verification.parameters_Verification(Custom_Parameters_Verification.java:306)
	at twc.Regression.TestCases.regressionTestCases.C333209_Verify_cust_param_cc(regressionTestCases.java:700)
	at sun.reflect.NativeMethodAccessorImpl.invoke0(Native Method)
	at sun.reflect.NativeMethodAccessorImpl.invoke(NativeMethodAccessorImpl.java:62)
	at sun.reflect.DelegatingMethodAccessorImpl.invoke(DelegatingMethodAccessorImpl.java:43)
	at java.lang.reflect.Method.invoke(Method.java:498)
	at org.testng.internal.MethodInvocationHelper.invokeMethod(MethodInvocationHelper.java:85)
	at org.testng.internal.Invoker.invokeMethod(Invoker.java:659)
	at org.testng.internal.Invoker.invokeTestMethod(Invoker.java:845)
	at org.testng.internal.Invoker.invokeTestMethods(Invoker.java:1153)
	at org.testng.internal.TestMethodWorker.invokeTestMethods(TestMethodWorker.java:125)
	at org.testng.internal.TestMethodWorker.run(TestMethodWorker.java:108)
	at org.testng.TestRunner.privateRun(TestRunner.java:771)
	at org.testng.TestRunner.run(TestRunner.java:621)
	at org.testng.SuiteRunner.runTest(SuiteRunner.java:357)
	at org.testng.SuiteRunner.runSequentially(SuiteRunner.java:352)
	at org.testng.SuiteRunner.privateRun(SuiteRunner.java:310)
	at org.testng.SuiteRunner.run(SuiteRunner.java:259)
	at org.testng.SuiteRunnerWorker.runSuite(SuiteRunnerWorker.java:52)
	at org.testng.SuiteRunnerWorker.run(SuiteRunnerWorker.java:86)
	at org.testng.TestNG.runSuitesSequentially(TestNG.java:1199)
	at org.testng.TestNG.runSuitesLocally(TestNG.java:1124)
	at org.testng.TestNG.run(TestNG.java:1032)
	at org.testng.remote.AbstractRemoteTestNG.run(AbstractRemoteTestNG.java:115)
	at org.testng.remote.RemoteTestNG.initAndRun(RemoteTestNG.java:251)
	at org.testng.remote.RemoteTestNG.main(RemoteTestNG.java:77)
</stack-trace>
            </failure>
            <steps>
                <step start="1607445259635" stop="1607445259635" status="passed">
                    <name>logStep[Verifing :iu=%2F7646%2Fapp_android_us%2Fdb_display%2Fhome_screen%2Fmarquee Pub Ad Call custParamcc]</name>
                    <title>Verifing :iu=%2F7646%2Fapp_android_us%2Fdb_display%2Fhome_screen%2Fmarquee Pub Ad Call custParamcc</title>
                </step>
                <step start="1607445262144" stop="1607445262144" status="passed">
                    <name>logStep[reading turbo call value]</name>
                    <title>reading turbo call value</title>
                </step>
                <step start="1607445262195" stop="1607445262195" status="passed">
                    <name>logStep[Turbo Call cc Data : US]</name>
                    <title>Turbo Call cc Data : US</title>
                </step>
                <step start="1607445262195" stop="1607445262195" status="passed">
                    <name>logStep[PubAd cc Data : IN]</name>
                    <title>PubAd cc Data : IN</title>
                </step>
                <step start="1607445262195" stop="1607445262195" status="passed">
                    <name>logStep[cc result not matched with ad request --IN Api response -- US]</name>
                    <title>cc result not matched with ad request --IN Api response -- US</title>
                </step>
                <step start="1607445262506" stop="1607445262506" status="passed">
                    <name>logStep[Verifing :iu=%2F7646%2Fapp_android_us%2Fdb_display%2Ffeed%2Ffeed_1 Pub Ad Call custParamcc]</name>
                    <title>Verifing :iu=%2F7646%2Fapp_android_us%2Fdb_display%2Ffeed%2Ffeed_1 Pub Ad Call custParamcc</title>
                </step>
                <step start="1607445264577" stop="1607445264577" status="passed">
                    <name>logStep[reading turbo call value]</name>
                    <title>reading turbo call value</title>
                </step>
                <step start="1607445264661" stop="1607445264661" status="passed">
                    <name>logStep[Turbo Call cc Data : US]</name>
                    <title>Turbo Call cc Data : US</title>
                </step>
                <step start="1607445264662" stop="1607445264662" status="passed">
                    <name>logStep[PubAd cc Data : IN]</name>
                    <title>PubAd cc Data : IN</title>
                </step>
                <step start="1607445264662" stop="1607445264662" status="passed">
                    <name>logStep[cc result not matched with ad request --IN Api response -- US]</name>
                    <title>cc result not matched with ad request --IN Api response -- US</title>
                </step>
                <step start="1607445264992" stop="1607445264992" status="passed">
                    <name>logStep[Verifing :iu=%2F7646%2Fapp_android_us%2Fdb_display%2Fdetails%2Fhourly Pub Ad Call custParamcc]</name>
                    <title>Verifing :iu=%2F7646%2Fapp_android_us%2Fdb_display%2Fdetails%2Fhourly Pub Ad Call custParamcc</title>
                </step>
                <step start="1607445266404" stop="1607445266404" status="passed">
                    <name>logStep[reading turbo call value]</name>
                    <title>reading turbo call value</title>
                </step>
                <step start="1607445266454" stop="1607445266454" status="passed">
                    <name>logStep[Turbo Call cc Data : US]</name>
                    <title>Turbo Call cc Data : US</title>
                </step>
                <step start="1607445266454" stop="1607445266454" status="passed">
                    <name>logStep[PubAd cc Data : IN]</name>
                    <title>PubAd cc Data : IN</title>
                </step>
                <step start="1607445266454" stop="1607445266454" status="passed">
                    <name>logStep[cc result not matched with ad request --IN Api response -- US]</name>
                    <title>cc result not matched with ad request --IN Api response -- US</title>
                </step>
                <step start="1607445266455" stop="1607445266455" status="passed">
                    <name>logStep[cc should not be null]</name>
                    <title>cc should not be null</title>
                </step>
                <step start="1607445266455" stop="1607445266455" status="passed">
                    <name>logStep[cc can be nl]</name>
                    <title>cc can be nl</title>
                </step>
            </steps>
            <attachments/>
            <labels>
                <label name="testSuite" value="Default suite"/>
                <label name="testGroup" value="Default test"/>
                <label name="testClass" value="twc.Regression.TestCases.regressionTestCases"/>
                <label name="testMethod" value="C333209_Verify_cust_param_cc"/>
                <label name="host" value="AswinikumarsMBP.lan"/>
                <label name="thread" value="23739@AswinikumarsMBP.lan.main(1)"/>
            </labels>
        </test-case>
        <test-case start="1607445266458" stop="1607445269378" status="broken">
            <name>C333208_Verify_cust_param_tmp</name>
            <title>Verify custom parameter tmp</title>
            <failure>
                <message>NullPointerException: null</message>
                <stack-trace>java.lang.NullPointerException
	at twc.Regression.TestCases.Custom_Parameters_Verification.parameters_Verification(Custom_Parameters_Verification.java:174)
	at twc.Regression.TestCases.regressionTestCases.C333208_Verify_cust_param_tmp(regressionTestCases.java:724)
	at sun.reflect.NativeMethodAccessorImpl.invoke0(Native Method)
	at sun.reflect.NativeMethodAccessorImpl.invoke(NativeMethodAccessorImpl.java:62)
	at sun.reflect.DelegatingMethodAccessorImpl.invoke(DelegatingMethodAccessorImpl.java:43)
	at java.lang.reflect.Method.invoke(Method.java:498)
	at org.testng.internal.MethodInvocationHelper.invokeMethod(MethodInvocationHelper.java:85)
	at org.testng.internal.Invoker.invokeMethod(Invoker.java:659)
	at org.testng.internal.Invoker.invokeTestMethod(Invoker.java:845)
	at org.testng.internal.Invoker.invokeTestMethods(Invoker.java:1153)
	at org.testng.internal.TestMethodWorker.invokeTestMethods(TestMethodWorker.java:125)
	at org.testng.internal.TestMethodWorker.run(TestMethodWorker.java:108)
	at org.testng.TestRunner.privateRun(TestRunner.java:771)
	at org.testng.TestRunner.run(TestRunner.java:621)
	at org.testng.SuiteRunner.runTest(SuiteRunner.java:357)
	at org.testng.SuiteRunner.runSequentially(SuiteRunner.java:352)
	at org.testng.SuiteRunner.privateRun(SuiteRunner.java:310)
	at org.testng.SuiteRunner.run(SuiteRunner.java:259)
	at org.testng.SuiteRunnerWorker.runSuite(SuiteRunnerWorker.java:52)
	at org.testng.SuiteRunnerWorker.run(SuiteRunnerWorker.java:86)
	at org.testng.TestNG.runSuitesSequentially(TestNG.java:1199)
	at org.testng.TestNG.runSuitesLocally(TestNG.java:1124)
	at org.testng.TestNG.run(TestNG.java:1032)
	at org.testng.remote.AbstractRemoteTestNG.run(AbstractRemoteTestNG.java:115)
	at org.testng.remote.RemoteTestNG.initAndRun(RemoteTestNG.java:251)
	at org.testng.remote.RemoteTestNG.main(RemoteTestNG.java:77)
</stack-trace>
            </failure>
            <steps>
                <step start="1607445267032" stop="1607445267032" status="passed">
                    <name>logStep[Verifing :iu=%2F7646%2Fapp_android_us%2Fdb_display%2Fhome_screen%2Fmarquee Pub Ad Call custParamtmp]</name>
                    <title>Verifing :iu=%2F7646%2Fapp_android_us%2Fdb_display%2Fhome_screen%2Fmarquee Pub Ad Call custParamtmp</title>
                </step>
                <step start="1607445268984" stop="1607445268984" status="passed">
                    <name>logStep[reading turbo call value]</name>
                    <title>reading turbo call value</title>
                </step>
                <step start="1607445269378" stop="1607445269378" status="passed">
                    <name>logStep[Result null]</name>
                    <title>Result null</title>
                </step>
            </steps>
            <attachments/>
            <labels>
                <label name="testSuite" value="Default suite"/>
                <label name="testGroup" value="Default test"/>
                <label name="testClass" value="twc.Regression.TestCases.regressionTestCases"/>
                <label name="testMethod" value="C333208_Verify_cust_param_tmp"/>
                <label name="host" value="AswinikumarsMBP.lan"/>
                <label name="thread" value="23739@AswinikumarsMBP.lan.main(1)"/>
            </labels>
        </test-case>
        <test-case start="1607445266458" stop="1607445269378" status="broken">
            <name>C333208_Verify_cust_param_tmp</name>
            <title>Verify custom parameter tmp</title>
            <failure>
                <message>NullPointerException: null</message>
                <stack-trace>java.lang.NullPointerException
	at twc.Regression.TestCases.Custom_Parameters_Verification.parameters_Verification(Custom_Parameters_Verification.java:174)
	at twc.Regression.TestCases.regressionTestCases.C333208_Verify_cust_param_tmp(regressionTestCases.java:724)
	at sun.reflect.NativeMethodAccessorImpl.invoke0(Native Method)
	at sun.reflect.NativeMethodAccessorImpl.invoke(NativeMethodAccessorImpl.java:62)
	at sun.reflect.DelegatingMethodAccessorImpl.invoke(DelegatingMethodAccessorImpl.java:43)
	at java.lang.reflect.Method.invoke(Method.java:498)
	at org.testng.internal.MethodInvocationHelper.invokeMethod(MethodInvocationHelper.java:85)
	at org.testng.internal.Invoker.invokeMethod(Invoker.java:659)
	at org.testng.internal.Invoker.invokeTestMethod(Invoker.java:845)
	at org.testng.internal.Invoker.invokeTestMethods(Invoker.java:1153)
	at org.testng.internal.TestMethodWorker.invokeTestMethods(TestMethodWorker.java:125)
	at org.testng.internal.TestMethodWorker.run(TestMethodWorker.java:108)
	at org.testng.TestRunner.privateRun(TestRunner.java:771)
	at org.testng.TestRunner.run(TestRunner.java:621)
	at org.testng.SuiteRunner.runTest(SuiteRunner.java:357)
	at org.testng.SuiteRunner.runSequentially(SuiteRunner.java:352)
	at org.testng.SuiteRunner.privateRun(SuiteRunner.java:310)
	at org.testng.SuiteRunner.run(SuiteRunner.java:259)
	at org.testng.SuiteRunnerWorker.runSuite(SuiteRunnerWorker.java:52)
	at org.testng.SuiteRunnerWorker.run(SuiteRunnerWorker.java:86)
	at org.testng.TestNG.runSuitesSequentially(TestNG.java:1199)
	at org.testng.TestNG.runSuitesLocally(TestNG.java:1124)
	at org.testng.TestNG.run(TestNG.java:1032)
	at org.testng.remote.AbstractRemoteTestNG.run(AbstractRemoteTestNG.java:115)
	at org.testng.remote.RemoteTestNG.initAndRun(RemoteTestNG.java:251)
	at org.testng.remote.RemoteTestNG.main(RemoteTestNG.java:77)
</stack-trace>
            </failure>
            <steps>
                <step start="1607445267032" stop="1607445267032" status="passed">
                    <name>logStep[Verifing :iu=%2F7646%2Fapp_android_us%2Fdb_display%2Fhome_screen%2Fmarquee Pub Ad Call custParamtmp]</name>
                    <title>Verifing :iu=%2F7646%2Fapp_android_us%2Fdb_display%2Fhome_screen%2Fmarquee Pub Ad Call custParamtmp</title>
                </step>
                <step start="1607445268984" stop="1607445268984" status="passed">
                    <name>logStep[reading turbo call value]</name>
                    <title>reading turbo call value</title>
                </step>
                <step start="1607445269378" stop="1607445269378" status="passed">
                    <name>logStep[Result null]</name>
                    <title>Result null</title>
                </step>
            </steps>
            <attachments/>
            <labels>
                <label name="testSuite" value="Default suite"/>
                <label name="testGroup" value="Default test"/>
                <label name="testClass" value="twc.Regression.TestCases.regressionTestCases"/>
                <label name="testMethod" value="C333208_Verify_cust_param_tmp"/>
                <label name="host" value="AswinikumarsMBP.lan"/>
                <label name="thread" value="23739@AswinikumarsMBP.lan.main(1)"/>
            </labels>
        </test-case>
        <test-case start="1607445269381" stop="1607445272259" status="broken">
            <name>C333217_Verify_cust_param_tmpr</name>
            <title>Verify custom parameter tmpr</title>
            <failure>
                <message>NullPointerException: null</message>
                <stack-trace>java.lang.NullPointerException
	at twc.Regression.TestCases.Custom_Parameters_Verification.parameters_Verification(Custom_Parameters_Verification.java:183)
	at twc.Regression.TestCases.regressionTestCases.C333217_Verify_cust_param_tmpr(regressionTestCases.java:732)
	at sun.reflect.NativeMethodAccessorImpl.invoke0(Native Method)
	at sun.reflect.NativeMethodAccessorImpl.invoke(NativeMethodAccessorImpl.java:62)
	at sun.reflect.DelegatingMethodAccessorImpl.invoke(DelegatingMethodAccessorImpl.java:43)
	at java.lang.reflect.Method.invoke(Method.java:498)
	at org.testng.internal.MethodInvocationHelper.invokeMethod(MethodInvocationHelper.java:85)
	at org.testng.internal.Invoker.invokeMethod(Invoker.java:659)
	at org.testng.internal.Invoker.invokeTestMethod(Invoker.java:845)
	at org.testng.internal.Invoker.invokeTestMethods(Invoker.java:1153)
	at org.testng.internal.TestMethodWorker.invokeTestMethods(TestMethodWorker.java:125)
	at org.testng.internal.TestMethodWorker.run(TestMethodWorker.java:108)
	at org.testng.TestRunner.privateRun(TestRunner.java:771)
	at org.testng.TestRunner.run(TestRunner.java:621)
	at org.testng.SuiteRunner.runTest(SuiteRunner.java:357)
	at org.testng.SuiteRunner.runSequentially(SuiteRunner.java:352)
	at org.testng.SuiteRunner.privateRun(SuiteRunner.java:310)
	at org.testng.SuiteRunner.run(SuiteRunner.java:259)
	at org.testng.SuiteRunnerWorker.runSuite(SuiteRunnerWorker.java:52)
	at org.testng.SuiteRunnerWorker.run(SuiteRunnerWorker.java:86)
	at org.testng.TestNG.runSuitesSequentially(TestNG.java:1199)
	at org.testng.TestNG.runSuitesLocally(TestNG.java:1124)
	at org.testng.TestNG.run(TestNG.java:1032)
	at org.testng.remote.AbstractRemoteTestNG.run(AbstractRemoteTestNG.java:115)
	at org.testng.remote.RemoteTestNG.initAndRun(RemoteTestNG.java:251)
	at org.testng.remote.RemoteTestNG.main(RemoteTestNG.java:77)
</stack-trace>
            </failure>
            <steps>
                <step start="1607445270035" stop="1607445270035" status="passed">
                    <name>logStep[Verifing :iu=%2F7646%2Fapp_android_us%2Fdb_display%2Fhome_screen%2Fmarquee Pub Ad Call custParamtmpr]</name>
                    <title>Verifing :iu=%2F7646%2Fapp_android_us%2Fdb_display%2Fhome_screen%2Fmarquee Pub Ad Call custParamtmpr</title>
                </step>
                <step start="1607445272041" stop="1607445272041" status="passed">
                    <name>logStep[reading turbo call value]</name>
                    <title>reading turbo call value</title>
                </step>
                <step start="1607445272259" stop="1607445272259" status="passed">
                    <name>logStep[Result null]</name>
                    <title>Result null</title>
                </step>
            </steps>
            <attachments/>
            <labels>
                <label name="testSuite" value="Default suite"/>
                <label name="testGroup" value="Default test"/>
                <label name="testClass" value="twc.Regression.TestCases.regressionTestCases"/>
                <label name="testMethod" value="C333217_Verify_cust_param_tmpr"/>
                <label name="host" value="AswinikumarsMBP.lan"/>
                <label name="thread" value="23739@AswinikumarsMBP.lan.main(1)"/>
            </labels>
        </test-case>
        <test-case start="1607445269381" stop="1607445272259" status="broken">
            <name>C333217_Verify_cust_param_tmpr</name>
            <title>Verify custom parameter tmpr</title>
            <failure>
                <message>NullPointerException: null</message>
                <stack-trace>java.lang.NullPointerException
	at twc.Regression.TestCases.Custom_Parameters_Verification.parameters_Verification(Custom_Parameters_Verification.java:183)
	at twc.Regression.TestCases.regressionTestCases.C333217_Verify_cust_param_tmpr(regressionTestCases.java:732)
	at sun.reflect.NativeMethodAccessorImpl.invoke0(Native Method)
	at sun.reflect.NativeMethodAccessorImpl.invoke(NativeMethodAccessorImpl.java:62)
	at sun.reflect.DelegatingMethodAccessorImpl.invoke(DelegatingMethodAccessorImpl.java:43)
	at java.lang.reflect.Method.invoke(Method.java:498)
	at org.testng.internal.MethodInvocationHelper.invokeMethod(MethodInvocationHelper.java:85)
	at org.testng.internal.Invoker.invokeMethod(Invoker.java:659)
	at org.testng.internal.Invoker.invokeTestMethod(Invoker.java:845)
	at org.testng.internal.Invoker.invokeTestMethods(Invoker.java:1153)
	at org.testng.internal.TestMethodWorker.invokeTestMethods(TestMethodWorker.java:125)
	at org.testng.internal.TestMethodWorker.run(TestMethodWorker.java:108)
	at org.testng.TestRunner.privateRun(TestRunner.java:771)
	at org.testng.TestRunner.run(TestRunner.java:621)
	at org.testng.SuiteRunner.runTest(SuiteRunner.java:357)
	at org.testng.SuiteRunner.runSequentially(SuiteRunner.java:352)
	at org.testng.SuiteRunner.privateRun(SuiteRunner.java:310)
	at org.testng.SuiteRunner.run(SuiteRunner.java:259)
	at org.testng.SuiteRunnerWorker.runSuite(SuiteRunnerWorker.java:52)
	at org.testng.SuiteRunnerWorker.run(SuiteRunnerWorker.java:86)
	at org.testng.TestNG.runSuitesSequentially(TestNG.java:1199)
	at org.testng.TestNG.runSuitesLocally(TestNG.java:1124)
	at org.testng.TestNG.run(TestNG.java:1032)
	at org.testng.remote.AbstractRemoteTestNG.run(AbstractRemoteTestNG.java:115)
	at org.testng.remote.RemoteTestNG.initAndRun(RemoteTestNG.java:251)
	at org.testng.remote.RemoteTestNG.main(RemoteTestNG.java:77)
</stack-trace>
            </failure>
            <steps>
                <step start="1607445270035" stop="1607445270035" status="passed">
                    <name>logStep[Verifing :iu=%2F7646%2Fapp_android_us%2Fdb_display%2Fhome_screen%2Fmarquee Pub Ad Call custParamtmpr]</name>
                    <title>Verifing :iu=%2F7646%2Fapp_android_us%2Fdb_display%2Fhome_screen%2Fmarquee Pub Ad Call custParamtmpr</title>
                </step>
                <step start="1607445272041" stop="1607445272041" status="passed">
                    <name>logStep[reading turbo call value]</name>
                    <title>reading turbo call value</title>
                </step>
                <step start="1607445272259" stop="1607445272259" status="passed">
                    <name>logStep[Result null]</name>
                    <title>Result null</title>
                </step>
            </steps>
            <attachments/>
            <labels>
                <label name="testSuite" value="Default suite"/>
                <label name="testGroup" value="Default test"/>
                <label name="testClass" value="twc.Regression.TestCases.regressionTestCases"/>
                <label name="testMethod" value="C333217_Verify_cust_param_tmpr"/>
                <label name="host" value="AswinikumarsMBP.lan"/>
                <label name="thread" value="23739@AswinikumarsMBP.lan.main(1)"/>
            </labels>
        </test-case>
        <test-case start="1607445272262" stop="1607445279542" status="failed">
            <name>C333239_Verify_cust_param_tmpc</name>
            <title>Verify custom parameter tmpc</title>
            <failure>
                <message>AssertionError: tmpc Value not matched</message>
                <stack-trace>java.lang.AssertionError: tmpc Value not matched
	at org.testng.Assert.fail(Assert.java:94)
	at twc.Regression.TestCases.Custom_Parameters_Verification.parameters_Verification(Custom_Parameters_Verification.java:252)
	at twc.Regression.TestCases.regressionTestCases.C333239_Verify_cust_param_tmpc(regressionTestCases.java:740)
	at sun.reflect.NativeMethodAccessorImpl.invoke0(Native Method)
	at sun.reflect.NativeMethodAccessorImpl.invoke(NativeMethodAccessorImpl.java:62)
	at sun.reflect.DelegatingMethodAccessorImpl.invoke(DelegatingMethodAccessorImpl.java:43)
	at java.lang.reflect.Method.invoke(Method.java:498)
	at org.testng.internal.MethodInvocationHelper.invokeMethod(MethodInvocationHelper.java:85)
	at org.testng.internal.Invoker.invokeMethod(Invoker.java:659)
	at org.testng.internal.Invoker.invokeTestMethod(Invoker.java:845)
	at org.testng.internal.Invoker.invokeTestMethods(Invoker.java:1153)
	at org.testng.internal.TestMethodWorker.invokeTestMethods(TestMethodWorker.java:125)
	at org.testng.internal.TestMethodWorker.run(TestMethodWorker.java:108)
	at org.testng.TestRunner.privateRun(TestRunner.java:771)
	at org.testng.TestRunner.run(TestRunner.java:621)
	at org.testng.SuiteRunner.runTest(SuiteRunner.java:357)
	at org.testng.SuiteRunner.runSequentially(SuiteRunner.java:352)
	at org.testng.SuiteRunner.privateRun(SuiteRunner.java:310)
	at org.testng.SuiteRunner.run(SuiteRunner.java:259)
	at org.testng.SuiteRunnerWorker.runSuite(SuiteRunnerWorker.java:52)
	at org.testng.SuiteRunnerWorker.run(SuiteRunnerWorker.java:86)
	at org.testng.TestNG.runSuitesSequentially(TestNG.java:1199)
	at org.testng.TestNG.runSuitesLocally(TestNG.java:1124)
	at org.testng.TestNG.run(TestNG.java:1032)
	at org.testng.remote.AbstractRemoteTestNG.run(AbstractRemoteTestNG.java:115)
	at org.testng.remote.RemoteTestNG.initAndRun(RemoteTestNG.java:251)
	at org.testng.remote.RemoteTestNG.main(RemoteTestNG.java:77)
</stack-trace>
            </failure>
            <steps>
                <step start="1607445272841" stop="1607445272841" status="passed">
                    <name>logStep[Verifing :iu=%2F7646%2Fapp_android_us%2Fdb_display%2Fhome_screen%2Fmarquee Pub Ad Call custParamtmpc]</name>
                    <title>Verifing :iu=%2F7646%2Fapp_android_us%2Fdb_display%2Fhome_screen%2Fmarquee Pub Ad Call custParamtmpc</title>
                </step>
                <step start="1607445275024" stop="1607445275024" status="passed">
                    <name>logStep[reading turbo call value]</name>
                    <title>reading turbo call value</title>
                </step>
                <step start="1607445275221" stop="1607445275221" status="passed">
                    <name>logStep[Turbo call Value ::37]</name>
                    <title>Turbo call Value ::37</title>
                </step>
                <step start="1607445275221" stop="1607445275221" status="passed">
                    <name>logStep[double value is::3.0]</name>
                    <title>double value is::3.0</title>
                </step>
                <step start="1607445275221" stop="1607445275221" status="passed">
                    <name>logStep[Expected Value ::3]</name>
                    <title>Expected Value ::3</title>
                </step>
                <step start="1607445275221" stop="1607445275221" status="passed">
                    <name>logStep[PubAd Value ::22]</name>
                    <title>PubAd Value ::22</title>
                </step>
                <step start="1607445275222" stop="1607445275222" status="passed">
                    <name>logStep[Values are  not matched]</name>
                    <title>Values are  not matched</title>
                </step>
                <step start="1607445275222" stop="1607445275222" status="passed">
                    <name>logStep[Result Fail]</name>
                    <title>Result Fail</title>
                </step>
                <step start="1607445275547" stop="1607445275547" status="passed">
                    <name>logStep[Verifing :iu=%2F7646%2Fapp_android_us%2Fdb_display%2Ffeed%2Ffeed_1 Pub Ad Call custParamtmpc]</name>
                    <title>Verifing :iu=%2F7646%2Fapp_android_us%2Fdb_display%2Ffeed%2Ffeed_1 Pub Ad Call custParamtmpc</title>
                </step>
                <step start="1607445277451" stop="1607445277451" status="passed">
                    <name>logStep[reading turbo call value]</name>
                    <title>reading turbo call value</title>
                </step>
                <step start="1607445277646" stop="1607445277646" status="passed">
                    <name>logStep[Turbo call Value ::37]</name>
                    <title>Turbo call Value ::37</title>
                </step>
                <step start="1607445277646" stop="1607445277646" status="passed">
                    <name>logStep[double value is::3.0]</name>
                    <title>double value is::3.0</title>
                </step>
                <step start="1607445277646" stop="1607445277646" status="passed">
                    <name>logStep[Expected Value ::3]</name>
                    <title>Expected Value ::3</title>
                </step>
                <step start="1607445277646" stop="1607445277646" status="passed">
                    <name>logStep[PubAd Value ::22]</name>
                    <title>PubAd Value ::22</title>
                </step>
                <step start="1607445277646" stop="1607445277646" status="passed">
                    <name>logStep[Values are  not matched]</name>
                    <title>Values are  not matched</title>
                </step>
                <step start="1607445277647" stop="1607445277647" status="passed">
                    <name>logStep[Result Fail]</name>
                    <title>Result Fail</title>
                </step>
                <step start="1607445277978" stop="1607445277978" status="passed">
                    <name>logStep[Verifing :iu=%2F7646%2Fapp_android_us%2Fdb_display%2Fdetails%2Fhourly Pub Ad Call custParamtmpc]</name>
                    <title>Verifing :iu=%2F7646%2Fapp_android_us%2Fdb_display%2Fdetails%2Fhourly Pub Ad Call custParamtmpc</title>
                </step>
                <step start="1607445279339" stop="1607445279339" status="passed">
                    <name>logStep[reading turbo call value]</name>
                    <title>reading turbo call value</title>
                </step>
                <step start="1607445279540" stop="1607445279540" status="passed">
                    <name>logStep[Turbo call Value ::37]</name>
                    <title>Turbo call Value ::37</title>
                </step>
                <step start="1607445279540" stop="1607445279540" status="passed">
                    <name>logStep[double value is::3.0]</name>
                    <title>double value is::3.0</title>
                </step>
                <step start="1607445279540" stop="1607445279540" status="passed">
                    <name>logStep[Expected Value ::3]</name>
                    <title>Expected Value ::3</title>
                </step>
                <step start="1607445279540" stop="1607445279540" status="passed">
                    <name>logStep[PubAd Value ::22]</name>
                    <title>PubAd Value ::22</title>
                </step>
                <step start="1607445279540" stop="1607445279540" status="passed">
                    <name>logStep[Values are  not matched]</name>
                    <title>Values are  not matched</title>
                </step>
                <step start="1607445279541" stop="1607445279541" status="passed">
                    <name>logStep[Result Fail]</name>
                    <title>Result Fail</title>
                </step>
                <step start="1607445279541" stop="1607445279541" status="passed">
                    <name>logStep[tmpc should not be null]</name>
                    <title>tmpc should not be null</title>
                </step>
                <step start="1607445279541" stop="1607445279541" status="passed">
                    <name>logStep[tmpc can be nl]</name>
                    <title>tmpc can be nl</title>
                </step>
            </steps>
            <attachments/>
            <labels>
                <label name="testSuite" value="Default suite"/>
                <label name="testGroup" value="Default test"/>
                <label name="testClass" value="twc.Regression.TestCases.regressionTestCases"/>
                <label name="testMethod" value="C333239_Verify_cust_param_tmpc"/>
                <label name="host" value="AswinikumarsMBP.lan"/>
                <label name="thread" value="23739@AswinikumarsMBP.lan.main(1)"/>
            </labels>
        </test-case>
        <test-case start="1607445272262" stop="1607445279542" status="failed">
            <name>C333239_Verify_cust_param_tmpc</name>
            <title>Verify custom parameter tmpc</title>
            <failure>
                <message>AssertionError: tmpc Value not matched</message>
                <stack-trace>java.lang.AssertionError: tmpc Value not matched
	at org.testng.Assert.fail(Assert.java:94)
	at twc.Regression.TestCases.Custom_Parameters_Verification.parameters_Verification(Custom_Parameters_Verification.java:252)
	at twc.Regression.TestCases.regressionTestCases.C333239_Verify_cust_param_tmpc(regressionTestCases.java:740)
	at sun.reflect.NativeMethodAccessorImpl.invoke0(Native Method)
	at sun.reflect.NativeMethodAccessorImpl.invoke(NativeMethodAccessorImpl.java:62)
	at sun.reflect.DelegatingMethodAccessorImpl.invoke(DelegatingMethodAccessorImpl.java:43)
	at java.lang.reflect.Method.invoke(Method.java:498)
	at org.testng.internal.MethodInvocationHelper.invokeMethod(MethodInvocationHelper.java:85)
	at org.testng.internal.Invoker.invokeMethod(Invoker.java:659)
	at org.testng.internal.Invoker.invokeTestMethod(Invoker.java:845)
	at org.testng.internal.Invoker.invokeTestMethods(Invoker.java:1153)
	at org.testng.internal.TestMethodWorker.invokeTestMethods(TestMethodWorker.java:125)
	at org.testng.internal.TestMethodWorker.run(TestMethodWorker.java:108)
	at org.testng.TestRunner.privateRun(TestRunner.java:771)
	at org.testng.TestRunner.run(TestRunner.java:621)
	at org.testng.SuiteRunner.runTest(SuiteRunner.java:357)
	at org.testng.SuiteRunner.runSequentially(SuiteRunner.java:352)
	at org.testng.SuiteRunner.privateRun(SuiteRunner.java:310)
	at org.testng.SuiteRunner.run(SuiteRunner.java:259)
	at org.testng.SuiteRunnerWorker.runSuite(SuiteRunnerWorker.java:52)
	at org.testng.SuiteRunnerWorker.run(SuiteRunnerWorker.java:86)
	at org.testng.TestNG.runSuitesSequentially(TestNG.java:1199)
	at org.testng.TestNG.runSuitesLocally(TestNG.java:1124)
	at org.testng.TestNG.run(TestNG.java:1032)
	at org.testng.remote.AbstractRemoteTestNG.run(AbstractRemoteTestNG.java:115)
	at org.testng.remote.RemoteTestNG.initAndRun(RemoteTestNG.java:251)
	at org.testng.remote.RemoteTestNG.main(RemoteTestNG.java:77)
</stack-trace>
            </failure>
            <steps>
                <step start="1607445272841" stop="1607445272841" status="passed">
                    <name>logStep[Verifing :iu=%2F7646%2Fapp_android_us%2Fdb_display%2Fhome_screen%2Fmarquee Pub Ad Call custParamtmpc]</name>
                    <title>Verifing :iu=%2F7646%2Fapp_android_us%2Fdb_display%2Fhome_screen%2Fmarquee Pub Ad Call custParamtmpc</title>
                </step>
                <step start="1607445275024" stop="1607445275024" status="passed">
                    <name>logStep[reading turbo call value]</name>
                    <title>reading turbo call value</title>
                </step>
                <step start="1607445275221" stop="1607445275221" status="passed">
                    <name>logStep[Turbo call Value ::37]</name>
                    <title>Turbo call Value ::37</title>
                </step>
                <step start="1607445275221" stop="1607445275221" status="passed">
                    <name>logStep[double value is::3.0]</name>
                    <title>double value is::3.0</title>
                </step>
                <step start="1607445275221" stop="1607445275221" status="passed">
                    <name>logStep[Expected Value ::3]</name>
                    <title>Expected Value ::3</title>
                </step>
                <step start="1607445275221" stop="1607445275221" status="passed">
                    <name>logStep[PubAd Value ::22]</name>
                    <title>PubAd Value ::22</title>
                </step>
                <step start="1607445275222" stop="1607445275222" status="passed">
                    <name>logStep[Values are  not matched]</name>
                    <title>Values are  not matched</title>
                </step>
                <step start="1607445275222" stop="1607445275222" status="passed">
                    <name>logStep[Result Fail]</name>
                    <title>Result Fail</title>
                </step>
                <step start="1607445275547" stop="1607445275547" status="passed">
                    <name>logStep[Verifing :iu=%2F7646%2Fapp_android_us%2Fdb_display%2Ffeed%2Ffeed_1 Pub Ad Call custParamtmpc]</name>
                    <title>Verifing :iu=%2F7646%2Fapp_android_us%2Fdb_display%2Ffeed%2Ffeed_1 Pub Ad Call custParamtmpc</title>
                </step>
                <step start="1607445277451" stop="1607445277451" status="passed">
                    <name>logStep[reading turbo call value]</name>
                    <title>reading turbo call value</title>
                </step>
                <step start="1607445277646" stop="1607445277646" status="passed">
                    <name>logStep[Turbo call Value ::37]</name>
                    <title>Turbo call Value ::37</title>
                </step>
                <step start="1607445277646" stop="1607445277646" status="passed">
                    <name>logStep[double value is::3.0]</name>
                    <title>double value is::3.0</title>
                </step>
                <step start="1607445277646" stop="1607445277646" status="passed">
                    <name>logStep[Expected Value ::3]</name>
                    <title>Expected Value ::3</title>
                </step>
                <step start="1607445277646" stop="1607445277646" status="passed">
                    <name>logStep[PubAd Value ::22]</name>
                    <title>PubAd Value ::22</title>
                </step>
                <step start="1607445277646" stop="1607445277646" status="passed">
                    <name>logStep[Values are  not matched]</name>
                    <title>Values are  not matched</title>
                </step>
                <step start="1607445277647" stop="1607445277647" status="passed">
                    <name>logStep[Result Fail]</name>
                    <title>Result Fail</title>
                </step>
                <step start="1607445277978" stop="1607445277978" status="passed">
                    <name>logStep[Verifing :iu=%2F7646%2Fapp_android_us%2Fdb_display%2Fdetails%2Fhourly Pub Ad Call custParamtmpc]</name>
                    <title>Verifing :iu=%2F7646%2Fapp_android_us%2Fdb_display%2Fdetails%2Fhourly Pub Ad Call custParamtmpc</title>
                </step>
                <step start="1607445279339" stop="1607445279339" status="passed">
                    <name>logStep[reading turbo call value]</name>
                    <title>reading turbo call value</title>
                </step>
                <step start="1607445279540" stop="1607445279540" status="passed">
                    <name>logStep[Turbo call Value ::37]</name>
                    <title>Turbo call Value ::37</title>
                </step>
                <step start="1607445279540" stop="1607445279540" status="passed">
                    <name>logStep[double value is::3.0]</name>
                    <title>double value is::3.0</title>
                </step>
                <step start="1607445279540" stop="1607445279540" status="passed">
                    <name>logStep[Expected Value ::3]</name>
                    <title>Expected Value ::3</title>
                </step>
                <step start="1607445279540" stop="1607445279540" status="passed">
                    <name>logStep[PubAd Value ::22]</name>
                    <title>PubAd Value ::22</title>
                </step>
                <step start="1607445279540" stop="1607445279540" status="passed">
                    <name>logStep[Values are  not matched]</name>
                    <title>Values are  not matched</title>
                </step>
                <step start="1607445279541" stop="1607445279541" status="passed">
                    <name>logStep[Result Fail]</name>
                    <title>Result Fail</title>
                </step>
                <step start="1607445279541" stop="1607445279541" status="passed">
                    <name>logStep[tmpc should not be null]</name>
                    <title>tmpc should not be null</title>
                </step>
                <step start="1607445279541" stop="1607445279541" status="passed">
                    <name>logStep[tmpc can be nl]</name>
                    <title>tmpc can be nl</title>
                </step>
            </steps>
            <attachments/>
            <labels>
                <label name="testSuite" value="Default suite"/>
                <label name="testGroup" value="Default test"/>
                <label name="testClass" value="twc.Regression.TestCases.regressionTestCases"/>
                <label name="testMethod" value="C333239_Verify_cust_param_tmpc"/>
                <label name="host" value="AswinikumarsMBP.lan"/>
                <label name="thread" value="23739@AswinikumarsMBP.lan.main(1)"/>
            </labels>
        </test-case>
        <test-case start="1607445279548" stop="1607445279549" status="passed">
            <name>C333202_Verify_cust_param_zip</name>
            <title>Verify custom parameter zip from  turbo api</title>
            <steps/>
            <attachments/>
            <labels>
                <label name="testSuite" value="Default suite"/>
                <label name="testGroup" value="Default test"/>
                <label name="testClass" value="twc.Regression.TestCases.regressionTestCases"/>
                <label name="testMethod" value="C333202_Verify_cust_param_zip"/>
                <label name="host" value="AswinikumarsMBP.lan"/>
                <label name="thread" value="23739@AswinikumarsMBP.lan.main(1)"/>
            </labels>
        </test-case>
        <test-case start="1607445279548" stop="1607445279549" status="passed">
            <name>C333202_Verify_cust_param_zip</name>
            <title>Verify custom parameter zip from  turbo api</title>
            <steps/>
            <attachments/>
            <labels>
                <label name="testSuite" value="Default suite"/>
                <label name="testGroup" value="Default test"/>
                <label name="testClass" value="twc.Regression.TestCases.regressionTestCases"/>
                <label name="testMethod" value="C333202_Verify_cust_param_zip"/>
                <label name="host" value="AswinikumarsMBP.lan"/>
                <label name="thread" value="23739@AswinikumarsMBP.lan.main(1)"/>
            </labels>
        </test-case>
        <test-case start="1607445279550" stop="1607445287013" status="passed">
            <name>C333221_Verify_cust_param_wind</name>
            <title>Verify custom parameter wind</title>
            <steps>
                <step start="1607445280216" stop="1607445280216" status="passed">
                    <name>logStep[Verifing :iu=%2F7646%2Fapp_android_us%2Fdb_display%2Fhome_screen%2Fmarquee Pub Ad Call custParamwind]</name>
                    <title>Verifing :iu=%2F7646%2Fapp_android_us%2Fdb_display%2Fhome_screen%2Fmarquee Pub Ad Call custParamwind</title>
                    <attachments/>
                    <steps/>
                </step>
                <step start="1607445282149" stop="1607445282149" status="passed">
                    <name>logStep[reading turbo call value]</name>
                    <title>reading turbo call value</title>
                    <attachments/>
                    <steps/>
                </step>
                <step start="1607445282381" stop="1607445282381" status="passed">
                    <name>logStep[Turbo Value ::8]</name>
                    <title>Turbo Value ::8</title>
                    <attachments/>
                    <steps/>
                </step>
                <step start="1607445282381" stop="1607445282381" status="passed">
                    <name>logStep[PubAd Value ::lo]</name>
                    <title>PubAd Value ::lo</title>
                    <attachments/>
                    <steps/>
                </step>
                <step start="1607445282385" stop="1607445282385" status="passed">
                    <name>logStep[Values are matched]</name>
                    <title>Values are matched</title>
                    <attachments/>
                    <steps/>
                </step>
                <step start="1607445282385" stop="1607445282385" status="passed">
                    <name>logStep[Result Passed]</name>
                    <title>Result Passed</title>
                    <attachments/>
                    <steps/>
                </step>
                <step start="1607445282687" stop="1607445282687" status="passed">
                    <name>logStep[Verifing :iu=%2F7646%2Fapp_android_us%2Fdb_display%2Ffeed%2Ffeed_1 Pub Ad Call custParamwind]</name>
                    <title>Verifing :iu=%2F7646%2Fapp_android_us%2Fdb_display%2Ffeed%2Ffeed_1 Pub Ad Call custParamwind</title>
                    <attachments/>
                    <steps/>
                </step>
                <step start="1607445284634" stop="1607445284634" status="passed">
                    <name>logStep[reading turbo call value]</name>
                    <title>reading turbo call value</title>
                    <attachments/>
                    <steps/>
                </step>
                <step start="1607445284940" stop="1607445284940" status="passed">
                    <name>logStep[Turbo Value ::8]</name>
                    <title>Turbo Value ::8</title>
                    <attachments/>
                    <steps/>
                </step>
                <step start="1607445284940" stop="1607445284940" status="passed">
                    <name>logStep[PubAd Value ::lo]</name>
                    <title>PubAd Value ::lo</title>
                    <attachments/>
                    <steps/>
                </step>
                <step start="1607445284945" stop="1607445284945" status="passed">
                    <name>logStep[Values are matched]</name>
                    <title>Values are matched</title>
                    <attachments/>
                    <steps/>
                </step>
                <step start="1607445284945" stop="1607445284945" status="passed">
                    <name>logStep[Result Passed]</name>
                    <title>Result Passed</title>
                    <attachments/>
                    <steps/>
                </step>
                <step start="1607445285281" stop="1607445285281" status="passed">
                    <name>logStep[Verifing :iu=%2F7646%2Fapp_android_us%2Fdb_display%2Fdetails%2Fhourly Pub Ad Call custParamwind]</name>
                    <title>Verifing :iu=%2F7646%2Fapp_android_us%2Fdb_display%2Fdetails%2Fhourly Pub Ad Call custParamwind</title>
                    <attachments/>
                    <steps/>
                </step>
                <step start="1607445286759" stop="1607445286759" status="passed">
                    <name>logStep[reading turbo call value]</name>
                    <title>reading turbo call value</title>
                    <attachments/>
                    <steps/>
                </step>
                <step start="1607445287006" stop="1607445287006" status="passed">
                    <name>logStep[Turbo Value ::8]</name>
                    <title>Turbo Value ::8</title>
                    <attachments/>
                    <steps/>
                </step>
                <step start="1607445287006" stop="1607445287006" status="passed">
                    <name>logStep[PubAd Value ::lo]</name>
                    <title>PubAd Value ::lo</title>
                    <attachments/>
                    <steps/>
                </step>
                <step start="1607445287010" stop="1607445287010" status="passed">
                    <name>logStep[Values are matched]</name>
                    <title>Values are matched</title>
                    <attachments/>
                    <steps/>
                </step>
                <step start="1607445287010" stop="1607445287010" status="passed">
                    <name>logStep[Result Passed]</name>
                    <title>Result Passed</title>
                    <attachments/>
                    <steps/>
                </step>
            </steps>
            <attachments/>
            <labels>
                <label name="testSuite" value="Default suite"/>
                <label name="testGroup" value="Default test"/>
                <label name="testClass" value="twc.Regression.TestCases.regressionTestCases"/>
                <label name="testMethod" value="C333221_Verify_cust_param_wind"/>
                <label name="host" value="AswinikumarsMBP.lan"/>
                <label name="thread" value="23739@AswinikumarsMBP.lan.main(1)"/>
            </labels>
        </test-case>
        <test-case start="1607445279550" stop="1607445287013" status="passed">
            <name>C333221_Verify_cust_param_wind</name>
            <title>Verify custom parameter wind</title>
            <steps>
                <step start="1607445280216" stop="1607445280216" status="passed">
                    <name>logStep[Verifing :iu=%2F7646%2Fapp_android_us%2Fdb_display%2Fhome_screen%2Fmarquee Pub Ad Call custParamwind]</name>
                    <title>Verifing :iu=%2F7646%2Fapp_android_us%2Fdb_display%2Fhome_screen%2Fmarquee Pub Ad Call custParamwind</title>
                    <attachments/>
                    <steps/>
                </step>
                <step start="1607445282149" stop="1607445282149" status="passed">
                    <name>logStep[reading turbo call value]</name>
                    <title>reading turbo call value</title>
                    <attachments/>
                    <steps/>
                </step>
                <step start="1607445282381" stop="1607445282381" status="passed">
                    <name>logStep[Turbo Value ::8]</name>
                    <title>Turbo Value ::8</title>
                    <attachments/>
                    <steps/>
                </step>
                <step start="1607445282381" stop="1607445282381" status="passed">
                    <name>logStep[PubAd Value ::lo]</name>
                    <title>PubAd Value ::lo</title>
                    <attachments/>
                    <steps/>
                </step>
                <step start="1607445282385" stop="1607445282385" status="passed">
                    <name>logStep[Values are matched]</name>
                    <title>Values are matched</title>
                    <attachments/>
                    <steps/>
                </step>
                <step start="1607445282385" stop="1607445282385" status="passed">
                    <name>logStep[Result Passed]</name>
                    <title>Result Passed</title>
                    <attachments/>
                    <steps/>
                </step>
                <step start="1607445282687" stop="1607445282687" status="passed">
                    <name>logStep[Verifing :iu=%2F7646%2Fapp_android_us%2Fdb_display%2Ffeed%2Ffeed_1 Pub Ad Call custParamwind]</name>
                    <title>Verifing :iu=%2F7646%2Fapp_android_us%2Fdb_display%2Ffeed%2Ffeed_1 Pub Ad Call custParamwind</title>
                    <attachments/>
                    <steps/>
                </step>
                <step start="1607445284634" stop="1607445284634" status="passed">
                    <name>logStep[reading turbo call value]</name>
                    <title>reading turbo call value</title>
                    <attachments/>
                    <steps/>
                </step>
                <step start="1607445284940" stop="1607445284940" status="passed">
                    <name>logStep[Turbo Value ::8]</name>
                    <title>Turbo Value ::8</title>
                    <attachments/>
                    <steps/>
                </step>
                <step start="1607445284940" stop="1607445284940" status="passed">
                    <name>logStep[PubAd Value ::lo]</name>
                    <title>PubAd Value ::lo</title>
                    <attachments/>
                    <steps/>
                </step>
                <step start="1607445284945" stop="1607445284945" status="passed">
                    <name>logStep[Values are matched]</name>
                    <title>Values are matched</title>
                    <attachments/>
                    <steps/>
                </step>
                <step start="1607445284945" stop="1607445284945" status="passed">
                    <name>logStep[Result Passed]</name>
                    <title>Result Passed</title>
                    <attachments/>
                    <steps/>
                </step>
                <step start="1607445285281" stop="1607445285281" status="passed">
                    <name>logStep[Verifing :iu=%2F7646%2Fapp_android_us%2Fdb_display%2Fdetails%2Fhourly Pub Ad Call custParamwind]</name>
                    <title>Verifing :iu=%2F7646%2Fapp_android_us%2Fdb_display%2Fdetails%2Fhourly Pub Ad Call custParamwind</title>
                    <attachments/>
                    <steps/>
                </step>
                <step start="1607445286759" stop="1607445286759" status="passed">
                    <name>logStep[reading turbo call value]</name>
                    <title>reading turbo call value</title>
                    <attachments/>
                    <steps/>
                </step>
                <step start="1607445287006" stop="1607445287006" status="passed">
                    <name>logStep[Turbo Value ::8]</name>
                    <title>Turbo Value ::8</title>
                    <attachments/>
                    <steps/>
                </step>
                <step start="1607445287006" stop="1607445287006" status="passed">
                    <name>logStep[PubAd Value ::lo]</name>
                    <title>PubAd Value ::lo</title>
                    <attachments/>
                    <steps/>
                </step>
                <step start="1607445287010" stop="1607445287010" status="passed">
                    <name>logStep[Values are matched]</name>
                    <title>Values are matched</title>
                    <attachments/>
                    <steps/>
                </step>
                <step start="1607445287010" stop="1607445287010" status="passed">
                    <name>logStep[Result Passed]</name>
                    <title>Result Passed</title>
                    <attachments/>
                    <steps/>
                </step>
            </steps>
            <attachments/>
            <labels>
                <label name="testSuite" value="Default suite"/>
                <label name="testGroup" value="Default test"/>
                <label name="testClass" value="twc.Regression.TestCases.regressionTestCases"/>
                <label name="testMethod" value="C333221_Verify_cust_param_wind"/>
                <label name="host" value="AswinikumarsMBP.lan"/>
                <label name="thread" value="23739@AswinikumarsMBP.lan.main(1)"/>
            </labels>
        </test-case>
        <test-case start="1607445287016" stop="1607445294671" status="passed">
            <name>C333224_Verify_cust_param_uv</name>
            <title>Verify custom parameter uv</title>
            <steps>
                <step start="1607445287604" stop="1607445287604" status="passed">
                    <name>logStep[Verifing :iu=%2F7646%2Fapp_android_us%2Fdb_display%2Fhome_screen%2Fmarquee Pub Ad Call custParamuv]</name>
                    <title>Verifing :iu=%2F7646%2Fapp_android_us%2Fdb_display%2Fhome_screen%2Fmarquee Pub Ad Call custParamuv</title>
                    <attachments/>
                    <steps/>
                </step>
                <step start="1607445289772" stop="1607445289772" status="passed">
                    <name>logStep[reading turbo call value]</name>
                    <title>reading turbo call value</title>
                    <attachments/>
                    <steps/>
                </step>
                <step start="1607445289970" stop="1607445289970" status="passed">
                    <name>logStep[Turbo Value ::2]</name>
                    <title>Turbo Value ::2</title>
                    <attachments/>
                    <steps/>
                </step>
                <step start="1607445289970" stop="1607445289970" status="passed">
                    <name>logStep[PubAd Value ::nl]</name>
                    <title>PubAd Value ::nl</title>
                    <attachments/>
                    <steps/>
                </step>
                <step start="1607445289971" stop="1607445289971" status="passed">
                    <name>logStep[Values are matched]</name>
                    <title>Values are matched</title>
                    <attachments/>
                    <steps/>
                </step>
                <step start="1607445289974" stop="1607445289974" status="passed">
                    <name>logStep[Result Pass]</name>
                    <title>Result Pass</title>
                    <attachments/>
                    <steps/>
                </step>
                <step start="1607445290340" stop="1607445290340" status="passed">
                    <name>logStep[Verifing :iu=%2F7646%2Fapp_android_us%2Fdb_display%2Ffeed%2Ffeed_1 Pub Ad Call custParamuv]</name>
                    <title>Verifing :iu=%2F7646%2Fapp_android_us%2Fdb_display%2Ffeed%2Ffeed_1 Pub Ad Call custParamuv</title>
                    <attachments/>
                    <steps/>
                </step>
                <step start="1607445292370" stop="1607445292370" status="passed">
                    <name>logStep[reading turbo call value]</name>
                    <title>reading turbo call value</title>
                    <attachments/>
                    <steps/>
                </step>
                <step start="1607445292571" stop="1607445292571" status="passed">
                    <name>logStep[Turbo Value ::2]</name>
                    <title>Turbo Value ::2</title>
                    <attachments/>
                    <steps/>
                </step>
                <step start="1607445292571" stop="1607445292571" status="passed">
                    <name>logStep[PubAd Value ::nl]</name>
                    <title>PubAd Value ::nl</title>
                    <attachments/>
                    <steps/>
                </step>
                <step start="1607445292571" stop="1607445292571" status="passed">
                    <name>logStep[Values are matched]</name>
                    <title>Values are matched</title>
                    <attachments/>
                    <steps/>
                </step>
                <step start="1607445292575" stop="1607445292575" status="passed">
                    <name>logStep[Result Pass]</name>
                    <title>Result Pass</title>
                    <attachments/>
                    <steps/>
                </step>
                <step start="1607445292937" stop="1607445292937" status="passed">
                    <name>logStep[Verifing :iu=%2F7646%2Fapp_android_us%2Fdb_display%2Fdetails%2Fhourly Pub Ad Call custParamuv]</name>
                    <title>Verifing :iu=%2F7646%2Fapp_android_us%2Fdb_display%2Fdetails%2Fhourly Pub Ad Call custParamuv</title>
                    <attachments/>
                    <steps/>
                </step>
                <step start="1607445294460" stop="1607445294460" status="passed">
                    <name>logStep[reading turbo call value]</name>
                    <title>reading turbo call value</title>
                    <attachments/>
                    <steps/>
                </step>
                <step start="1607445294663" stop="1607445294663" status="passed">
                    <name>logStep[Turbo Value ::2]</name>
                    <title>Turbo Value ::2</title>
                    <attachments/>
                    <steps/>
                </step>
                <step start="1607445294663" stop="1607445294663" status="passed">
                    <name>logStep[PubAd Value ::nl]</name>
                    <title>PubAd Value ::nl</title>
                    <attachments/>
                    <steps/>
                </step>
                <step start="1607445294663" stop="1607445294663" status="passed">
                    <name>logStep[Values are matched]</name>
                    <title>Values are matched</title>
                    <attachments/>
                    <steps/>
                </step>
                <step start="1607445294667" stop="1607445294667" status="passed">
                    <name>logStep[Result Pass]</name>
                    <title>Result Pass</title>
                    <attachments/>
                    <steps/>
                </step>
            </steps>
            <attachments/>
            <labels>
                <label name="testSuite" value="Default suite"/>
                <label name="testGroup" value="Default test"/>
                <label name="testClass" value="twc.Regression.TestCases.regressionTestCases"/>
                <label name="testMethod" value="C333224_Verify_cust_param_uv"/>
                <label name="host" value="AswinikumarsMBP.lan"/>
                <label name="thread" value="23739@AswinikumarsMBP.lan.main(1)"/>
            </labels>
        </test-case>
        <test-case start="1607445287016" stop="1607445294671" status="passed">
            <name>C333224_Verify_cust_param_uv</name>
            <title>Verify custom parameter uv</title>
            <steps>
                <step start="1607445287604" stop="1607445287604" status="passed">
                    <name>logStep[Verifing :iu=%2F7646%2Fapp_android_us%2Fdb_display%2Fhome_screen%2Fmarquee Pub Ad Call custParamuv]</name>
                    <title>Verifing :iu=%2F7646%2Fapp_android_us%2Fdb_display%2Fhome_screen%2Fmarquee Pub Ad Call custParamuv</title>
                    <attachments/>
                    <steps/>
                </step>
                <step start="1607445289772" stop="1607445289772" status="passed">
                    <name>logStep[reading turbo call value]</name>
                    <title>reading turbo call value</title>
                    <attachments/>
                    <steps/>
                </step>
                <step start="1607445289970" stop="1607445289970" status="passed">
                    <name>logStep[Turbo Value ::2]</name>
                    <title>Turbo Value ::2</title>
                    <attachments/>
                    <steps/>
                </step>
                <step start="1607445289970" stop="1607445289970" status="passed">
                    <name>logStep[PubAd Value ::nl]</name>
                    <title>PubAd Value ::nl</title>
                    <attachments/>
                    <steps/>
                </step>
                <step start="1607445289971" stop="1607445289971" status="passed">
                    <name>logStep[Values are matched]</name>
                    <title>Values are matched</title>
                    <attachments/>
                    <steps/>
                </step>
                <step start="1607445289974" stop="1607445289974" status="passed">
                    <name>logStep[Result Pass]</name>
                    <title>Result Pass</title>
                    <attachments/>
                    <steps/>
                </step>
                <step start="1607445290340" stop="1607445290340" status="passed">
                    <name>logStep[Verifing :iu=%2F7646%2Fapp_android_us%2Fdb_display%2Ffeed%2Ffeed_1 Pub Ad Call custParamuv]</name>
                    <title>Verifing :iu=%2F7646%2Fapp_android_us%2Fdb_display%2Ffeed%2Ffeed_1 Pub Ad Call custParamuv</title>
                    <attachments/>
                    <steps/>
                </step>
                <step start="1607445292370" stop="1607445292370" status="passed">
                    <name>logStep[reading turbo call value]</name>
                    <title>reading turbo call value</title>
                    <attachments/>
                    <steps/>
                </step>
                <step start="1607445292571" stop="1607445292571" status="passed">
                    <name>logStep[Turbo Value ::2]</name>
                    <title>Turbo Value ::2</title>
                    <attachments/>
                    <steps/>
                </step>
                <step start="1607445292571" stop="1607445292571" status="passed">
                    <name>logStep[PubAd Value ::nl]</name>
                    <title>PubAd Value ::nl</title>
                    <attachments/>
                    <steps/>
                </step>
                <step start="1607445292571" stop="1607445292571" status="passed">
                    <name>logStep[Values are matched]</name>
                    <title>Values are matched</title>
                    <attachments/>
                    <steps/>
                </step>
                <step start="1607445292575" stop="1607445292575" status="passed">
                    <name>logStep[Result Pass]</name>
                    <title>Result Pass</title>
                    <attachments/>
                    <steps/>
                </step>
                <step start="1607445292937" stop="1607445292937" status="passed">
                    <name>logStep[Verifing :iu=%2F7646%2Fapp_android_us%2Fdb_display%2Fdetails%2Fhourly Pub Ad Call custParamuv]</name>
                    <title>Verifing :iu=%2F7646%2Fapp_android_us%2Fdb_display%2Fdetails%2Fhourly Pub Ad Call custParamuv</title>
                    <attachments/>
                    <steps/>
                </step>
                <step start="1607445294460" stop="1607445294460" status="passed">
                    <name>logStep[reading turbo call value]</name>
                    <title>reading turbo call value</title>
                    <attachments/>
                    <steps/>
                </step>
                <step start="1607445294663" stop="1607445294663" status="passed">
                    <name>logStep[Turbo Value ::2]</name>
                    <title>Turbo Value ::2</title>
                    <attachments/>
                    <steps/>
                </step>
                <step start="1607445294663" stop="1607445294663" status="passed">
                    <name>logStep[PubAd Value ::nl]</name>
                    <title>PubAd Value ::nl</title>
                    <attachments/>
                    <steps/>
                </step>
                <step start="1607445294663" stop="1607445294663" status="passed">
                    <name>logStep[Values are matched]</name>
                    <title>Values are matched</title>
                    <attachments/>
                    <steps/>
                </step>
                <step start="1607445294667" stop="1607445294667" status="passed">
                    <name>logStep[Result Pass]</name>
                    <title>Result Pass</title>
                    <attachments/>
                    <steps/>
                </step>
            </steps>
            <attachments/>
            <labels>
                <label name="testSuite" value="Default suite"/>
                <label name="testGroup" value="Default test"/>
                <label name="testClass" value="twc.Regression.TestCases.regressionTestCases"/>
                <label name="testMethod" value="C333224_Verify_cust_param_uv"/>
                <label name="host" value="AswinikumarsMBP.lan"/>
                <label name="thread" value="23739@AswinikumarsMBP.lan.main(1)"/>
            </labels>
        </test-case>
        <test-case start="1607445294678" stop="1607445303158" status="failed">
            <name>C333232_Verify_cust_param_fltmpc</name>
            <title>Verify custom parameter fltmpc</title>
            <failure>
                <message>AssertionError: fltmpc Value not matched</message>
                <stack-trace>java.lang.AssertionError: fltmpc Value not matched
	at org.testng.Assert.fail(Assert.java:94)
	at twc.Regression.TestCases.Custom_Parameters_Verification.parameters_Verification(Custom_Parameters_Verification.java:243)
	at twc.Regression.TestCases.regressionTestCases.C333232_Verify_cust_param_fltmpc(regressionTestCases.java:783)
	at sun.reflect.NativeMethodAccessorImpl.invoke0(Native Method)
	at sun.reflect.NativeMethodAccessorImpl.invoke(NativeMethodAccessorImpl.java:62)
	at sun.reflect.DelegatingMethodAccessorImpl.invoke(DelegatingMethodAccessorImpl.java:43)
	at java.lang.reflect.Method.invoke(Method.java:498)
	at org.testng.internal.MethodInvocationHelper.invokeMethod(MethodInvocationHelper.java:85)
	at org.testng.internal.Invoker.invokeMethod(Invoker.java:659)
	at org.testng.internal.Invoker.invokeTestMethod(Invoker.java:845)
	at org.testng.internal.Invoker.invokeTestMethods(Invoker.java:1153)
	at org.testng.internal.TestMethodWorker.invokeTestMethods(TestMethodWorker.java:125)
	at org.testng.internal.TestMethodWorker.run(TestMethodWorker.java:108)
	at org.testng.TestRunner.privateRun(TestRunner.java:771)
	at org.testng.TestRunner.run(TestRunner.java:621)
	at org.testng.SuiteRunner.runTest(SuiteRunner.java:357)
	at org.testng.SuiteRunner.runSequentially(SuiteRunner.java:352)
	at org.testng.SuiteRunner.privateRun(SuiteRunner.java:310)
	at org.testng.SuiteRunner.run(SuiteRunner.java:259)
	at org.testng.SuiteRunnerWorker.runSuite(SuiteRunnerWorker.java:52)
	at org.testng.SuiteRunnerWorker.run(SuiteRunnerWorker.java:86)
	at org.testng.TestNG.runSuitesSequentially(TestNG.java:1199)
	at org.testng.TestNG.runSuitesLocally(TestNG.java:1124)
	at org.testng.TestNG.run(TestNG.java:1032)
	at org.testng.remote.AbstractRemoteTestNG.run(AbstractRemoteTestNG.java:115)
	at org.testng.remote.RemoteTestNG.initAndRun(RemoteTestNG.java:251)
	at org.testng.remote.RemoteTestNG.main(RemoteTestNG.java:77)
</stack-trace>
            </failure>
            <steps>
                <step start="1607445295303" stop="1607445295303" status="passed">
                    <name>logStep[Verifing :iu=%2F7646%2Fapp_android_us%2Fdb_display%2Fhome_screen%2Fmarquee Pub Ad Call custParamfltmpc]</name>
                    <title>Verifing :iu=%2F7646%2Fapp_android_us%2Fdb_display%2Fhome_screen%2Fmarquee Pub Ad Call custParamfltmpc</title>
                </step>
                <step start="1607445297529" stop="1607445297529" status="passed">
                    <name>logStep[reading turbo call value]</name>
                    <title>reading turbo call value</title>
                </step>
                <step start="1607445297799" stop="1607445297799" status="passed">
                    <name>logStep[Turbo call Value ::37]</name>
                    <title>Turbo call Value ::37</title>
                </step>
                <step start="1607445297800" stop="1607445297800" status="passed">
                    <name>logStep[double value is::3.0]</name>
                    <title>double value is::3.0</title>
                </step>
                <step start="1607445297800" stop="1607445297800" status="passed">
                    <name>logStep[Expected Value ::3]</name>
                    <title>Expected Value ::3</title>
                </step>
                <step start="1607445297800" stop="1607445297800" status="passed">
                    <name>logStep[PubAd Value ::22]</name>
                    <title>PubAd Value ::22</title>
                </step>
                <step start="1607445297800" stop="1607445297800" status="passed">
                    <name>logStep[Values are  not matched]</name>
                    <title>Values are  not matched</title>
                </step>
                <step start="1607445297800" stop="1607445297800" status="passed">
                    <name>logStep[Result Fail]</name>
                    <title>Result Fail</title>
                </step>
                <step start="1607445298136" stop="1607445298136" status="passed">
                    <name>logStep[Verifing :iu=%2F7646%2Fapp_android_us%2Fdb_display%2Ffeed%2Ffeed_1 Pub Ad Call custParamfltmpc]</name>
                    <title>Verifing :iu=%2F7646%2Fapp_android_us%2Fdb_display%2Ffeed%2Ffeed_1 Pub Ad Call custParamfltmpc</title>
                </step>
                <step start="1607445300318" stop="1607445300318" status="passed">
                    <name>logStep[reading turbo call value]</name>
                    <title>reading turbo call value</title>
                </step>
                <step start="1607445300697" stop="1607445300697" status="passed">
                    <name>logStep[Turbo call Value ::37]</name>
                    <title>Turbo call Value ::37</title>
                </step>
                <step start="1607445300697" stop="1607445300697" status="passed">
                    <name>logStep[double value is::3.0]</name>
                    <title>double value is::3.0</title>
                </step>
                <step start="1607445300697" stop="1607445300697" status="passed">
                    <name>logStep[Expected Value ::3]</name>
                    <title>Expected Value ::3</title>
                </step>
                <step start="1607445300697" stop="1607445300697" status="passed">
                    <name>logStep[PubAd Value ::22]</name>
                    <title>PubAd Value ::22</title>
                </step>
                <step start="1607445300698" stop="1607445300698" status="passed">
                    <name>logStep[Values are  not matched]</name>
                    <title>Values are  not matched</title>
                </step>
                <step start="1607445300698" stop="1607445300698" status="passed">
                    <name>logStep[Result Fail]</name>
                    <title>Result Fail</title>
                </step>
                <step start="1607445301116" stop="1607445301116" status="passed">
                    <name>logStep[Verifing :iu=%2F7646%2Fapp_android_us%2Fdb_display%2Fdetails%2Fhourly Pub Ad Call custParamfltmpc]</name>
                    <title>Verifing :iu=%2F7646%2Fapp_android_us%2Fdb_display%2Fdetails%2Fhourly Pub Ad Call custParamfltmpc</title>
                </step>
                <step start="1607445302909" stop="1607445302909" status="passed">
                    <name>logStep[reading turbo call value]</name>
                    <title>reading turbo call value</title>
                </step>
                <step start="1607445303156" stop="1607445303156" status="passed">
                    <name>logStep[Turbo call Value ::37]</name>
                    <title>Turbo call Value ::37</title>
                </step>
                <step start="1607445303156" stop="1607445303156" status="passed">
                    <name>logStep[double value is::3.0]</name>
                    <title>double value is::3.0</title>
                </step>
                <step start="1607445303156" stop="1607445303156" status="passed">
                    <name>logStep[Expected Value ::3]</name>
                    <title>Expected Value ::3</title>
                </step>
                <step start="1607445303156" stop="1607445303156" status="passed">
                    <name>logStep[PubAd Value ::22]</name>
                    <title>PubAd Value ::22</title>
                </step>
                <step start="1607445303157" stop="1607445303157" status="passed">
                    <name>logStep[Values are  not matched]</name>
                    <title>Values are  not matched</title>
                </step>
                <step start="1607445303157" stop="1607445303157" status="passed">
                    <name>logStep[Result Fail]</name>
                    <title>Result Fail</title>
                </step>
                <step start="1607445303157" stop="1607445303157" status="passed">
                    <name>logStep[fltmpc should not be null]</name>
                    <title>fltmpc should not be null</title>
                </step>
                <step start="1607445303157" stop="1607445303157" status="passed">
                    <name>logStep[fltmpc can be nl]</name>
                    <title>fltmpc can be nl</title>
                </step>
            </steps>
            <attachments/>
            <labels>
                <label name="testSuite" value="Default suite"/>
                <label name="testGroup" value="Default test"/>
                <label name="testClass" value="twc.Regression.TestCases.regressionTestCases"/>
                <label name="testMethod" value="C333232_Verify_cust_param_fltmpc"/>
                <label name="host" value="AswinikumarsMBP.lan"/>
                <label name="thread" value="23739@AswinikumarsMBP.lan.main(1)"/>
            </labels>
        </test-case>
        <test-case start="1607445294678" stop="1607445303158" status="failed">
            <name>C333232_Verify_cust_param_fltmpc</name>
            <title>Verify custom parameter fltmpc</title>
            <failure>
                <message>AssertionError: fltmpc Value not matched</message>
                <stack-trace>java.lang.AssertionError: fltmpc Value not matched
	at org.testng.Assert.fail(Assert.java:94)
	at twc.Regression.TestCases.Custom_Parameters_Verification.parameters_Verification(Custom_Parameters_Verification.java:243)
	at twc.Regression.TestCases.regressionTestCases.C333232_Verify_cust_param_fltmpc(regressionTestCases.java:783)
	at sun.reflect.NativeMethodAccessorImpl.invoke0(Native Method)
	at sun.reflect.NativeMethodAccessorImpl.invoke(NativeMethodAccessorImpl.java:62)
	at sun.reflect.DelegatingMethodAccessorImpl.invoke(DelegatingMethodAccessorImpl.java:43)
	at java.lang.reflect.Method.invoke(Method.java:498)
	at org.testng.internal.MethodInvocationHelper.invokeMethod(MethodInvocationHelper.java:85)
	at org.testng.internal.Invoker.invokeMethod(Invoker.java:659)
	at org.testng.internal.Invoker.invokeTestMethod(Invoker.java:845)
	at org.testng.internal.Invoker.invokeTestMethods(Invoker.java:1153)
	at org.testng.internal.TestMethodWorker.invokeTestMethods(TestMethodWorker.java:125)
	at org.testng.internal.TestMethodWorker.run(TestMethodWorker.java:108)
	at org.testng.TestRunner.privateRun(TestRunner.java:771)
	at org.testng.TestRunner.run(TestRunner.java:621)
	at org.testng.SuiteRunner.runTest(SuiteRunner.java:357)
	at org.testng.SuiteRunner.runSequentially(SuiteRunner.java:352)
	at org.testng.SuiteRunner.privateRun(SuiteRunner.java:310)
	at org.testng.SuiteRunner.run(SuiteRunner.java:259)
	at org.testng.SuiteRunnerWorker.runSuite(SuiteRunnerWorker.java:52)
	at org.testng.SuiteRunnerWorker.run(SuiteRunnerWorker.java:86)
	at org.testng.TestNG.runSuitesSequentially(TestNG.java:1199)
	at org.testng.TestNG.runSuitesLocally(TestNG.java:1124)
	at org.testng.TestNG.run(TestNG.java:1032)
	at org.testng.remote.AbstractRemoteTestNG.run(AbstractRemoteTestNG.java:115)
	at org.testng.remote.RemoteTestNG.initAndRun(RemoteTestNG.java:251)
	at org.testng.remote.RemoteTestNG.main(RemoteTestNG.java:77)
</stack-trace>
            </failure>
            <steps>
                <step start="1607445295303" stop="1607445295303" status="passed">
                    <name>logStep[Verifing :iu=%2F7646%2Fapp_android_us%2Fdb_display%2Fhome_screen%2Fmarquee Pub Ad Call custParamfltmpc]</name>
                    <title>Verifing :iu=%2F7646%2Fapp_android_us%2Fdb_display%2Fhome_screen%2Fmarquee Pub Ad Call custParamfltmpc</title>
                </step>
                <step start="1607445297529" stop="1607445297529" status="passed">
                    <name>logStep[reading turbo call value]</name>
                    <title>reading turbo call value</title>
                </step>
                <step start="1607445297799" stop="1607445297799" status="passed">
                    <name>logStep[Turbo call Value ::37]</name>
                    <title>Turbo call Value ::37</title>
                </step>
                <step start="1607445297800" stop="1607445297800" status="passed">
                    <name>logStep[double value is::3.0]</name>
                    <title>double value is::3.0</title>
                </step>
                <step start="1607445297800" stop="1607445297800" status="passed">
                    <name>logStep[Expected Value ::3]</name>
                    <title>Expected Value ::3</title>
                </step>
                <step start="1607445297800" stop="1607445297800" status="passed">
                    <name>logStep[PubAd Value ::22]</name>
                    <title>PubAd Value ::22</title>
                </step>
                <step start="1607445297800" stop="1607445297800" status="passed">
                    <name>logStep[Values are  not matched]</name>
                    <title>Values are  not matched</title>
                </step>
                <step start="1607445297800" stop="1607445297800" status="passed">
                    <name>logStep[Result Fail]</name>
                    <title>Result Fail</title>
                </step>
                <step start="1607445298136" stop="1607445298136" status="passed">
                    <name>logStep[Verifing :iu=%2F7646%2Fapp_android_us%2Fdb_display%2Ffeed%2Ffeed_1 Pub Ad Call custParamfltmpc]</name>
                    <title>Verifing :iu=%2F7646%2Fapp_android_us%2Fdb_display%2Ffeed%2Ffeed_1 Pub Ad Call custParamfltmpc</title>
                </step>
                <step start="1607445300318" stop="1607445300318" status="passed">
                    <name>logStep[reading turbo call value]</name>
                    <title>reading turbo call value</title>
                </step>
                <step start="1607445300697" stop="1607445300697" status="passed">
                    <name>logStep[Turbo call Value ::37]</name>
                    <title>Turbo call Value ::37</title>
                </step>
                <step start="1607445300697" stop="1607445300697" status="passed">
                    <name>logStep[double value is::3.0]</name>
                    <title>double value is::3.0</title>
                </step>
                <step start="1607445300697" stop="1607445300697" status="passed">
                    <name>logStep[Expected Value ::3]</name>
                    <title>Expected Value ::3</title>
                </step>
                <step start="1607445300697" stop="1607445300697" status="passed">
                    <name>logStep[PubAd Value ::22]</name>
                    <title>PubAd Value ::22</title>
                </step>
                <step start="1607445300698" stop="1607445300698" status="passed">
                    <name>logStep[Values are  not matched]</name>
                    <title>Values are  not matched</title>
                </step>
                <step start="1607445300698" stop="1607445300698" status="passed">
                    <name>logStep[Result Fail]</name>
                    <title>Result Fail</title>
                </step>
                <step start="1607445301116" stop="1607445301116" status="passed">
                    <name>logStep[Verifing :iu=%2F7646%2Fapp_android_us%2Fdb_display%2Fdetails%2Fhourly Pub Ad Call custParamfltmpc]</name>
                    <title>Verifing :iu=%2F7646%2Fapp_android_us%2Fdb_display%2Fdetails%2Fhourly Pub Ad Call custParamfltmpc</title>
                </step>
                <step start="1607445302909" stop="1607445302909" status="passed">
                    <name>logStep[reading turbo call value]</name>
                    <title>reading turbo call value</title>
                </step>
                <step start="1607445303156" stop="1607445303156" status="passed">
                    <name>logStep[Turbo call Value ::37]</name>
                    <title>Turbo call Value ::37</title>
                </step>
                <step start="1607445303156" stop="1607445303156" status="passed">
                    <name>logStep[double value is::3.0]</name>
                    <title>double value is::3.0</title>
                </step>
                <step start="1607445303156" stop="1607445303156" status="passed">
                    <name>logStep[Expected Value ::3]</name>
                    <title>Expected Value ::3</title>
                </step>
                <step start="1607445303156" stop="1607445303156" status="passed">
                    <name>logStep[PubAd Value ::22]</name>
                    <title>PubAd Value ::22</title>
                </step>
                <step start="1607445303157" stop="1607445303157" status="passed">
                    <name>logStep[Values are  not matched]</name>
                    <title>Values are  not matched</title>
                </step>
                <step start="1607445303157" stop="1607445303157" status="passed">
                    <name>logStep[Result Fail]</name>
                    <title>Result Fail</title>
                </step>
                <step start="1607445303157" stop="1607445303157" status="passed">
                    <name>logStep[fltmpc should not be null]</name>
                    <title>fltmpc should not be null</title>
                </step>
                <step start="1607445303157" stop="1607445303157" status="passed">
                    <name>logStep[fltmpc can be nl]</name>
                    <title>fltmpc can be nl</title>
                </step>
            </steps>
            <attachments/>
            <labels>
                <label name="testSuite" value="Default suite"/>
                <label name="testGroup" value="Default test"/>
                <label name="testClass" value="twc.Regression.TestCases.regressionTestCases"/>
                <label name="testMethod" value="C333232_Verify_cust_param_fltmpc"/>
                <label name="host" value="AswinikumarsMBP.lan"/>
                <label name="thread" value="23739@AswinikumarsMBP.lan.main(1)"/>
            </labels>
        </test-case>
        <test-case start="1607445303170" stop="1607445306639" status="broken">
            <name>C333228_Verify_cust_param_wfxtg</name>
            <title>Verify custom parameter wfxtg</title>
            <failure>
                <message>NullPointerException: null</message>
                <stack-trace>java.lang.NullPointerException
	at twc.Regression.TestCases.Custom_Parameters_Verification.parameters_Verification(Custom_Parameters_Verification.java:313)
	at twc.Regression.TestCases.regressionTestCases.C333228_Verify_cust_param_wfxtg(regressionTestCases.java:795)
	at sun.reflect.NativeMethodAccessorImpl.invoke0(Native Method)
	at sun.reflect.NativeMethodAccessorImpl.invoke(NativeMethodAccessorImpl.java:62)
	at sun.reflect.DelegatingMethodAccessorImpl.invoke(DelegatingMethodAccessorImpl.java:43)
	at java.lang.reflect.Method.invoke(Method.java:498)
	at org.testng.internal.MethodInvocationHelper.invokeMethod(MethodInvocationHelper.java:85)
	at org.testng.internal.Invoker.invokeMethod(Invoker.java:659)
	at org.testng.internal.Invoker.invokeTestMethod(Invoker.java:845)
	at org.testng.internal.Invoker.invokeTestMethods(Invoker.java:1153)
	at org.testng.internal.TestMethodWorker.invokeTestMethods(TestMethodWorker.java:125)
	at org.testng.internal.TestMethodWorker.run(TestMethodWorker.java:108)
	at org.testng.TestRunner.privateRun(TestRunner.java:771)
	at org.testng.TestRunner.run(TestRunner.java:621)
	at org.testng.SuiteRunner.runTest(SuiteRunner.java:357)
	at org.testng.SuiteRunner.runSequentially(SuiteRunner.java:352)
	at org.testng.SuiteRunner.privateRun(SuiteRunner.java:310)
	at org.testng.SuiteRunner.run(SuiteRunner.java:259)
	at org.testng.SuiteRunnerWorker.runSuite(SuiteRunnerWorker.java:52)
	at org.testng.SuiteRunnerWorker.run(SuiteRunnerWorker.java:86)
	at org.testng.TestNG.runSuitesSequentially(TestNG.java:1199)
	at org.testng.TestNG.runSuitesLocally(TestNG.java:1124)
	at org.testng.TestNG.run(TestNG.java:1032)
	at org.testng.remote.AbstractRemoteTestNG.run(AbstractRemoteTestNG.java:115)
	at org.testng.remote.RemoteTestNG.initAndRun(RemoteTestNG.java:251)
	at org.testng.remote.RemoteTestNG.main(RemoteTestNG.java:77)
</stack-trace>
            </failure>
            <steps>
                <step start="1607445303904" stop="1607445303904" status="passed">
                    <name>logStep[Verifing :iu=%2F7646%2Fapp_android_us%2Fdb_display%2Fhome_screen%2Fmarquee Pub Ad Call custParamwfxtg]</name>
                    <title>Verifing :iu=%2F7646%2Fapp_android_us%2Fdb_display%2Fhome_screen%2Fmarquee Pub Ad Call custParamwfxtg</title>
                </step>
                <step start="1607445306638" stop="1607445306638" status="passed">
                    <name>logStep[PubAd wfxtg Data : nl]</name>
                    <title>PubAd wfxtg Data : nl</title>
                </step>
                <step start="1607445306639" stop="1607445306639" status="passed">
                    <name>logStep[WFXTG Call wfxtg Data : 1032,1036,1051,1052,1154,1575,1577,1920,1921,1948,2007,2011,2069,2378,2379,2442,2443,244...]</name>
                    <title>WFXTG Call wfxtg Data : 1032,1036,1051,1052,1154,1575,1577,1920,1921,1948,2007,2011,2069,2378,2379,2442,2443,2444,2445,2...</title>
                </step>
            </steps>
            <attachments/>
            <labels>
                <label name="testSuite" value="Default suite"/>
                <label name="testGroup" value="Default test"/>
                <label name="testClass" value="twc.Regression.TestCases.regressionTestCases"/>
                <label name="testMethod" value="C333228_Verify_cust_param_wfxtg"/>
                <label name="host" value="AswinikumarsMBP.lan"/>
                <label name="thread" value="23739@AswinikumarsMBP.lan.main(1)"/>
            </labels>
        </test-case>
        <test-case start="1607445303170" stop="1607445306639" status="broken">
            <name>C333228_Verify_cust_param_wfxtg</name>
            <title>Verify custom parameter wfxtg</title>
            <failure>
                <message>NullPointerException: null</message>
                <stack-trace>java.lang.NullPointerException
	at twc.Regression.TestCases.Custom_Parameters_Verification.parameters_Verification(Custom_Parameters_Verification.java:313)
	at twc.Regression.TestCases.regressionTestCases.C333228_Verify_cust_param_wfxtg(regressionTestCases.java:795)
	at sun.reflect.NativeMethodAccessorImpl.invoke0(Native Method)
	at sun.reflect.NativeMethodAccessorImpl.invoke(NativeMethodAccessorImpl.java:62)
	at sun.reflect.DelegatingMethodAccessorImpl.invoke(DelegatingMethodAccessorImpl.java:43)
	at java.lang.reflect.Method.invoke(Method.java:498)
	at org.testng.internal.MethodInvocationHelper.invokeMethod(MethodInvocationHelper.java:85)
	at org.testng.internal.Invoker.invokeMethod(Invoker.java:659)
	at org.testng.internal.Invoker.invokeTestMethod(Invoker.java:845)
	at org.testng.internal.Invoker.invokeTestMethods(Invoker.java:1153)
	at org.testng.internal.TestMethodWorker.invokeTestMethods(TestMethodWorker.java:125)
	at org.testng.internal.TestMethodWorker.run(TestMethodWorker.java:108)
	at org.testng.TestRunner.privateRun(TestRunner.java:771)
	at org.testng.TestRunner.run(TestRunner.java:621)
	at org.testng.SuiteRunner.runTest(SuiteRunner.java:357)
	at org.testng.SuiteRunner.runSequentially(SuiteRunner.java:352)
	at org.testng.SuiteRunner.privateRun(SuiteRunner.java:310)
	at org.testng.SuiteRunner.run(SuiteRunner.java:259)
	at org.testng.SuiteRunnerWorker.runSuite(SuiteRunnerWorker.java:52)
	at org.testng.SuiteRunnerWorker.run(SuiteRunnerWorker.java:86)
	at org.testng.TestNG.runSuitesSequentially(TestNG.java:1199)
	at org.testng.TestNG.runSuitesLocally(TestNG.java:1124)
	at org.testng.TestNG.run(TestNG.java:1032)
	at org.testng.remote.AbstractRemoteTestNG.run(AbstractRemoteTestNG.java:115)
	at org.testng.remote.RemoteTestNG.initAndRun(RemoteTestNG.java:251)
	at org.testng.remote.RemoteTestNG.main(RemoteTestNG.java:77)
</stack-trace>
            </failure>
            <steps>
                <step start="1607445303904" stop="1607445303904" status="passed">
                    <name>logStep[Verifing :iu=%2F7646%2Fapp_android_us%2Fdb_display%2Fhome_screen%2Fmarquee Pub Ad Call custParamwfxtg]</name>
                    <title>Verifing :iu=%2F7646%2Fapp_android_us%2Fdb_display%2Fhome_screen%2Fmarquee Pub Ad Call custParamwfxtg</title>
                </step>
                <step start="1607445306638" stop="1607445306638" status="passed">
                    <name>logStep[PubAd wfxtg Data : nl]</name>
                    <title>PubAd wfxtg Data : nl</title>
                </step>
                <step start="1607445306639" stop="1607445306639" status="passed">
                    <name>logStep[WFXTG Call wfxtg Data : 1032,1036,1051,1052,1154,1575,1577,1920,1921,1948,2007,2011,2069,2378,2379,2442,2443,244...]</name>
                    <title>WFXTG Call wfxtg Data : 1032,1036,1051,1052,1154,1575,1577,1920,1921,1948,2007,2011,2069,2378,2379,2442,2443,2444,2445,2...</title>
                </step>
            </steps>
            <attachments/>
            <labels>
                <label name="testSuite" value="Default suite"/>
                <label name="testGroup" value="Default test"/>
                <label name="testClass" value="twc.Regression.TestCases.regressionTestCases"/>
                <label name="testMethod" value="C333228_Verify_cust_param_wfxtg"/>
                <label name="host" value="AswinikumarsMBP.lan"/>
                <label name="thread" value="23739@AswinikumarsMBP.lan.main(1)"/>
            </labels>
        </test-case>
        <test-case start="1607445306641" stop="1607445320101" status="broken">
            <name>Validate_Integrated_FeedCard_StaticAd</name>
            <description type="text">Validating Integrated Feed Card Static Ad i.e. Feed1 Card when app in test mode</description>
            <failure>
                <message>Test was interrupted</message>
            </failure>
            <labels>
                <label name="testSuite" value="Default suite"/>
                <label name="testGroup" value="Default test"/>
                <label name="testClass" value="twc.Regression.TestCases.regressionTestCases"/>
                <label name="testMethod" value="Validate_Integrated_FeedCard_StaticAd"/>
                <label name="host" value="AswinikumarsMBP.lan"/>
                <label name="thread" value="23739@AswinikumarsMBP.lan.main(1)"/>
            </labels>
        </test-case>
        <test-case start="1607445306641" stop="1607445320101" status="broken">
            <name>Validate_Integrated_FeedCard_StaticAd</name>
            <description type="text">Validating Integrated Feed Card Static Ad i.e. Feed1 Card when app in test mode</description>
            <failure>
                <message>Test was interrupted</message>
            </failure>
            <labels>
                <label name="testSuite" value="Default suite"/>
                <label name="testGroup" value="Default test"/>
                <label name="testClass" value="twc.Regression.TestCases.regressionTestCases"/>
                <label name="testMethod" value="Validate_Integrated_FeedCard_StaticAd"/>
                <label name="host" value="AswinikumarsMBP.lan"/>
                <label name="thread" value="23739@AswinikumarsMBP.lan.main(1)"/>
            </labels>
        </test-case>
        <test-case start="1607444065295" stop="1607445320101" status="broken">
            <name>Default suite : Default test</name>
            <title>Default suite : Default test</title>
            <failure>
                <message>Test suite was interrupted, some test cases may be lost</message>
            </failure>
        </test-case>
    </test-cases>
    <labels>
        <label name="framework" value="TestNG"/>
        <label name="language" value="JAVA"/>
    </labels>
</ns2:test-suite>
